<?xml version="1.0" encoding="UTF-8"?>
<coverage generated="1690030012015" clover="3.2.0">
  <project timestamp="1690030012016" name="All files">
    <metrics statements="608" coveredstatements="442" conditionals="212" coveredconditionals="127" methods="107" coveredmethods="81" elements="927" coveredelements="650" complexity="0" loc="608" ncloc="608" packages="3" files="11" classes="11"/>
    <package name="js">
      <metrics statements="6" coveredstatements="4" conditionals="0" coveredconditionals="0" methods="5" coveredmethods="3"/>
      <file name="config.js" path="C:\Users\tzehl\Documents\programming\Gaussian-Elimination-GUI\src\js\config.js">
        <metrics statements="1" coveredstatements="1" conditionals="0" coveredconditionals="0" methods="0" coveredmethods="0"/>
        <line num="1" count="3" type="stmt"/>
      </file>
      <file name="exceptions.js" path="C:\Users\tzehl\Documents\programming\Gaussian-Elimination-GUI\src\js\exceptions.js">
        <metrics statements="5" coveredstatements="3" conditionals="0" coveredconditionals="0" methods="5" coveredmethods="3"/>
        <line num="3" count="1" type="stmt"/>
        <line num="9" count="1" type="stmt"/>
        <line num="15" count="0" type="stmt"/>
        <line num="21" count="5" type="stmt"/>
        <line num="27" count="0" type="stmt"/>
      </file>
    </package>
    <package name="js.intermediate">
      <metrics statements="348" coveredstatements="184" conditionals="117" coveredconditionals="33" methods="55" coveredmethods="31"/>
      <file name="eventlisteners.js" path="C:\Users\tzehl\Documents\programming\Gaussian-Elimination-GUI\src\js\intermediate\eventlisteners.js">
        <metrics statements="47" coveredstatements="43" conditionals="23" coveredconditionals="17" methods="11" coveredmethods="11"/>
        <line num="6" count="4" type="stmt"/>
        <line num="7" count="16" type="stmt"/>
        <line num="8" count="4" type="stmt"/>
        <line num="9" count="4" type="stmt"/>
        <line num="10" count="4" type="cond" truecount="2" falsecount="0"/>
        <line num="11" count="1" type="stmt"/>
        <line num="12" count="3" type="cond" truecount="2" falsecount="0"/>
        <line num="13" count="1" type="stmt"/>
        <line num="14" count="2" type="cond" truecount="2" falsecount="0"/>
        <line num="15" count="1" type="stmt"/>
        <line num="16" count="1" type="cond" truecount="1" falsecount="1"/>
        <line num="17" count="1" type="stmt"/>
        <line num="19" count="4" type="stmt"/>
        <line num="20" count="4" type="stmt"/>
        <line num="21" count="4" type="stmt"/>
        <line num="22" count="4" type="stmt"/>
        <line num="23" count="4" type="stmt"/>
        <line num="24" count="4" type="stmt"/>
        <line num="25" count="4" type="stmt"/>
        <line num="26" count="8" type="stmt"/>
        <line num="27" count="8" type="stmt"/>
        <line num="39" count="1" type="stmt"/>
        <line num="40" count="1" type="stmt"/>
        <line num="41" count="1" type="stmt"/>
        <line num="42" count="1" type="stmt"/>
        <line num="43" count="1" type="stmt"/>
        <line num="44" count="1" type="stmt"/>
        <line num="45" count="1" type="stmt"/>
        <line num="48" count="1" type="stmt"/>
        <line num="62" count="3" type="stmt"/>
        <line num="63" count="3" type="stmt"/>
        <line num="64" count="3" type="stmt"/>
        <line num="65" count="3" type="cond" truecount="1" falsecount="1"/>
        <line num="66" count="3" type="stmt"/>
        <line num="67" count="3" type="stmt"/>
        <line num="68" count="3" type="stmt"/>
        <line num="69" count="6" type="cond" truecount="2" falsecount="0"/>
        <line num="70" count="2" type="stmt"/>
        <line num="71" count="2" type="cond" truecount="1" falsecount="1"/>
        <line num="72" count="0" type="stmt"/>
        <line num="78" count="0" type="stmt"/>
        <line num="83" count="0" type="cond" truecount="0" falsecount="2"/>
        <line num="84" count="0" type="stmt"/>
        <line num="87" count="4" type="cond" truecount="1" falsecount="1"/>
        <line num="88" count="4" type="stmt"/>
        <line num="89" count="4" type="cond" truecount="2" falsecount="0"/>
        <line num="90" count="2" type="stmt"/>
      </file>
      <file name="getElement.js" path="C:\Users\tzehl\Documents\programming\Gaussian-Elimination-GUI\src\js\intermediate\getElement.js">
        <metrics statements="4" coveredstatements="4" conditionals="2" coveredconditionals="2" methods="1" coveredmethods="1"/>
        <line num="8" count="268" type="stmt"/>
        <line num="9" count="268" type="cond" truecount="2" falsecount="0"/>
        <line num="10" count="1" type="stmt"/>
        <line num="12" count="267" type="stmt"/>
      </file>
      <file name="rowoperation.js" path="C:\Users\tzehl\Documents\programming\Gaussian-Elimination-GUI\src\js\intermediate\rowoperation.js">
        <metrics statements="98" coveredstatements="0" conditionals="22" coveredconditionals="0" methods="15" coveredmethods="0"/>
        <line num="6" count="0" type="stmt"/>
        <line num="7" count="0" type="stmt"/>
        <line num="9" count="0" type="stmt"/>
        <line num="10" count="0" type="stmt"/>
        <line num="11" count="0" type="stmt"/>
        <line num="12" count="0" type="stmt"/>
        <line num="13" count="0" type="stmt"/>
        <line num="14" count="0" type="stmt"/>
        <line num="15" count="0" type="stmt"/>
        <line num="16" count="0" type="stmt"/>
        <line num="17" count="0" type="stmt"/>
        <line num="18" count="0" type="stmt"/>
        <line num="20" count="0" type="stmt"/>
        <line num="21" count="0" type="stmt"/>
        <line num="22" count="0" type="stmt"/>
        <line num="23" count="0" type="stmt"/>
        <line num="24" count="0" type="stmt"/>
        <line num="25" count="0" type="stmt"/>
        <line num="26" count="0" type="stmt"/>
        <line num="28" count="0" type="stmt"/>
        <line num="35" count="0" type="stmt"/>
        <line num="39" count="0" type="stmt"/>
        <line num="43" count="0" type="stmt"/>
        <line num="44" count="0" type="stmt"/>
        <line num="45" count="0" type="stmt"/>
        <line num="46" count="0" type="stmt"/>
        <line num="48" count="0" type="stmt"/>
        <line num="52" count="0" type="stmt"/>
        <line num="91" count="0" type="stmt"/>
        <line num="92" count="0" type="cond" truecount="0" falsecount="2"/>
        <line num="93" count="0" type="stmt"/>
        <line num="97" count="0" type="stmt"/>
        <line num="98" count="0" type="stmt"/>
        <line num="99" count="0" type="stmt"/>
        <line num="100" count="0" type="stmt"/>
        <line num="101" count="0" type="stmt"/>
        <line num="108" count="0" type="stmt"/>
        <line num="110" count="0" type="cond" truecount="0" falsecount="2"/>
        <line num="114" count="0" type="stmt"/>
        <line num="119" count="0" type="stmt"/>
        <line num="124" count="0" type="cond" truecount="0" falsecount="2"/>
        <line num="128" count="0" type="stmt"/>
        <line num="129" count="0" type="stmt"/>
        <line num="137" count="0" type="cond" truecount="0" falsecount="2"/>
        <line num="138" count="0" type="stmt"/>
        <line num="139" count="0" type="stmt"/>
        <line num="140" count="0" type="stmt"/>
        <line num="144" count="0" type="stmt"/>
        <line num="145" count="0" type="stmt"/>
        <line num="146" count="0" type="stmt"/>
        <line num="152" count="0" type="stmt"/>
        <line num="155" count="0" type="stmt"/>
        <line num="161" count="0" type="stmt"/>
        <line num="174" count="0" type="stmt"/>
        <line num="175" count="0" type="stmt"/>
        <line num="176" count="0" type="stmt"/>
        <line num="182" count="0" type="stmt"/>
        <line num="183" count="0" type="stmt"/>
        <line num="184" count="0" type="stmt"/>
        <line num="189" count="0" type="stmt"/>
        <line num="192" count="0" type="stmt"/>
        <line num="193" count="0" type="stmt"/>
        <line num="194" count="0" type="stmt"/>
        <line num="196" count="0" type="stmt"/>
        <line num="198" count="0" type="stmt"/>
        <line num="199" count="0" type="stmt"/>
        <line num="200" count="0" type="stmt"/>
        <line num="202" count="0" type="cond" truecount="0" falsecount="2"/>
        <line num="203" count="0" type="stmt"/>
        <line num="205" count="0" type="cond" truecount="0" falsecount="2"/>
        <line num="206" count="0" type="stmt"/>
        <line num="208" count="0" type="cond" truecount="0" falsecount="2"/>
        <line num="209" count="0" type="stmt"/>
        <line num="212" count="0" type="stmt"/>
        <line num="213" count="0" type="stmt"/>
        <line num="215" count="0" type="stmt"/>
        <line num="217" count="0" type="stmt"/>
        <line num="222" count="0" type="stmt"/>
        <line num="224" count="0" type="stmt"/>
        <line num="228" count="0" type="stmt"/>
        <line num="232" count="0" type="stmt"/>
        <line num="233" count="0" type="stmt"/>
        <line num="235" count="0" type="stmt"/>
        <line num="239" count="0" type="stmt"/>
        <line num="240" count="0" type="stmt"/>
        <line num="246" count="0" type="stmt"/>
        <line num="247" count="0" type="stmt"/>
        <line num="250" count="0" type="stmt"/>
        <line num="254" count="0" type="stmt"/>
        <line num="255" count="0" type="cond" truecount="0" falsecount="2"/>
        <line num="256" count="0" type="stmt"/>
        <line num="260" count="0" type="stmt"/>
        <line num="264" count="0" type="stmt"/>
        <line num="266" count="0" type="stmt"/>
        <line num="269" count="0" type="cond" truecount="0" falsecount="2"/>
        <line num="270" count="0" type="stmt"/>
        <line num="271" count="0" type="stmt"/>
        <line num="274" count="0" type="stmt"/>
      </file>
      <file name="table.js" path="C:\Users\tzehl\Documents\programming\Gaussian-Elimination-GUI\src\js\intermediate\table.js">
        <metrics statements="199" coveredstatements="137" conditionals="70" coveredconditionals="14" methods="28" coveredmethods="19"/>
        <line num="15" count="45" type="stmt"/>
        <line num="16" count="45" type="stmt"/>
        <line num="17" count="45" type="stmt"/>
        <line num="18" count="45" type="stmt"/>
        <line num="19" count="45" type="stmt"/>
        <line num="21" count="45" type="cond" truecount="2" falsecount="0"/>
        <line num="22" count="45" type="stmt"/>
        <line num="23" count="45" type="stmt"/>
        <line num="24" count="45" type="stmt"/>
        <line num="25" count="135" type="stmt"/>
        <line num="28" count="45" type="stmt"/>
        <line num="31" count="45" type="stmt"/>
        <line num="32" count="45" type="stmt"/>
        <line num="33" count="45" type="stmt"/>
        <line num="34" count="45" type="stmt"/>
        <line num="35" count="45" type="stmt"/>
        <line num="36" count="45" type="stmt"/>
        <line num="37" count="45" type="stmt"/>
        <line num="38" count="45" type="stmt"/>
        <line num="41" count="45" type="stmt"/>
        <line num="42" count="45" type="stmt"/>
        <line num="43" count="45" type="stmt"/>
        <line num="44" count="45" type="stmt"/>
        <line num="45" count="45" type="stmt"/>
        <line num="47" count="45" type="stmt"/>
        <line num="48" count="45" type="stmt"/>
        <line num="50" count="45" type="stmt"/>
        <line num="51" count="45" type="stmt"/>
        <line num="61" count="26" type="stmt"/>
        <line num="62" count="8" type="stmt"/>
        <line num="64" count="26" type="stmt"/>
        <line num="65" count="20" type="stmt"/>
        <line num="76" count="28" type="stmt"/>
        <line num="77" count="12" type="stmt"/>
        <line num="79" count="28" type="stmt"/>
        <line num="80" count="19" type="stmt"/>
        <line num="92" count="435" type="stmt"/>
        <line num="93" count="435" type="stmt"/>
        <line num="94" count="435" type="stmt"/>
        <line num="95" count="435" type="stmt"/>
        <line num="96" count="435" type="stmt"/>
        <line num="97" count="435" type="stmt"/>
        <line num="99" count="435" type="stmt"/>
        <line num="100" count="435" type="stmt"/>
        <line num="101" count="435" type="stmt"/>
        <line num="102" count="435" type="stmt"/>
        <line num="106" count="0" type="cond" truecount="0" falsecount="2"/>
        <line num="108" count="0" type="stmt"/>
        <line num="109" count="0" type="stmt"/>
        <line num="110" count="0" type="cond" truecount="0" falsecount="2"/>
        <line num="111" count="0" type="stmt"/>
        <line num="113" count="0" type="cond" truecount="0" falsecount="2"/>
        <line num="114" count="0" type="stmt"/>
        <line num="117" count="0" type="stmt"/>
        <line num="118" count="0" type="stmt"/>
        <line num="119" count="0" type="stmt"/>
        <line num="121" count="0" type="stmt"/>
        <line num="128" count="2" type="cond" truecount="1" falsecount="1"/>
        <line num="129" count="0" type="stmt"/>
        <line num="132" count="2" type="stmt"/>
        <line num="133" count="2" type="stmt"/>
        <line num="135" count="2" type="cond" truecount="1" falsecount="1"/>
        <line num="136" count="0" type="stmt"/>
        <line num="137" count="0" type="stmt"/>
        <line num="138" count="0" type="stmt"/>
        <line num="141" count="0" type="stmt"/>
        <line num="143" count="2" type="stmt"/>
        <line num="144" count="10" type="stmt"/>
        <line num="145" count="10" type="stmt"/>
        <line num="147" count="10" type="stmt"/>
        <line num="149" count="10" type="stmt"/>
        <line num="150" count="10" type="stmt"/>
        <line num="151" count="10" type="stmt"/>
        <line num="154" count="10" type="stmt"/>
        <line num="157" count="2" type="stmt"/>
        <line num="170" count="139" type="stmt"/>
        <line num="171" count="139" type="stmt"/>
        <line num="172" count="139" type="stmt"/>
        <line num="174" count="139" type="stmt"/>
        <line num="175" count="417" type="stmt"/>
        <line num="176" count="417" type="stmt"/>
        <line num="179" count="139" type="stmt"/>
        <line num="180" count="139" type="stmt"/>
        <line num="190" count="8" type="stmt"/>
        <line num="191" count="8" type="stmt"/>
        <line num="192" count="18" type="stmt"/>
        <line num="193" count="18" type="stmt"/>
        <line num="198" count="0" type="stmt"/>
        <line num="204" count="0" type="cond" truecount="0" falsecount="2"/>
        <line num="205" count="0" type="stmt"/>
        <line num="214" count="0" type="cond" truecount="0" falsecount="2"/>
        <line num="215" count="0" type="stmt"/>
        <line num="224" count="0" type="cond" truecount="0" falsecount="2"/>
        <line num="225" count="0" type="stmt"/>
        <line num="234" count="0" type="cond" truecount="0" falsecount="2"/>
        <line num="235" count="0" type="stmt"/>
        <line num="241" count="0" type="stmt"/>
        <line num="242" count="0" type="stmt"/>
        <line num="243" count="0" type="stmt"/>
        <line num="244" count="0" type="stmt"/>
        <line num="245" count="0" type="stmt"/>
        <line num="246" count="0" type="cond" truecount="0" falsecount="2"/>
        <line num="247" count="0" type="stmt"/>
        <line num="249" count="0" type="stmt"/>
        <line num="260" count="19" type="stmt"/>
        <line num="261" count="19" type="stmt"/>
        <line num="270" count="18" type="stmt"/>
        <line num="271" count="18" type="stmt"/>
        <line num="272" count="33" type="stmt"/>
        <line num="283" count="22" type="cond" truecount="1" falsecount="1"/>
        <line num="284" count="0" type="stmt"/>
        <line num="288" count="22" type="stmt"/>
        <line num="289" count="22" type="stmt"/>
        <line num="291" count="22" type="stmt"/>
        <line num="292" count="22" type="stmt"/>
        <line num="293" count="46" type="stmt"/>
        <line num="294" count="106" type="stmt"/>
        <line num="295" count="106" type="stmt"/>
        <line num="306" count="1" type="stmt"/>
        <line num="307" count="3" type="stmt"/>
        <line num="308" count="3" type="stmt"/>
        <line num="318" count="9" type="cond" truecount="1" falsecount="1"/>
        <line num="319" count="0" type="stmt"/>
        <line num="321" count="9" type="stmt"/>
        <line num="322" count="9" type="stmt"/>
        <line num="323" count="18" type="stmt"/>
        <line num="324" count="18" type="stmt"/>
        <line num="325" count="44" type="stmt"/>
        <line num="326" count="44" type="stmt"/>
        <line num="327" count="44" type="stmt"/>
        <line num="328" count="44" type="stmt"/>
        <line num="330" count="18" type="stmt"/>
        <line num="332" count="9" type="stmt"/>
        <line num="333" count="9" type="stmt"/>
        <line num="340" count="2" type="stmt"/>
        <line num="341" count="2" type="stmt"/>
        <line num="342" count="6" type="stmt"/>
        <line num="343" count="18" type="stmt"/>
        <line num="344" count="18" type="stmt"/>
        <line num="353" count="1" type="stmt"/>
        <line num="354" count="1" type="stmt"/>
        <line num="355" count="3" type="stmt"/>
        <line num="356" count="9" type="stmt"/>
        <line num="357" count="9" type="stmt"/>
        <line num="364" count="0" type="cond" truecount="0" falsecount="2"/>
        <line num="365" count="0" type="stmt"/>
        <line num="367" count="0" type="stmt"/>
        <line num="375" count="2" type="stmt"/>
        <line num="376" count="2" type="stmt"/>
        <line num="377" count="6" type="stmt"/>
        <line num="378" count="18" type="stmt"/>
        <line num="379" count="18" type="stmt"/>
        <line num="380" count="18" type="stmt"/>
        <line num="381" count="18" type="stmt"/>
        <line num="390" count="1" type="cond" truecount="1" falsecount="1"/>
        <line num="391" count="1" type="stmt"/>
        <line num="392" count="1" type="stmt"/>
        <line num="394" count="0" type="stmt"/>
        <line num="395" count="0" type="stmt"/>
        <line num="396" count="0" type="stmt"/>
        <line num="397" count="0" type="stmt"/>
        <line num="398" count="0" type="stmt"/>
        <line num="399" count="0" type="stmt"/>
        <line num="411" count="1" type="stmt"/>
        <line num="413" count="1" type="stmt"/>
        <line num="414" count="1" type="stmt"/>
        <line num="415" count="1" type="stmt"/>
        <line num="416" count="1" type="stmt"/>
        <line num="417" count="1" type="stmt"/>
        <line num="418" count="1" type="stmt"/>
        <line num="420" count="1" type="cond" truecount="1" falsecount="1"/>
        <line num="421" count="1" type="stmt"/>
        <line num="422" count="1" type="stmt"/>
        <line num="423" count="1" type="stmt"/>
        <line num="424" count="1" type="stmt"/>
        <line num="427" count="1" type="cond" truecount="2" falsecount="2"/>
        <line num="428" count="0" type="stmt"/>
        <line num="429" count="1" type="cond" truecount="3" falsecount="1"/>
        <line num="430" count="1" type="stmt"/>
        <line num="431" count="0" type="cond" truecount="0" falsecount="4"/>
        <line num="432" count="0" type="stmt"/>
        <line num="433" count="0" type="cond" truecount="0" falsecount="2"/>
        <line num="437" count="0" type="stmt"/>
        <line num="438" count="0" type="cond" truecount="0" falsecount="2"/>
        <line num="443" count="0" type="stmt"/>
        <line num="444" count="0" type="stmt"/>
        <line num="445" count="0" type="cond" truecount="0" falsecount="2"/>
        <line num="450" count="0" type="stmt"/>
        <line num="451" count="0" type="stmt"/>
        <line num="452" count="0" type="cond" truecount="0" falsecount="2"/>
        <line num="457" count="0" type="stmt"/>
        <line num="458" count="0" type="stmt"/>
        <line num="459" count="0" type="cond" truecount="0" falsecount="2"/>
        <line num="464" count="0" type="stmt"/>
        <line num="465" count="0" type="stmt"/>
        <line num="467" count="0" type="stmt"/>
        <line num="470" count="1" type="stmt"/>
        <line num="471" count="1" type="stmt"/>
        <line num="472" count="1" type="stmt"/>
      </file>
    </package>
    <package name="js.logic">
      <metrics statements="254" coveredstatements="254" conditionals="95" coveredconditionals="94" methods="47" coveredmethods="47"/>
      <file name="equationParser.js" path="C:\Users\tzehl\Documents\programming\Gaussian-Elimination-GUI\src\js\logic\equationParser.js">
        <metrics statements="36" coveredstatements="36" conditionals="23" coveredconditionals="22" methods="6" coveredmethods="6"/>
        <line num="4" count="1" type="stmt"/>
        <line num="5" count="3" type="stmt"/>
        <line num="6" count="1" type="stmt"/>
        <line num="7" count="2" type="stmt"/>
        <line num="12" count="6" type="cond" truecount="2" falsecount="0"/>
        <line num="19" count="1" type="stmt"/>
        <line num="23" count="5" type="stmt"/>
        <line num="28" count="5" type="stmt"/>
        <line num="31" count="31" type="stmt"/>
        <line num="33" count="5" type="stmt"/>
        <line num="34" count="19" type="cond" truecount="4" falsecount="0"/>
        <line num="35" count="2" type="stmt"/>
        <line num="36" count="2" type="stmt"/>
        <line num="39" count="17" type="cond" truecount="2" falsecount="0"/>
        <line num="40" count="1" type="stmt"/>
        <line num="41" count="1" type="stmt"/>
        <line num="42" count="16" type="cond" truecount="2" falsecount="0"/>
        <line num="43" count="8" type="stmt"/>
        <line num="50" count="6" type="stmt"/>
        <line num="51" count="6" type="cond" truecount="2" falsecount="0"/>
        <line num="52" count="1" type="stmt"/>
        <line num="53" count="1" type="stmt"/>
        <line num="56" count="1" type="stmt"/>
        <line num="64" count="6" type="stmt"/>
        <line num="65" count="6" type="cond" truecount="2" falsecount="0"/>
        <line num="67" count="2" type="stmt"/>
        <line num="72" count="2" type="stmt"/>
        <line num="74" count="2" type="stmt"/>
        <line num="79" count="6" type="stmt"/>
        <line num="80" count="4" type="cond" truecount="3" falsecount="1"/>
        <line num="82" count="4" type="stmt"/>
        <line num="87" count="4" type="stmt"/>
        <line num="89" count="4" type="stmt"/>
        <line num="93" count="6" type="stmt"/>
        <line num="95" count="5" type="stmt"/>
        <line num="96" count="5" type="stmt"/>
      </file>
      <file name="fraction.js" path="C:\Users\tzehl\Documents\programming\Gaussian-Elimination-GUI\src\js\logic\fraction.js">
        <metrics statements="74" coveredstatements="74" conditionals="31" coveredconditionals="31" methods="16" coveredmethods="16"/>
        <line num="19" count="1814" type="stmt"/>
        <line num="20" count="1814" type="stmt"/>
        <line num="32" count="10" type="stmt"/>
        <line num="41" count="112" type="cond" truecount="2" falsecount="0"/>
        <line num="42" count="1" type="stmt"/>
        <line num="45" count="111" type="cond" truecount="2" falsecount="0"/>
        <line num="46" count="2" type="stmt"/>
        <line num="48" count="109" type="stmt"/>
        <line num="58" count="17" type="cond" truecount="2" falsecount="0"/>
        <line num="59" count="1" type="stmt"/>
        <line num="61" count="16" type="stmt"/>
        <line num="73" count="293" type="stmt"/>
        <line num="75" count="293" type="stmt"/>
        <line num="76" count="293" type="stmt"/>
        <line num="77" count="293" type="stmt"/>
        <line num="78" count="293" type="stmt"/>
        <line num="88" count="2" type="stmt"/>
        <line num="92" count="2" type="stmt"/>
        <line num="102" count="15" type="stmt"/>
        <line num="116" count="118" type="cond" truecount="4" falsecount="0"/>
        <line num="117" count="26" type="stmt"/>
        <line num="119" count="92" type="stmt"/>
        <line num="120" count="92" type="stmt"/>
        <line num="121" count="92" type="stmt"/>
        <line num="132" count="30" type="stmt"/>
        <line num="149" count="571" type="cond" truecount="2" falsecount="0"/>
        <line num="150" count="93" type="stmt"/>
        <line num="153" count="478" type="cond" truecount="2" falsecount="0"/>
        <line num="154" count="1" type="stmt"/>
        <line num="156" count="477" type="stmt"/>
        <line num="157" count="477" type="stmt"/>
        <line num="159" count="477" type="stmt"/>
        <line num="160" count="477" type="stmt"/>
        <line num="161" count="477" type="stmt"/>
        <line num="171" count="1" type="stmt"/>
        <line num="180" count="1222" type="stmt"/>
        <line num="181" count="1222" type="stmt"/>
        <line num="182" count="1222" type="stmt"/>
        <line num="183" count="2458" type="stmt"/>
        <line num="184" count="2458" type="stmt"/>
        <line num="185" count="2458" type="stmt"/>
        <line num="187" count="1222" type="stmt"/>
        <line num="198" count="1222" type="stmt"/>
        <line num="199" count="1222" type="stmt"/>
        <line num="200" count="1222" type="stmt"/>
        <line num="203" count="1222" type="cond" truecount="2" falsecount="0"/>
        <line num="204" count="120" type="stmt"/>
        <line num="205" count="120" type="stmt"/>
        <line num="208" count="1222" type="stmt"/>
        <line num="217" count="19" type="stmt"/>
        <line num="229" count="7" type="stmt"/>
        <line num="236" count="7" type="stmt"/>
        <line num="243" count="7" type="stmt"/>
        <line num="264" count="69" type="cond" truecount="2" falsecount="0"/>
        <line num="266" count="7" type="stmt"/>
        <line num="269" count="62" type="cond" truecount="2" falsecount="0"/>
        <line num="271" count="57" type="stmt"/>
        <line num="272" count="57" type="stmt"/>
        <line num="273" count="57" type="stmt"/>
        <line num="275" count="57" type="cond" truecount="2" falsecount="0"/>
        <line num="276" count="1" type="stmt"/>
        <line num="278" count="5" type="cond" truecount="4" falsecount="0"/>
        <line num="280" count="2" type="stmt"/>
        <line num="282" count="2" type="stmt"/>
        <line num="284" count="2" type="stmt"/>
        <line num="285" count="2" type="stmt"/>
        <line num="286" count="2" type="stmt"/>
        <line num="288" count="3" type="cond" truecount="2" falsecount="0"/>
        <line num="290" count="2" type="stmt"/>
        <line num="291" count="2" type="stmt"/>
        <line num="293" count="1" type="stmt"/>
        <line num="296" count="60" type="stmt"/>
        <line num="297" count="60" type="stmt"/>
        <line num="298" count="60" type="stmt"/>
      </file>
      <file name="gaussalgorithm.js" path="C:\Users\tzehl\Documents\programming\Gaussian-Elimination-GUI\src\js\logic\gaussalgorithm.js">
        <metrics statements="18" coveredstatements="18" conditionals="7" coveredconditionals="7" methods="1" coveredmethods="1"/>
        <line num="11" count="6" type="cond" truecount="2" falsecount="0"/>
        <line num="12" count="1" type="stmt"/>
        <line num="15" count="5" type="stmt"/>
        <line num="16" count="15" type="stmt"/>
        <line num="19" count="15" type="stmt"/>
        <line num="20" count="15" type="stmt"/>
        <line num="23" count="15" type="stmt"/>
        <line num="24" count="15" type="stmt"/>
        <line num="25" count="15" type="stmt"/>
        <line num="28" count="15" type="stmt"/>
        <line num="29" count="45" type="cond" truecount="2" falsecount="0"/>
        <line num="30" count="15" type="stmt"/>
        <line num="32" count="30" type="stmt"/>
        <line num="33" count="30" type="stmt"/>
        <line num="34" count="30" type="stmt"/>
        <line num="38" count="5" type="cond" truecount="2" falsecount="0"/>
        <line num="39" count="4" type="stmt"/>
        <line num="41" count="1" type="stmt"/>
      </file>
      <file name="generateExercise.js" path="C:\Users\tzehl\Documents\programming\Gaussian-Elimination-GUI\src\js\logic\generateExercise.js">
        <metrics statements="11" coveredstatements="11" conditionals="0" coveredconditionals="0" methods="2" coveredmethods="2"/>
        <line num="7" count="1" type="stmt"/>
        <line num="8" count="1" type="stmt"/>
        <line num="9" count="1" type="stmt"/>
        <line num="10" count="1" type="stmt"/>
        <line num="12" count="1" type="stmt"/>
        <line num="16" count="1" type="stmt"/>
        <line num="17" count="1" type="stmt"/>
        <line num="18" count="3" type="stmt"/>
        <line num="19" count="3" type="stmt"/>
        <line num="20" count="9" type="stmt"/>
        <line num="25" count="1" type="stmt"/>
      </file>
      <file name="matrix.js" path="C:\Users\tzehl\Documents\programming\Gaussian-Elimination-GUI\src\js\logic\matrix.js">
        <metrics statements="115" coveredstatements="115" conditionals="34" coveredconditionals="34" methods="22" coveredmethods="22"/>
        <line num="18" count="311" type="stmt"/>
        <line num="19" count="311" type="stmt"/>
        <line num="20" count="311" type="stmt"/>
        <line num="24" count="7" type="cond" truecount="2" falsecount="0"/>
        <line num="28" count="7" type="stmt"/>
        <line num="32" count="17" type="cond" truecount="2" falsecount="0"/>
        <line num="36" count="1" type="stmt"/>
        <line num="38" count="16" type="stmt"/>
        <line num="39" count="40" type="stmt"/>
        <line num="40" count="110" type="cond" truecount="2" falsecount="0"/>
        <line num="41" count="1" type="stmt"/>
        <line num="45" count="15" type="stmt"/>
        <line num="53" count="1" type="stmt"/>
        <line num="54" count="1" type="stmt"/>
        <line num="55" count="3" type="stmt"/>
        <line num="56" count="3" type="stmt"/>
        <line num="57" count="9" type="stmt"/>
        <line num="60" count="1" type="stmt"/>
        <line num="70" count="1053" type="stmt"/>
        <line num="79" count="3" type="cond" truecount="2" falsecount="0"/>
        <line num="83" count="1" type="stmt"/>
        <line num="85" count="2" type="stmt"/>
        <line num="86" count="2" type="stmt"/>
        <line num="87" count="6" type="stmt"/>
        <line num="88" count="6" type="stmt"/>
        <line num="89" count="18" type="stmt"/>
        <line num="92" count="2" type="stmt"/>
        <line num="99" count="1" type="stmt"/>
        <line num="100" count="1" type="stmt"/>
        <line num="114" count="68" type="cond" truecount="2" falsecount="0"/>
        <line num="115" count="63" type="stmt"/>
        <line num="116" count="5" type="cond" truecount="2" falsecount="0"/>
        <line num="117" count="3" type="stmt"/>
        <line num="118" count="2" type="cond" truecount="2" falsecount="0"/>
        <line num="119" count="1" type="stmt"/>
        <line num="121" count="1" type="stmt"/>
        <line num="133" count="15" type="stmt"/>
        <line num="134" count="15" type="stmt"/>
        <line num="135" count="15" type="stmt"/>
        <line num="136" count="15" type="stmt"/>
        <line num="137" count="15" type="cond" truecount="2" falsecount="0"/>
        <line num="138" count="6" type="stmt"/>
        <line num="139" count="6" type="stmt"/>
        <line num="143" count="15" type="stmt"/>
        <line num="156" count="3" type="cond" truecount="2" falsecount="0"/>
        <line num="158" count="1" type="stmt"/>
        <line num="160" count="2" type="stmt"/>
        <line num="161" count="2" type="stmt"/>
        <line num="162" count="5" type="stmt"/>
        <line num="163" count="5" type="stmt"/>
        <line num="164" count="13" type="stmt"/>
        <line num="165" count="13" type="stmt"/>
        <line num="166" count="35" type="stmt"/>
        <line num="168" count="13" type="stmt"/>
        <line num="171" count="2" type="stmt"/>
        <line num="180" count="1" type="stmt"/>
        <line num="182" count="1" type="stmt"/>
        <line num="183" count="3" type="stmt"/>
        <line num="184" count="3" type="stmt"/>
        <line num="185" count="9" type="stmt"/>
        <line num="189" count="1" type="stmt"/>
        <line num="200" count="30" type="stmt"/>
        <line num="201" count="30" type="stmt"/>
        <line num="202" count="30" type="stmt"/>
        <line num="203" count="30" type="stmt"/>
        <line num="212" count="62" type="stmt"/>
        <line num="213" count="62" type="stmt"/>
        <line num="223" count="1" type="stmt"/>
        <line num="224" count="1" type="stmt"/>
        <line num="225" count="3" type="stmt"/>
        <line num="227" count="1" type="stmt"/>
        <line num="238" count="61" type="stmt"/>
        <line num="239" count="171" type="stmt"/>
        <line num="244" count="61" type="stmt"/>
        <line num="272" count="30" type="stmt"/>
        <line num="273" count="84" type="stmt"/>
        <line num="275" count="30" type="stmt"/>
        <line num="285" count="64" type="stmt"/>
        <line num="286" count="64" type="stmt"/>
        <line num="287" count="70" type="stmt"/>
        <line num="288" count="70" type="stmt"/>
        <line num="289" count="197" type="stmt"/>
        <line num="292" count="64" type="stmt"/>
        <line num="303" count="70" type="cond" truecount="4" falsecount="0"/>
        <line num="304" count="42" type="stmt"/>
        <line num="307" count="28" type="stmt"/>
        <line num="308" count="28" type="stmt"/>
        <line num="309" count="28" type="stmt"/>
        <line num="310" count="63" type="cond" truecount="2" falsecount="0"/>
        <line num="311" count="63" type="stmt"/>
        <line num="312" count="63" type="stmt"/>
        <line num="313" count="63" type="stmt"/>
        <line num="314" count="63" type="stmt"/>
        <line num="319" count="28" type="stmt"/>
        <line num="331" count="63" type="stmt"/>
        <line num="332" count="63" type="stmt"/>
        <line num="333" count="147" type="cond" truecount="2" falsecount="0"/>
        <line num="334" count="63" type="stmt"/>
        <line num="336" count="84" type="stmt"/>
        <line num="337" count="84" type="stmt"/>
        <line num="338" count="210" type="cond" truecount="2" falsecount="0"/>
        <line num="339" count="84" type="stmt"/>
        <line num="341" count="126" type="stmt"/>
        <line num="344" count="63" type="stmt"/>
        <line num="353" count="1" type="stmt"/>
        <line num="354" count="3" type="stmt"/>
        <line num="356" count="1" type="stmt"/>
        <line num="387" count="9" type="stmt"/>
        <line num="388" count="9" type="stmt"/>
        <line num="389" count="27" type="stmt"/>
        <line num="390" count="27" type="stmt"/>
        <line num="391" count="81" type="cond" truecount="2" falsecount="0"/>
        <line num="392" count="27" type="stmt"/>
        <line num="394" count="54" type="stmt"/>
        <line num="398" count="9" type="stmt"/>
      </file>
    </package>
  </project>
</coverage>
