{"C:\\Users\\tzehl\\Documents\\programming\\Gaussian-Elimination-GUI\\src\\js\\config.js": {"path":"C:\\Users\\tzehl\\Documents\\programming\\Gaussian-Elimination-GUI\\src\\js\\config.js","statementMap":{"0":{"start":{"line":1,"column":28},"end":{"line":9,"column":1}}},"fnMap":{},"branchMap":{},"s":{"0":3},"f":{},"b":{},"_coverageSchema":"1a1c01bbd47fc00a2c39e90264f33305004495a9","hash":"584697e7d20e8a9280db7ab19c98343035e37c93"}
,"C:\\Users\\tzehl\\Documents\\programming\\Gaussian-Elimination-GUI\\src\\js\\exceptions.js": {"path":"C:\\Users\\tzehl\\Documents\\programming\\Gaussian-Elimination-GUI\\src\\js\\exceptions.js","statementMap":{"0":{"start":{"line":3,"column":8},"end":{"line":3,"column":32}},"1":{"start":{"line":9,"column":8},"end":{"line":9,"column":38}},"2":{"start":{"line":15,"column":8},"end":{"line":15,"column":44}},"3":{"start":{"line":21,"column":8},"end":{"line":21,"column":31}},"4":{"start":{"line":27,"column":8},"end":{"line":27,"column":39}}},"fnMap":{"0":{"name":"(anonymous_0)","decl":{"start":{"line":2,"column":4},"end":{"line":2,"column":5}},"loc":{"start":{"line":2,"column":18},"end":{"line":4,"column":5}},"line":2},"1":{"name":"(anonymous_1)","decl":{"start":{"line":8,"column":4},"end":{"line":8,"column":5}},"loc":{"start":{"line":8,"column":18},"end":{"line":10,"column":5}},"line":8},"2":{"name":"(anonymous_2)","decl":{"start":{"line":14,"column":4},"end":{"line":14,"column":5}},"loc":{"start":{"line":14,"column":18},"end":{"line":16,"column":5}},"line":14},"3":{"name":"(anonymous_3)","decl":{"start":{"line":20,"column":4},"end":{"line":20,"column":5}},"loc":{"start":{"line":20,"column":18},"end":{"line":22,"column":5}},"line":20},"4":{"name":"(anonymous_4)","decl":{"start":{"line":26,"column":4},"end":{"line":26,"column":5}},"loc":{"start":{"line":26,"column":18},"end":{"line":28,"column":5}},"line":26}},"branchMap":{},"s":{"0":1,"1":1,"2":0,"3":5,"4":0},"f":{"0":1,"1":1,"2":0,"3":5,"4":0},"b":{},"_coverageSchema":"1a1c01bbd47fc00a2c39e90264f33305004495a9","hash":"0ab4037380377c6f5a1935687b60125ea4f8c3dd"}
,"C:\\Users\\tzehl\\Documents\\programming\\Gaussian-Elimination-GUI\\src\\js\\intermediate\\eventlisteners.js": {"path":"C:\\Users\\tzehl\\Documents\\programming\\Gaussian-Elimination-GUI\\src\\js\\intermediate\\eventlisteners.js","statementMap":{"0":{"start":{"line":6,"column":4},"end":{"line":30,"column":7}},"1":{"start":{"line":7,"column":8},"end":{"line":29,"column":11}},"2":{"start":{"line":8,"column":24},"end":{"line":8,"column":62}},"3":{"start":{"line":9,"column":24},"end":{"line":9,"column":62}},"4":{"start":{"line":10,"column":12},"end":{"line":18,"column":13}},"5":{"start":{"line":11,"column":16},"end":{"line":11,"column":24}},"6":{"start":{"line":12,"column":19},"end":{"line":18,"column":13}},"7":{"start":{"line":13,"column":16},"end":{"line":13,"column":24}},"8":{"start":{"line":14,"column":19},"end":{"line":18,"column":13}},"9":{"start":{"line":15,"column":16},"end":{"line":15,"column":24}},"10":{"start":{"line":16,"column":19},"end":{"line":18,"column":13}},"11":{"start":{"line":17,"column":16},"end":{"line":17,"column":24}},"12":{"start":{"line":19,"column":12},"end":{"line":19,"column":58}},"13":{"start":{"line":20,"column":12},"end":{"line":20,"column":61}},"14":{"start":{"line":21,"column":12},"end":{"line":21,"column":58}},"15":{"start":{"line":22,"column":12},"end":{"line":22,"column":61}},"16":{"start":{"line":23,"column":12},"end":{"line":23,"column":51}},"17":{"start":{"line":24,"column":12},"end":{"line":24,"column":51}},"18":{"start":{"line":25,"column":12},"end":{"line":28,"column":15}},"19":{"start":{"line":26,"column":16},"end":{"line":26,"column":38}},"20":{"start":{"line":27,"column":16},"end":{"line":27,"column":41}},"21":{"start":{"line":39,"column":17},"end":{"line":39,"column":34}},"22":{"start":{"line":40,"column":4},"end":{"line":51,"column":7}},"23":{"start":{"line":41,"column":8},"end":{"line":50,"column":9}},"24":{"start":{"line":42,"column":32},"end":{"line":42,"column":73}},"25":{"start":{"line":42,"column":57},"end":{"line":42,"column":72}},"26":{"start":{"line":43,"column":33},"end":{"line":43,"column":60}},"27":{"start":{"line":44,"column":12},"end":{"line":46,"column":14}},"28":{"start":{"line":45,"column":16},"end":{"line":45,"column":52}},"29":{"start":{"line":48,"column":12},"end":{"line":48,"column":31}},"30":{"start":{"line":49,"column":12},"end":{"line":49,"column":25}},"31":{"start":{"line":63,"column":16},"end":{"line":63,"column":48}},"32":{"start":{"line":64,"column":4},"end":{"line":95,"column":7}},"33":{"start":{"line":65,"column":8},"end":{"line":65,"column":72}},"34":{"start":{"line":66,"column":18},"end":{"line":66,"column":57}},"35":{"start":{"line":67,"column":8},"end":{"line":67,"column":55}},"36":{"start":{"line":68,"column":30},"end":{"line":68,"column":44}},"37":{"start":{"line":69,"column":8},"end":{"line":94,"column":11}},"38":{"start":{"line":70,"column":12},"end":{"line":93,"column":13}},"39":{"start":{"line":71,"column":16},"end":{"line":71,"column":48}},"40":{"start":{"line":72,"column":16},"end":{"line":87,"column":17}},"41":{"start":{"line":73,"column":20},"end":{"line":77,"column":22}},"42":{"start":{"line":79,"column":20},"end":{"line":83,"column":22}},"43":{"start":{"line":84,"column":20},"end":{"line":86,"column":21}},"44":{"start":{"line":85,"column":24},"end":{"line":85,"column":64}},"45":{"start":{"line":88,"column":19},"end":{"line":93,"column":13}},"46":{"start":{"line":89,"column":16},"end":{"line":89,"column":51}},"47":{"start":{"line":90,"column":16},"end":{"line":92,"column":17}},"48":{"start":{"line":91,"column":20},"end":{"line":91,"column":61}}},"fnMap":{"0":{"name":"modifyDimListener","decl":{"start":{"line":5,"column":16},"end":{"line":5,"column":33}},"loc":{"start":{"line":5,"column":42},"end":{"line":31,"column":1}},"line":5},"1":{"name":"(anonymous_1)","decl":{"start":{"line":6,"column":59},"end":{"line":6,"column":60}},"loc":{"start":{"line":6,"column":64},"end":{"line":30,"column":5}},"line":6},"2":{"name":"(anonymous_2)","decl":{"start":{"line":7,"column":45},"end":{"line":7,"column":46}},"loc":{"start":{"line":7,"column":51},"end":{"line":29,"column":9}},"line":7},"3":{"name":"(anonymous_3)","decl":{"start":{"line":25,"column":27},"end":{"line":25,"column":28}},"loc":{"start":{"line":25,"column":36},"end":{"line":28,"column":13}},"line":25},"4":{"name":"setEventListenerFunction","decl":{"start":{"line":33,"column":16},"end":{"line":33,"column":40}},"loc":{"start":{"line":38,"column":2},"end":{"line":52,"column":1}},"line":38},"5":{"name":"(anonymous_5)","decl":{"start":{"line":40,"column":37},"end":{"line":40,"column":38}},"loc":{"start":{"line":40,"column":43},"end":{"line":51,"column":5}},"line":40},"6":{"name":"(anonymous_6)","decl":{"start":{"line":42,"column":48},"end":{"line":42,"column":49}},"loc":{"start":{"line":42,"column":57},"end":{"line":42,"column":72}},"line":42},"7":{"name":"(anonymous_7)","decl":{"start":{"line":44,"column":33},"end":{"line":44,"column":34}},"loc":{"start":{"line":45,"column":16},"end":{"line":45,"column":52}},"line":45},"8":{"name":"listenTableDimension","decl":{"start":{"line":54,"column":16},"end":{"line":54,"column":36}},"loc":{"start":{"line":62,"column":2},"end":{"line":96,"column":1}},"line":62},"9":{"name":"(anonymous_9)","decl":{"start":{"line":64,"column":36},"end":{"line":64,"column":37}},"loc":{"start":{"line":64,"column":41},"end":{"line":95,"column":5}},"line":64},"10":{"name":"(anonymous_10)","decl":{"start":{"line":69,"column":23},"end":{"line":69,"column":24}},"loc":{"start":{"line":69,"column":32},"end":{"line":94,"column":9}},"line":69}},"branchMap":{"0":{"loc":{"start":{"line":10,"column":12},"end":{"line":18,"column":13}},"type":"if","locations":[{"start":{"line":10,"column":12},"end":{"line":18,"column":13}},{"start":{"line":12,"column":19},"end":{"line":18,"column":13}}],"line":10},"1":{"loc":{"start":{"line":12,"column":19},"end":{"line":18,"column":13}},"type":"if","locations":[{"start":{"line":12,"column":19},"end":{"line":18,"column":13}},{"start":{"line":14,"column":19},"end":{"line":18,"column":13}}],"line":12},"2":{"loc":{"start":{"line":14,"column":19},"end":{"line":18,"column":13}},"type":"if","locations":[{"start":{"line":14,"column":19},"end":{"line":18,"column":13}},{"start":{"line":16,"column":19},"end":{"line":18,"column":13}}],"line":14},"3":{"loc":{"start":{"line":16,"column":19},"end":{"line":18,"column":13}},"type":"if","locations":[{"start":{"line":16,"column":19},"end":{"line":18,"column":13}},{"start":{},"end":{}}],"line":16},"4":{"loc":{"start":{"line":59,"column":4},"end":{"line":59,"column":24}},"type":"default-arg","locations":[{"start":{"line":59,"column":19},"end":{"line":59,"column":24}}],"line":59},"5":{"loc":{"start":{"line":60,"column":4},"end":{"line":60,"column":23}},"type":"default-arg","locations":[{"start":{"line":60,"column":19},"end":{"line":60,"column":23}}],"line":60},"6":{"loc":{"start":{"line":61,"column":4},"end":{"line":61,"column":26}},"type":"default-arg","locations":[{"start":{"line":61,"column":21},"end":{"line":61,"column":26}}],"line":61},"7":{"loc":{"start":{"line":66,"column":18},"end":{"line":66,"column":57}},"type":"cond-expr","locations":[{"start":{"line":66,"column":33},"end":{"line":66,"column":34}},{"start":{"line":66,"column":37},"end":{"line":66,"column":57}}],"line":66},"8":{"loc":{"start":{"line":70,"column":12},"end":{"line":93,"column":13}},"type":"if","locations":[{"start":{"line":70,"column":12},"end":{"line":93,"column":13}},{"start":{"line":88,"column":19},"end":{"line":93,"column":13}}],"line":70},"9":{"loc":{"start":{"line":72,"column":16},"end":{"line":87,"column":17}},"type":"if","locations":[{"start":{"line":72,"column":16},"end":{"line":87,"column":17}},{"start":{},"end":{}}],"line":72},"10":{"loc":{"start":{"line":84,"column":20},"end":{"line":86,"column":21}},"type":"if","locations":[{"start":{"line":84,"column":20},"end":{"line":86,"column":21}},{"start":{},"end":{}}],"line":84},"11":{"loc":{"start":{"line":88,"column":19},"end":{"line":93,"column":13}},"type":"if","locations":[{"start":{"line":88,"column":19},"end":{"line":93,"column":13}},{"start":{},"end":{}}],"line":88},"12":{"loc":{"start":{"line":90,"column":16},"end":{"line":92,"column":17}},"type":"if","locations":[{"start":{"line":90,"column":16},"end":{"line":92,"column":17}},{"start":{},"end":{}}],"line":90}},"s":{"0":4,"1":16,"2":4,"3":4,"4":4,"5":1,"6":3,"7":1,"8":2,"9":1,"10":1,"11":1,"12":4,"13":4,"14":4,"15":4,"16":4,"17":4,"18":4,"19":8,"20":8,"21":1,"22":1,"23":1,"24":1,"25":1,"26":1,"27":1,"28":1,"29":1,"30":1,"31":3,"32":3,"33":3,"34":3,"35":3,"36":3,"37":3,"38":6,"39":2,"40":2,"41":0,"42":0,"43":0,"44":0,"45":4,"46":4,"47":4,"48":2},"f":{"0":4,"1":16,"2":4,"3":8,"4":1,"5":1,"6":1,"7":1,"8":3,"9":3,"10":6},"b":{"0":[1,3],"1":[1,2],"2":[1,1],"3":[1,0],"4":[2],"5":[2],"6":[2],"7":[0,3],"8":[2,4],"9":[0,2],"10":[0,0],"11":[4,0],"12":[2,2]},"_coverageSchema":"1a1c01bbd47fc00a2c39e90264f33305004495a9","hash":"a2a74ebbff5ca498122a1bbb156501394693fb27"}
,"C:\\Users\\tzehl\\Documents\\programming\\Gaussian-Elimination-GUI\\src\\js\\intermediate\\getElement.js": {"path":"C:\\Users\\tzehl\\Documents\\programming\\Gaussian-Elimination-GUI\\src\\js\\intermediate\\getElement.js","statementMap":{"0":{"start":{"line":8,"column":16},"end":{"line":8,"column":43}},"1":{"start":{"line":9,"column":2},"end":{"line":11,"column":3}},"2":{"start":{"line":10,"column":4},"end":{"line":10,"column":61}},"3":{"start":{"line":12,"column":2},"end":{"line":12,"column":17}}},"fnMap":{"0":{"name":"getById","decl":{"start":{"line":7,"column":16},"end":{"line":7,"column":23}},"loc":{"start":{"line":7,"column":28},"end":{"line":13,"column":1}},"line":7}},"branchMap":{"0":{"loc":{"start":{"line":9,"column":2},"end":{"line":11,"column":3}},"type":"if","locations":[{"start":{"line":9,"column":2},"end":{"line":11,"column":3}},{"start":{},"end":{}}],"line":9}},"s":{"0":161,"1":161,"2":1,"3":160},"f":{"0":161},"b":{"0":[1,160]},"_coverageSchema":"1a1c01bbd47fc00a2c39e90264f33305004495a9","hash":"deb894829219b6f892bb94d496de9c769c286046"}
,"C:\\Users\\tzehl\\Documents\\programming\\Gaussian-Elimination-GUI\\src\\js\\intermediate\\rowoperation.js": {"path":"C:\\Users\\tzehl\\Documents\\programming\\Gaussian-Elimination-GUI\\src\\js\\intermediate\\rowoperation.js","statementMap":{"0":{"start":{"line":6,"column":8},"end":{"line":6,"column":21}},"1":{"start":{"line":7,"column":8},"end":{"line":7,"column":27}},"2":{"start":{"line":9,"column":8},"end":{"line":9,"column":60}},"3":{"start":{"line":10,"column":8},"end":{"line":10,"column":65}},"4":{"start":{"line":11,"column":8},"end":{"line":11,"column":54}},"5":{"start":{"line":12,"column":8},"end":{"line":12,"column":39}},"6":{"start":{"line":13,"column":8},"end":{"line":13,"column":67}},"7":{"start":{"line":14,"column":8},"end":{"line":14,"column":53}},"8":{"start":{"line":15,"column":8},"end":{"line":15,"column":65}},"9":{"start":{"line":16,"column":8},"end":{"line":16,"column":54}},"10":{"start":{"line":17,"column":8},"end":{"line":17,"column":40}},"11":{"start":{"line":18,"column":8},"end":{"line":18,"column":29}},"12":{"start":{"line":20,"column":8},"end":{"line":20,"column":42}},"13":{"start":{"line":21,"column":8},"end":{"line":21,"column":63}},"14":{"start":{"line":22,"column":8},"end":{"line":22,"column":44}},"15":{"start":{"line":23,"column":8},"end":{"line":23,"column":62}},"16":{"start":{"line":24,"column":8},"end":{"line":24,"column":58}},"17":{"start":{"line":25,"column":8},"end":{"line":25,"column":58}},"18":{"start":{"line":26,"column":8},"end":{"line":26,"column":62}},"19":{"start":{"line":28,"column":8},"end":{"line":31,"column":10}},"20":{"start":{"line":35,"column":8},"end":{"line":35,"column":50}},"21":{"start":{"line":39,"column":8},"end":{"line":39,"column":51}},"22":{"start":{"line":43,"column":30},"end":{"line":43,"column":62}},"23":{"start":{"line":44,"column":8},"end":{"line":44,"column":30}},"24":{"start":{"line":45,"column":8},"end":{"line":45,"column":41}},"25":{"start":{"line":46,"column":8},"end":{"line":46,"column":37}},"26":{"start":{"line":48,"column":8},"end":{"line":48,"column":69}},"27":{"start":{"line":52,"column":25},"end":{"line":89,"column":9}},"28":{"start":{"line":91,"column":8},"end":{"line":151,"column":11}},"29":{"start":{"line":92,"column":12},"end":{"line":150,"column":13}},"30":{"start":{"line":93,"column":16},"end":{"line":95,"column":34}},"31":{"start":{"line":97,"column":36},"end":{"line":97,"column":77}},"32":{"start":{"line":98,"column":16},"end":{"line":98,"column":52}},"33":{"start":{"line":99,"column":16},"end":{"line":99,"column":41}},"34":{"start":{"line":100,"column":16},"end":{"line":100,"column":51}},"35":{"start":{"line":101,"column":16},"end":{"line":106,"column":22}},"36":{"start":{"line":108,"column":16},"end":{"line":108,"column":36}},"37":{"start":{"line":110,"column":16},"end":{"line":135,"column":17}},"38":{"start":{"line":114,"column":20},"end":{"line":118,"column":22}},"39":{"start":{"line":119,"column":20},"end":{"line":123,"column":22}},"40":{"start":{"line":124,"column":23},"end":{"line":135,"column":17}},"41":{"start":{"line":128,"column":20},"end":{"line":134,"column":21}},"42":{"start":{"line":128,"column":33},"end":{"line":128,"column":34}},"43":{"start":{"line":129,"column":24},"end":{"line":133,"column":26}},"44":{"start":{"line":137,"column":16},"end":{"line":149,"column":17}},"45":{"start":{"line":138,"column":20},"end":{"line":138,"column":78}},"46":{"start":{"line":139,"column":20},"end":{"line":139,"column":40}},"47":{"start":{"line":140,"column":20},"end":{"line":142,"column":38}},"48":{"start":{"line":144,"column":20},"end":{"line":144,"column":76}},"49":{"start":{"line":145,"column":20},"end":{"line":145,"column":41}},"50":{"start":{"line":146,"column":20},"end":{"line":148,"column":38}},"51":{"start":{"line":152,"column":8},"end":{"line":154,"column":74}},"52":{"start":{"line":155,"column":8},"end":{"line":157,"column":75}},"53":{"start":{"line":161,"column":8},"end":{"line":170,"column":22}},"54":{"start":{"line":174,"column":8},"end":{"line":181,"column":9}},"55":{"start":{"line":175,"column":12},"end":{"line":175,"column":24}},"56":{"start":{"line":176,"column":12},"end":{"line":180,"column":14}},"57":{"start":{"line":182,"column":8},"end":{"line":185,"column":9}},"58":{"start":{"line":183,"column":12},"end":{"line":183,"column":24}},"59":{"start":{"line":184,"column":12},"end":{"line":184,"column":58}},"60":{"start":{"line":189,"column":25},"end":{"line":189,"column":39}},"61":{"start":{"line":192,"column":22},"end":{"line":192,"column":47}},"62":{"start":{"line":193,"column":29},"end":{"line":193,"column":71}},"63":{"start":{"line":194,"column":27},"end":{"line":194,"column":70}},"64":{"start":{"line":196,"column":24},"end":{"line":196,"column":68}},"65":{"start":{"line":198,"column":21},"end":{"line":198,"column":66}},"66":{"start":{"line":199,"column":28},"end":{"line":199,"column":71}},"67":{"start":{"line":200,"column":26},"end":{"line":200,"column":69}},"68":{"start":{"line":202,"column":8},"end":{"line":204,"column":9}},"69":{"start":{"line":203,"column":12},"end":{"line":203,"column":54}},"70":{"start":{"line":205,"column":8},"end":{"line":207,"column":9}},"71":{"start":{"line":206,"column":12},"end":{"line":206,"column":52}},"72":{"start":{"line":208,"column":8},"end":{"line":210,"column":9}},"73":{"start":{"line":209,"column":12},"end":{"line":209,"column":54}},"74":{"start":{"line":212,"column":8},"end":{"line":212,"column":69}},"75":{"start":{"line":213,"column":8},"end":{"line":213,"column":75}},"76":{"start":{"line":215,"column":8},"end":{"line":215,"column":67}},"77":{"start":{"line":217,"column":8},"end":{"line":217,"column":22}},"78":{"start":{"line":222,"column":4},"end":{"line":222,"column":52}},"79":{"start":{"line":224,"column":4},"end":{"line":226,"column":6}},"80":{"start":{"line":228,"column":4},"end":{"line":228,"column":25}},"81":{"start":{"line":232,"column":4},"end":{"line":232,"column":77}},"82":{"start":{"line":233,"column":4},"end":{"line":233,"column":24}},"83":{"start":{"line":235,"column":4},"end":{"line":235,"column":25}},"84":{"start":{"line":239,"column":4},"end":{"line":245,"column":5}},"85":{"start":{"line":240,"column":8},"end":{"line":244,"column":10}},"86":{"start":{"line":246,"column":4},"end":{"line":248,"column":5}},"87":{"start":{"line":247,"column":8},"end":{"line":247,"column":80}},"88":{"start":{"line":250,"column":4},"end":{"line":250,"column":25}},"89":{"start":{"line":254,"column":4},"end":{"line":258,"column":5}},"90":{"start":{"line":254,"column":17},"end":{"line":254,"column":18}},"91":{"start":{"line":255,"column":8},"end":{"line":257,"column":9}},"92":{"start":{"line":256,"column":12},"end":{"line":256,"column":72}},"93":{"start":{"line":260,"column":4},"end":{"line":260,"column":25}},"94":{"start":{"line":264,"column":21},"end":{"line":264,"column":35}},"95":{"start":{"line":266,"column":4},"end":{"line":273,"column":11}},"96":{"start":{"line":269,"column":12},"end":{"line":272,"column":13}},"97":{"start":{"line":270,"column":32},"end":{"line":270,"column":47}},"98":{"start":{"line":271,"column":16},"end":{"line":271,"column":71}},"99":{"start":{"line":274,"column":4},"end":{"line":274,"column":22}}},"fnMap":{"0":{"name":"(anonymous_0)","decl":{"start":{"line":5,"column":4},"end":{"line":5,"column":5}},"loc":{"start":{"line":5,"column":27},"end":{"line":32,"column":5}},"line":5},"1":{"name":"(anonymous_1)","decl":{"start":{"line":34,"column":4},"end":{"line":34,"column":5}},"loc":{"start":{"line":34,"column":25},"end":{"line":36,"column":5}},"line":34},"2":{"name":"(anonymous_2)","decl":{"start":{"line":38,"column":4},"end":{"line":38,"column":5}},"loc":{"start":{"line":38,"column":26},"end":{"line":40,"column":5}},"line":38},"3":{"name":"(anonymous_3)","decl":{"start":{"line":42,"column":4},"end":{"line":42,"column":5}},"loc":{"start":{"line":42,"column":45},"end":{"line":49,"column":5}},"line":42},"4":{"name":"(anonymous_4)","decl":{"start":{"line":51,"column":4},"end":{"line":51,"column":5}},"loc":{"start":{"line":51,"column":28},"end":{"line":158,"column":5}},"line":51},"5":{"name":"(anonymous_5)","decl":{"start":{"line":91,"column":25},"end":{"line":91,"column":26}},"loc":{"start":{"line":91,"column":33},"end":{"line":151,"column":9}},"line":91},"6":{"name":"(anonymous_6)","decl":{"start":{"line":160,"column":4},"end":{"line":160,"column":5}},"loc":{"start":{"line":160,"column":38},"end":{"line":171,"column":5}},"line":160},"7":{"name":"(anonymous_7)","decl":{"start":{"line":173,"column":4},"end":{"line":173,"column":5}},"loc":{"start":{"line":173,"column":47},"end":{"line":186,"column":5}},"line":173},"8":{"name":"(anonymous_8)","decl":{"start":{"line":188,"column":4},"end":{"line":188,"column":5}},"loc":{"start":{"line":188,"column":18},"end":{"line":218,"column":5}},"line":188},"9":{"name":"addCombobox","decl":{"start":{"line":221,"column":16},"end":{"line":221,"column":27}},"loc":{"start":{"line":221,"column":54},"end":{"line":229,"column":1}},"line":221},"10":{"name":"removeCombobox","decl":{"start":{"line":231,"column":16},"end":{"line":231,"column":30}},"loc":{"start":{"line":231,"column":50},"end":{"line":236,"column":1}},"line":231},"11":{"name":"adaptComboboxes","decl":{"start":{"line":238,"column":16},"end":{"line":238,"column":31}},"loc":{"start":{"line":238,"column":57},"end":{"line":251,"column":1}},"line":238},"12":{"name":"updateRowOperations","decl":{"start":{"line":253,"column":16},"end":{"line":253,"column":35}},"loc":{"start":{"line":253,"column":65},"end":{"line":261,"column":1}},"line":253},"13":{"name":"applyRowOperations","decl":{"start":{"line":263,"column":16},"end":{"line":263,"column":34}},"loc":{"start":{"line":263,"column":58},"end":{"line":275,"column":1}},"line":263},"14":{"name":"(anonymous_14)","decl":{"start":{"line":268,"column":17},"end":{"line":268,"column":18}},"loc":{"start":{"line":268,"column":27},"end":{"line":273,"column":9}},"line":268}},"branchMap":{"0":{"loc":{"start":{"line":92,"column":12},"end":{"line":150,"column":13}},"type":"if","locations":[{"start":{"line":92,"column":12},"end":{"line":150,"column":13}},{"start":{"line":136,"column":19},"end":{"line":150,"column":13}}],"line":92},"1":{"loc":{"start":{"line":110,"column":16},"end":{"line":135,"column":17}},"type":"if","locations":[{"start":{"line":110,"column":16},"end":{"line":135,"column":17}},{"start":{"line":124,"column":23},"end":{"line":135,"column":17}}],"line":110},"2":{"loc":{"start":{"line":111,"column":20},"end":{"line":112,"column":49}},"type":"binary-expr","locations":[{"start":{"line":111,"column":20},"end":{"line":111,"column":49}},{"start":{"line":112,"column":20},"end":{"line":112,"column":49}}],"line":111},"3":{"loc":{"start":{"line":124,"column":23},"end":{"line":135,"column":17}},"type":"if","locations":[{"start":{"line":124,"column":23},"end":{"line":135,"column":17}},{"start":{},"end":{}}],"line":124},"4":{"loc":{"start":{"line":125,"column":20},"end":{"line":126,"column":49}},"type":"binary-expr","locations":[{"start":{"line":125,"column":20},"end":{"line":125,"column":49}},{"start":{"line":126,"column":20},"end":{"line":126,"column":49}}],"line":125},"5":{"loc":{"start":{"line":137,"column":16},"end":{"line":149,"column":17}},"type":"if","locations":[{"start":{"line":137,"column":16},"end":{"line":149,"column":17}},{"start":{"line":143,"column":23},"end":{"line":149,"column":17}}],"line":137},"6":{"loc":{"start":{"line":202,"column":8},"end":{"line":204,"column":9}},"type":"if","locations":[{"start":{"line":202,"column":8},"end":{"line":204,"column":9}},{"start":{},"end":{}}],"line":202},"7":{"loc":{"start":{"line":205,"column":8},"end":{"line":207,"column":9}},"type":"if","locations":[{"start":{"line":205,"column":8},"end":{"line":207,"column":9}},{"start":{},"end":{}}],"line":205},"8":{"loc":{"start":{"line":208,"column":8},"end":{"line":210,"column":9}},"type":"if","locations":[{"start":{"line":208,"column":8},"end":{"line":210,"column":9}},{"start":{},"end":{}}],"line":208},"9":{"loc":{"start":{"line":255,"column":8},"end":{"line":257,"column":9}},"type":"if","locations":[{"start":{"line":255,"column":8},"end":{"line":257,"column":9}},{"start":{},"end":{}}],"line":255},"10":{"loc":{"start":{"line":269,"column":12},"end":{"line":272,"column":13}},"type":"if","locations":[{"start":{"line":269,"column":12},"end":{"line":272,"column":13}},{"start":{},"end":{}}],"line":269}},"s":{"0":0,"1":0,"2":0,"3":0,"4":0,"5":0,"6":0,"7":0,"8":0,"9":0,"10":0,"11":0,"12":0,"13":0,"14":0,"15":0,"16":0,"17":0,"18":0,"19":0,"20":0,"21":0,"22":0,"23":0,"24":0,"25":0,"26":0,"27":0,"28":0,"29":0,"30":0,"31":0,"32":0,"33":0,"34":0,"35":0,"36":0,"37":0,"38":0,"39":0,"40":0,"41":0,"42":0,"43":0,"44":0,"45":0,"46":0,"47":0,"48":0,"49":0,"50":0,"51":0,"52":0,"53":0,"54":0,"55":0,"56":0,"57":0,"58":0,"59":0,"60":0,"61":0,"62":0,"63":0,"64":0,"65":0,"66":0,"67":0,"68":0,"69":0,"70":0,"71":0,"72":0,"73":0,"74":0,"75":0,"76":0,"77":0,"78":0,"79":0,"80":0,"81":0,"82":0,"83":0,"84":0,"85":0,"86":0,"87":0,"88":0,"89":0,"90":0,"91":0,"92":0,"93":0,"94":0,"95":0,"96":0,"97":0,"98":0,"99":0},"f":{"0":0,"1":0,"2":0,"3":0,"4":0,"5":0,"6":0,"7":0,"8":0,"9":0,"10":0,"11":0,"12":0,"13":0,"14":0},"b":{"0":[0,0],"1":[0,0],"2":[0,0],"3":[0,0],"4":[0,0],"5":[0,0],"6":[0,0],"7":[0,0],"8":[0,0],"9":[0,0],"10":[0,0]},"_coverageSchema":"1a1c01bbd47fc00a2c39e90264f33305004495a9","hash":"41617f884126d42378fef938ee0adc36534e9235"}
,"C:\\Users\\tzehl\\Documents\\programming\\Gaussian-Elimination-GUI\\src\\js\\intermediate\\table.js": {"path":"C:\\Users\\tzehl\\Documents\\programming\\Gaussian-Elimination-GUI\\src\\js\\intermediate\\table.js","statementMap":{"0":{"start":{"line":15,"column":8},"end":{"line":15,"column":21}},"1":{"start":{"line":16,"column":8},"end":{"line":16,"column":28}},"2":{"start":{"line":17,"column":8},"end":{"line":17,"column":34}},"3":{"start":{"line":18,"column":8},"end":{"line":18,"column":60}},"4":{"start":{"line":19,"column":8},"end":{"line":19,"column":34}},"5":{"start":{"line":21,"column":8},"end":{"line":21,"column":62}},"6":{"start":{"line":22,"column":8},"end":{"line":22,"column":44}},"7":{"start":{"line":23,"column":8},"end":{"line":23,"column":23}},"8":{"start":{"line":24,"column":8},"end":{"line":26,"column":9}},"9":{"start":{"line":24,"column":21},"end":{"line":24,"column":22}},"10":{"start":{"line":25,"column":12},"end":{"line":25,"column":26}},"11":{"start":{"line":28,"column":8},"end":{"line":28,"column":42}},"12":{"start":{"line":31,"column":8},"end":{"line":31,"column":49}},"13":{"start":{"line":32,"column":8},"end":{"line":32,"column":49}},"14":{"start":{"line":33,"column":8},"end":{"line":33,"column":54}},"15":{"start":{"line":34,"column":8},"end":{"line":34,"column":59}},"16":{"start":{"line":35,"column":8},"end":{"line":35,"column":74}},"17":{"start":{"line":36,"column":8},"end":{"line":36,"column":59}},"18":{"start":{"line":37,"column":8},"end":{"line":37,"column":72}},"19":{"start":{"line":38,"column":8},"end":{"line":38,"column":54}},"20":{"start":{"line":41,"column":8},"end":{"line":41,"column":46}},"21":{"start":{"line":42,"column":8},"end":{"line":42,"column":51}},"22":{"start":{"line":43,"column":8},"end":{"line":43,"column":51}},"23":{"start":{"line":44,"column":8},"end":{"line":44,"column":46}},"24":{"start":{"line":45,"column":8},"end":{"line":45,"column":54}},"25":{"start":{"line":47,"column":8},"end":{"line":47,"column":51}},"26":{"start":{"line":48,"column":8},"end":{"line":48,"column":51}},"27":{"start":{"line":50,"column":8},"end":{"line":50,"column":56}},"28":{"start":{"line":51,"column":8},"end":{"line":51,"column":50}},"29":{"start":{"line":61,"column":8},"end":{"line":63,"column":9}},"30":{"start":{"line":62,"column":12},"end":{"line":62,"column":26}},"31":{"start":{"line":64,"column":8},"end":{"line":66,"column":9}},"32":{"start":{"line":65,"column":12},"end":{"line":65,"column":29}},"33":{"start":{"line":76,"column":8},"end":{"line":78,"column":9}},"34":{"start":{"line":77,"column":12},"end":{"line":77,"column":29}},"35":{"start":{"line":79,"column":8},"end":{"line":81,"column":9}},"36":{"start":{"line":80,"column":12},"end":{"line":80,"column":32}},"37":{"start":{"line":92,"column":21},"end":{"line":92,"column":49}},"38":{"start":{"line":93,"column":22},"end":{"line":93,"column":53}},"39":{"start":{"line":94,"column":8},"end":{"line":94,"column":25}},"40":{"start":{"line":95,"column":8},"end":{"line":95,"column":49}},"41":{"start":{"line":96,"column":8},"end":{"line":96,"column":50}},"42":{"start":{"line":97,"column":8},"end":{"line":97,"column":53}},"43":{"start":{"line":99,"column":8},"end":{"line":99,"column":41}},"44":{"start":{"line":100,"column":8},"end":{"line":100,"column":39}},"45":{"start":{"line":101,"column":8},"end":{"line":101,"column":32}},"46":{"start":{"line":102,"column":8},"end":{"line":102,"column":20}},"47":{"start":{"line":106,"column":8},"end":{"line":124,"column":9}},"48":{"start":{"line":108,"column":26},"end":{"line":108,"column":27}},"49":{"start":{"line":109,"column":12},"end":{"line":123,"column":15}},"50":{"start":{"line":110,"column":16},"end":{"line":122,"column":17}},"51":{"start":{"line":111,"column":20},"end":{"line":111,"column":42}},"52":{"start":{"line":113,"column":20},"end":{"line":115,"column":21}},"53":{"start":{"line":114,"column":24},"end":{"line":114,"column":48}},"54":{"start":{"line":117,"column":33},"end":{"line":117,"column":61}},"55":{"start":{"line":118,"column":20},"end":{"line":118,"column":57}},"56":{"start":{"line":119,"column":20},"end":{"line":119,"column":59}},"57":{"start":{"line":121,"column":20},"end":{"line":121,"column":61}},"58":{"start":{"line":128,"column":8},"end":{"line":130,"column":9}},"59":{"start":{"line":129,"column":12},"end":{"line":129,"column":50}},"60":{"start":{"line":132,"column":29},"end":{"line":132,"column":57}},"61":{"start":{"line":133,"column":8},"end":{"line":133,"column":50}},"62":{"start":{"line":135,"column":8},"end":{"line":142,"column":9}},"63":{"start":{"line":136,"column":31},"end":{"line":136,"column":59}},"64":{"start":{"line":137,"column":12},"end":{"line":137,"column":38}},"65":{"start":{"line":138,"column":12},"end":{"line":139,"column":74}},"66":{"start":{"line":141,"column":12},"end":{"line":141,"column":53}},"67":{"start":{"line":143,"column":8},"end":{"line":155,"column":9}},"68":{"start":{"line":143,"column":21},"end":{"line":143,"column":22}},"69":{"start":{"line":144,"column":33},"end":{"line":144,"column":61}},"70":{"start":{"line":145,"column":25},"end":{"line":145,"column":54}},"71":{"start":{"line":147,"column":12},"end":{"line":147,"column":37}},"72":{"start":{"line":149,"column":12},"end":{"line":149,"column":52}},"73":{"start":{"line":150,"column":12},"end":{"line":150,"column":47}},"74":{"start":{"line":151,"column":12},"end":{"line":152,"column":74}},"75":{"start":{"line":154,"column":12},"end":{"line":154,"column":55}},"76":{"start":{"line":157,"column":8},"end":{"line":160,"column":10}},"77":{"start":{"line":170,"column":22},"end":{"line":170,"column":38}},"78":{"start":{"line":171,"column":20},"end":{"line":171,"column":48}},"79":{"start":{"line":172,"column":8},"end":{"line":172,"column":23}},"80":{"start":{"line":174,"column":8},"end":{"line":177,"column":9}},"81":{"start":{"line":174,"column":21},"end":{"line":174,"column":22}},"82":{"start":{"line":175,"column":25},"end":{"line":175,"column":47}},"83":{"start":{"line":176,"column":12},"end":{"line":176,"column":34}},"84":{"start":{"line":179,"column":8},"end":{"line":179,"column":28}},"85":{"start":{"line":180,"column":8},"end":{"line":180,"column":43}},"86":{"start":{"line":190,"column":8},"end":{"line":190,"column":27}},"87":{"start":{"line":191,"column":8},"end":{"line":194,"column":9}},"88":{"start":{"line":191,"column":21},"end":{"line":191,"column":22}},"89":{"start":{"line":192,"column":25},"end":{"line":192,"column":59}},"90":{"start":{"line":193,"column":12},"end":{"line":193,"column":43}},"91":{"start":{"line":198,"column":24},"end":{"line":239,"column":9}},"92":{"start":{"line":204,"column":20},"end":{"line":206,"column":21}},"93":{"start":{"line":205,"column":24},"end":{"line":205,"column":38}},"94":{"start":{"line":214,"column":20},"end":{"line":216,"column":21}},"95":{"start":{"line":215,"column":24},"end":{"line":215,"column":46}},"96":{"start":{"line":224,"column":20},"end":{"line":226,"column":21}},"97":{"start":{"line":225,"column":24},"end":{"line":225,"column":41}},"98":{"start":{"line":234,"column":20},"end":{"line":236,"column":21}},"99":{"start":{"line":235,"column":24},"end":{"line":235,"column":49}},"100":{"start":{"line":241,"column":8},"end":{"line":251,"column":11}},"101":{"start":{"line":242,"column":34},"end":{"line":242,"column":66}},"102":{"start":{"line":243,"column":12},"end":{"line":243,"column":51}},"103":{"start":{"line":244,"column":12},"end":{"line":244,"column":52}},"104":{"start":{"line":245,"column":12},"end":{"line":245,"column":80}},"105":{"start":{"line":246,"column":12},"end":{"line":250,"column":13}},"106":{"start":{"line":247,"column":16},"end":{"line":247,"column":63}},"107":{"start":{"line":249,"column":16},"end":{"line":249,"column":63}},"108":{"start":{"line":260,"column":8},"end":{"line":260,"column":24}},"109":{"start":{"line":261,"column":8},"end":{"line":261,"column":67}},"110":{"start":{"line":270,"column":8},"end":{"line":270,"column":27}},"111":{"start":{"line":271,"column":8},"end":{"line":273,"column":9}},"112":{"start":{"line":271,"column":21},"end":{"line":271,"column":22}},"113":{"start":{"line":272,"column":12},"end":{"line":272,"column":61}},"114":{"start":{"line":283,"column":8},"end":{"line":285,"column":9}},"115":{"start":{"line":284,"column":12},"end":{"line":284,"column":44}},"116":{"start":{"line":288,"column":8},"end":{"line":288,"column":42}},"117":{"start":{"line":289,"column":8},"end":{"line":289,"column":48}},"118":{"start":{"line":291,"column":19},"end":{"line":291,"column":31}},"119":{"start":{"line":292,"column":8},"end":{"line":297,"column":9}},"120":{"start":{"line":292,"column":21},"end":{"line":292,"column":22}},"121":{"start":{"line":293,"column":12},"end":{"line":296,"column":13}},"122":{"start":{"line":293,"column":25},"end":{"line":293,"column":26}},"123":{"start":{"line":294,"column":28},"end":{"line":294,"column":59}},"124":{"start":{"line":295,"column":16},"end":{"line":295,"column":53}},"125":{"start":{"line":306,"column":8},"end":{"line":309,"column":9}},"126":{"start":{"line":306,"column":21},"end":{"line":306,"column":22}},"127":{"start":{"line":307,"column":24},"end":{"line":307,"column":67}},"128":{"start":{"line":308,"column":12},"end":{"line":308,"column":60}},"129":{"start":{"line":318,"column":8},"end":{"line":320,"column":9}},"130":{"start":{"line":319,"column":12},"end":{"line":319,"column":38}},"131":{"start":{"line":321,"column":19},"end":{"line":321,"column":21}},"132":{"start":{"line":322,"column":8},"end":{"line":331,"column":9}},"133":{"start":{"line":322,"column":21},"end":{"line":322,"column":22}},"134":{"start":{"line":323,"column":22},"end":{"line":323,"column":24}},"135":{"start":{"line":324,"column":12},"end":{"line":329,"column":13}},"136":{"start":{"line":324,"column":25},"end":{"line":324,"column":26}},"137":{"start":{"line":325,"column":28},"end":{"line":325,"column":59}},"138":{"start":{"line":326,"column":26},"end":{"line":326,"column":37}},"139":{"start":{"line":327,"column":16},"end":{"line":327,"column":44}},"140":{"start":{"line":328,"column":16},"end":{"line":328,"column":30}},"141":{"start":{"line":330,"column":12},"end":{"line":330,"column":27}},"142":{"start":{"line":332,"column":8},"end":{"line":332,"column":32}},"143":{"start":{"line":333,"column":8},"end":{"line":333,"column":20}},"144":{"start":{"line":340,"column":8},"end":{"line":340,"column":29}},"145":{"start":{"line":341,"column":8},"end":{"line":346,"column":9}},"146":{"start":{"line":341,"column":21},"end":{"line":341,"column":22}},"147":{"start":{"line":342,"column":12},"end":{"line":345,"column":13}},"148":{"start":{"line":342,"column":25},"end":{"line":342,"column":26}},"149":{"start":{"line":343,"column":28},"end":{"line":343,"column":68}},"150":{"start":{"line":344,"column":16},"end":{"line":344,"column":38}},"151":{"start":{"line":353,"column":8},"end":{"line":353,"column":28}},"152":{"start":{"line":354,"column":8},"end":{"line":359,"column":9}},"153":{"start":{"line":354,"column":21},"end":{"line":354,"column":22}},"154":{"start":{"line":355,"column":12},"end":{"line":358,"column":13}},"155":{"start":{"line":355,"column":25},"end":{"line":355,"column":26}},"156":{"start":{"line":356,"column":28},"end":{"line":356,"column":68}},"157":{"start":{"line":357,"column":16},"end":{"line":357,"column":39}},"158":{"start":{"line":364,"column":8},"end":{"line":368,"column":9}},"159":{"start":{"line":365,"column":12},"end":{"line":365,"column":29}},"160":{"start":{"line":367,"column":12},"end":{"line":367,"column":30}},"161":{"start":{"line":375,"column":8},"end":{"line":375,"column":44}},"162":{"start":{"line":376,"column":8},"end":{"line":383,"column":9}},"163":{"start":{"line":376,"column":21},"end":{"line":376,"column":22}},"164":{"start":{"line":377,"column":12},"end":{"line":382,"column":13}},"165":{"start":{"line":377,"column":25},"end":{"line":377,"column":26}},"166":{"start":{"line":378,"column":28},"end":{"line":378,"column":59}},"167":{"start":{"line":379,"column":26},"end":{"line":379,"column":37}},"168":{"start":{"line":380,"column":16},"end":{"line":380,"column":44}},"169":{"start":{"line":381,"column":16},"end":{"line":381,"column":46}},"170":{"start":{"line":390,"column":8},"end":{"line":393,"column":9}},"171":{"start":{"line":391,"column":12},"end":{"line":391,"column":45}},"172":{"start":{"line":392,"column":12},"end":{"line":392,"column":19}},"173":{"start":{"line":394,"column":8},"end":{"line":401,"column":9}},"174":{"start":{"line":394,"column":21},"end":{"line":394,"column":22}},"175":{"start":{"line":395,"column":12},"end":{"line":400,"column":13}},"176":{"start":{"line":395,"column":25},"end":{"line":395,"column":26}},"177":{"start":{"line":396,"column":28},"end":{"line":396,"column":59}},"178":{"start":{"line":397,"column":26},"end":{"line":397,"column":37}},"179":{"start":{"line":398,"column":16},"end":{"line":398,"column":44}},"180":{"start":{"line":399,"column":16},"end":{"line":399,"column":46}},"181":{"start":{"line":411,"column":19},"end":{"line":411,"column":56}},"182":{"start":{"line":411,"column":39},"end":{"line":411,"column":55}},"183":{"start":{"line":413,"column":4},"end":{"line":472,"column":7}},"184":{"start":{"line":414,"column":27},"end":{"line":414,"column":52}},"185":{"start":{"line":415,"column":18},"end":{"line":415,"column":19}},"186":{"start":{"line":416,"column":21},"end":{"line":416,"column":22}},"187":{"start":{"line":417,"column":22},"end":{"line":417,"column":23}},"188":{"start":{"line":418,"column":23},"end":{"line":418,"column":24}},"189":{"start":{"line":420,"column":8},"end":{"line":425,"column":9}},"190":{"start":{"line":421,"column":12},"end":{"line":421,"column":49}},"191":{"start":{"line":422,"column":12},"end":{"line":422,"column":49}},"192":{"start":{"line":423,"column":12},"end":{"line":423,"column":53}},"193":{"start":{"line":424,"column":12},"end":{"line":424,"column":56}},"194":{"start":{"line":427,"column":8},"end":{"line":468,"column":9}},"195":{"start":{"line":428,"column":12},"end":{"line":428,"column":21}},"196":{"start":{"line":429,"column":15},"end":{"line":468,"column":9}},"197":{"start":{"line":430,"column":12},"end":{"line":430,"column":21}},"198":{"start":{"line":431,"column":15},"end":{"line":468,"column":9}},"199":{"start":{"line":432,"column":12},"end":{"line":432,"column":24}},"200":{"start":{"line":433,"column":15},"end":{"line":468,"column":9}},"201":{"start":{"line":437,"column":12},"end":{"line":437,"column":24}},"202":{"start":{"line":438,"column":15},"end":{"line":468,"column":9}},"203":{"start":{"line":443,"column":12},"end":{"line":443,"column":26}},"204":{"start":{"line":444,"column":12},"end":{"line":444,"column":45}},"205":{"start":{"line":445,"column":15},"end":{"line":468,"column":9}},"206":{"start":{"line":450,"column":12},"end":{"line":450,"column":26}},"207":{"start":{"line":451,"column":12},"end":{"line":451,"column":20}},"208":{"start":{"line":452,"column":15},"end":{"line":468,"column":9}},"209":{"start":{"line":457,"column":12},"end":{"line":457,"column":26}},"210":{"start":{"line":458,"column":12},"end":{"line":458,"column":51}},"211":{"start":{"line":459,"column":15},"end":{"line":468,"column":9}},"212":{"start":{"line":464,"column":12},"end":{"line":464,"column":26}},"213":{"start":{"line":465,"column":12},"end":{"line":465,"column":23}},"214":{"start":{"line":467,"column":12},"end":{"line":467,"column":19}},"215":{"start":{"line":469,"column":8},"end":{"line":469,"column":37}},"216":{"start":{"line":470,"column":19},"end":{"line":470,"column":57}},"217":{"start":{"line":471,"column":8},"end":{"line":471,"column":22}}},"fnMap":{"0":{"name":"(anonymous_0)","decl":{"start":{"line":14,"column":4},"end":{"line":14,"column":5}},"loc":{"start":{"line":14,"column":30},"end":{"line":52,"column":5}},"line":14},"1":{"name":"(anonymous_1)","decl":{"start":{"line":60,"column":4},"end":{"line":60,"column":5}},"loc":{"start":{"line":60,"column":20},"end":{"line":67,"column":5}},"line":60},"2":{"name":"(anonymous_2)","decl":{"start":{"line":75,"column":4},"end":{"line":75,"column":5}},"loc":{"start":{"line":75,"column":26},"end":{"line":82,"column":5}},"line":75},"3":{"name":"(anonymous_3)","decl":{"start":{"line":91,"column":4},"end":{"line":91,"column":5}},"loc":{"start":{"line":91,"column":29},"end":{"line":103,"column":5}},"line":91},"4":{"name":"(anonymous_4)","decl":{"start":{"line":105,"column":4},"end":{"line":105,"column":5}},"loc":{"start":{"line":105,"column":38},"end":{"line":125,"column":5}},"line":105},"5":{"name":"(anonymous_5)","decl":{"start":{"line":109,"column":49},"end":{"line":109,"column":50}},"loc":{"start":{"line":109,"column":56},"end":{"line":123,"column":13}},"line":109},"6":{"name":"(anonymous_6)","decl":{"start":{"line":127,"column":4},"end":{"line":127,"column":5}},"loc":{"start":{"line":127,"column":39},"end":{"line":161,"column":5}},"line":127},"7":{"name":"(anonymous_7)","decl":{"start":{"line":169,"column":4},"end":{"line":169,"column":5}},"loc":{"start":{"line":169,"column":13},"end":{"line":181,"column":5}},"line":169},"8":{"name":"(anonymous_8)","decl":{"start":{"line":189,"column":4},"end":{"line":189,"column":5}},"loc":{"start":{"line":189,"column":16},"end":{"line":195,"column":5}},"line":189},"9":{"name":"(anonymous_9)","decl":{"start":{"line":197,"column":4},"end":{"line":197,"column":5}},"loc":{"start":{"line":197,"column":17},"end":{"line":252,"column":5}},"line":197},"10":{"name":"(anonymous_10)","decl":{"start":{"line":203,"column":26},"end":{"line":203,"column":27}},"loc":{"start":{"line":203,"column":31},"end":{"line":207,"column":17}},"line":203},"11":{"name":"(anonymous_11)","decl":{"start":{"line":213,"column":26},"end":{"line":213,"column":27}},"loc":{"start":{"line":213,"column":31},"end":{"line":217,"column":17}},"line":213},"12":{"name":"(anonymous_12)","decl":{"start":{"line":223,"column":26},"end":{"line":223,"column":27}},"loc":{"start":{"line":223,"column":31},"end":{"line":227,"column":17}},"line":223},"13":{"name":"(anonymous_13)","decl":{"start":{"line":233,"column":26},"end":{"line":233,"column":27}},"loc":{"start":{"line":233,"column":31},"end":{"line":237,"column":17}},"line":233},"14":{"name":"(anonymous_14)","decl":{"start":{"line":241,"column":24},"end":{"line":241,"column":25}},"loc":{"start":{"line":241,"column":34},"end":{"line":251,"column":9}},"line":241},"15":{"name":"(anonymous_15)","decl":{"start":{"line":259,"column":4},"end":{"line":259,"column":5}},"loc":{"start":{"line":259,"column":16},"end":{"line":262,"column":5}},"line":259},"16":{"name":"(anonymous_16)","decl":{"start":{"line":269,"column":4},"end":{"line":269,"column":5}},"loc":{"start":{"line":269,"column":19},"end":{"line":274,"column":5}},"line":269},"17":{"name":"(anonymous_17)","decl":{"start":{"line":281,"column":4},"end":{"line":281,"column":5}},"loc":{"start":{"line":281,"column":20},"end":{"line":298,"column":5}},"line":281},"18":{"name":"(anonymous_18)","decl":{"start":{"line":305,"column":4},"end":{"line":305,"column":5}},"loc":{"start":{"line":305,"column":25},"end":{"line":310,"column":5}},"line":305},"19":{"name":"(anonymous_19)","decl":{"start":{"line":317,"column":4},"end":{"line":317,"column":5}},"loc":{"start":{"line":317,"column":14},"end":{"line":334,"column":5}},"line":317},"20":{"name":"(anonymous_20)","decl":{"start":{"line":339,"column":4},"end":{"line":339,"column":5}},"loc":{"start":{"line":339,"column":19},"end":{"line":347,"column":5}},"line":339},"21":{"name":"(anonymous_21)","decl":{"start":{"line":352,"column":4},"end":{"line":352,"column":5}},"loc":{"start":{"line":352,"column":18},"end":{"line":360,"column":5}},"line":352},"22":{"name":"(anonymous_22)","decl":{"start":{"line":363,"column":4},"end":{"line":363,"column":5}},"loc":{"start":{"line":363,"column":43},"end":{"line":369,"column":5}},"line":363},"23":{"name":"(anonymous_23)","decl":{"start":{"line":374,"column":4},"end":{"line":374,"column":5}},"loc":{"start":{"line":374,"column":16},"end":{"line":384,"column":5}},"line":374},"24":{"name":"(anonymous_24)","decl":{"start":{"line":389,"column":4},"end":{"line":389,"column":5}},"loc":{"start":{"line":389,"column":17},"end":{"line":402,"column":5}},"line":389},"25":{"name":"addKeyDownListener","decl":{"start":{"line":410,"column":16},"end":{"line":410,"column":34}},"loc":{"start":{"line":410,"column":72},"end":{"line":473,"column":1}},"line":410},"26":{"name":"(anonymous_26)","decl":{"start":{"line":411,"column":30},"end":{"line":411,"column":31}},"loc":{"start":{"line":411,"column":39},"end":{"line":411,"column":55}},"line":411},"27":{"name":"(anonymous_27)","decl":{"start":{"line":413,"column":41},"end":{"line":413,"column":42}},"loc":{"start":{"line":413,"column":54},"end":{"line":472,"column":5}},"line":413}},"branchMap":{"0":{"loc":{"start":{"line":21,"column":24},"end":{"line":21,"column":61}},"type":"binary-expr","locations":[{"start":{"line":21,"column":24},"end":{"line":21,"column":32}},{"start":{"line":21,"column":36},"end":{"line":21,"column":61}}],"line":21},"1":{"loc":{"start":{"line":106,"column":8},"end":{"line":124,"column":9}},"type":"if","locations":[{"start":{"line":106,"column":8},"end":{"line":124,"column":9}},{"start":{},"end":{}}],"line":106},"2":{"loc":{"start":{"line":110,"column":16},"end":{"line":122,"column":17}},"type":"if","locations":[{"start":{"line":110,"column":16},"end":{"line":122,"column":17}},{"start":{},"end":{}}],"line":110},"3":{"loc":{"start":{"line":113,"column":20},"end":{"line":115,"column":21}},"type":"if","locations":[{"start":{"line":113,"column":20},"end":{"line":115,"column":21}},{"start":{},"end":{}}],"line":113},"4":{"loc":{"start":{"line":128,"column":8},"end":{"line":130,"column":9}},"type":"if","locations":[{"start":{"line":128,"column":8},"end":{"line":130,"column":9}},{"start":{},"end":{}}],"line":128},"5":{"loc":{"start":{"line":135,"column":8},"end":{"line":142,"column":9}},"type":"if","locations":[{"start":{"line":135,"column":8},"end":{"line":142,"column":9}},{"start":{},"end":{}}],"line":135},"6":{"loc":{"start":{"line":204,"column":20},"end":{"line":206,"column":21}},"type":"if","locations":[{"start":{"line":204,"column":20},"end":{"line":206,"column":21}},{"start":{},"end":{}}],"line":204},"7":{"loc":{"start":{"line":214,"column":20},"end":{"line":216,"column":21}},"type":"if","locations":[{"start":{"line":214,"column":20},"end":{"line":216,"column":21}},{"start":{},"end":{}}],"line":214},"8":{"loc":{"start":{"line":224,"column":20},"end":{"line":226,"column":21}},"type":"if","locations":[{"start":{"line":224,"column":20},"end":{"line":226,"column":21}},{"start":{},"end":{}}],"line":224},"9":{"loc":{"start":{"line":234,"column":20},"end":{"line":236,"column":21}},"type":"if","locations":[{"start":{"line":234,"column":20},"end":{"line":236,"column":21}},{"start":{},"end":{}}],"line":234},"10":{"loc":{"start":{"line":246,"column":12},"end":{"line":250,"column":13}},"type":"if","locations":[{"start":{"line":246,"column":12},"end":{"line":250,"column":13}},{"start":{"line":248,"column":19},"end":{"line":250,"column":13}}],"line":246},"11":{"loc":{"start":{"line":283,"column":8},"end":{"line":285,"column":9}},"type":"if","locations":[{"start":{"line":283,"column":8},"end":{"line":285,"column":9}},{"start":{},"end":{}}],"line":283},"12":{"loc":{"start":{"line":318,"column":8},"end":{"line":320,"column":9}},"type":"if","locations":[{"start":{"line":318,"column":8},"end":{"line":320,"column":9}},{"start":{},"end":{}}],"line":318},"13":{"loc":{"start":{"line":363,"column":26},"end":{"line":363,"column":41}},"type":"default-arg","locations":[{"start":{"line":363,"column":36},"end":{"line":363,"column":41}}],"line":363},"14":{"loc":{"start":{"line":364,"column":8},"end":{"line":368,"column":9}},"type":"if","locations":[{"start":{"line":364,"column":8},"end":{"line":368,"column":9}},{"start":{"line":366,"column":15},"end":{"line":368,"column":9}}],"line":364},"15":{"loc":{"start":{"line":390,"column":8},"end":{"line":393,"column":9}},"type":"if","locations":[{"start":{"line":390,"column":8},"end":{"line":393,"column":9}},{"start":{},"end":{}}],"line":390},"16":{"loc":{"start":{"line":410,"column":43},"end":{"line":410,"column":70}},"type":"default-arg","locations":[{"start":{"line":410,"column":65},"end":{"line":410,"column":70}}],"line":410},"17":{"loc":{"start":{"line":420,"column":8},"end":{"line":425,"column":9}},"type":"if","locations":[{"start":{"line":420,"column":8},"end":{"line":425,"column":9}},{"start":{},"end":{}}],"line":420},"18":{"loc":{"start":{"line":427,"column":8},"end":{"line":468,"column":9}},"type":"if","locations":[{"start":{"line":427,"column":8},"end":{"line":468,"column":9}},{"start":{"line":429,"column":15},"end":{"line":468,"column":9}}],"line":427},"19":{"loc":{"start":{"line":427,"column":12},"end":{"line":427,"column":42}},"type":"binary-expr","locations":[{"start":{"line":427,"column":12},"end":{"line":427,"column":31}},{"start":{"line":427,"column":35},"end":{"line":427,"column":42}}],"line":427},"20":{"loc":{"start":{"line":429,"column":15},"end":{"line":468,"column":9}},"type":"if","locations":[{"start":{"line":429,"column":15},"end":{"line":468,"column":9}},{"start":{"line":431,"column":15},"end":{"line":468,"column":9}}],"line":429},"21":{"loc":{"start":{"line":429,"column":19},"end":{"line":429,"column":76}},"type":"binary-expr","locations":[{"start":{"line":429,"column":19},"end":{"line":429,"column":40}},{"start":{"line":429,"column":44},"end":{"line":429,"column":76}}],"line":429},"22":{"loc":{"start":{"line":431,"column":15},"end":{"line":468,"column":9}},"type":"if","locations":[{"start":{"line":431,"column":15},"end":{"line":468,"column":9}},{"start":{"line":433,"column":15},"end":{"line":468,"column":9}}],"line":431},"23":{"loc":{"start":{"line":431,"column":19},"end":{"line":431,"column":54}},"type":"binary-expr","locations":[{"start":{"line":431,"column":19},"end":{"line":431,"column":40}},{"start":{"line":431,"column":44},"end":{"line":431,"column":54}}],"line":431},"24":{"loc":{"start":{"line":433,"column":15},"end":{"line":468,"column":9}},"type":"if","locations":[{"start":{"line":433,"column":15},"end":{"line":468,"column":9}},{"start":{"line":438,"column":15},"end":{"line":468,"column":9}}],"line":433},"25":{"loc":{"start":{"line":434,"column":12},"end":{"line":435,"column":50}},"type":"binary-expr","locations":[{"start":{"line":434,"column":12},"end":{"line":434,"column":34}},{"start":{"line":435,"column":12},"end":{"line":435,"column":50}}],"line":434},"26":{"loc":{"start":{"line":438,"column":15},"end":{"line":468,"column":9}},"type":"if","locations":[{"start":{"line":438,"column":15},"end":{"line":468,"column":9}},{"start":{"line":445,"column":15},"end":{"line":468,"column":9}}],"line":438},"27":{"loc":{"start":{"line":439,"column":12},"end":{"line":441,"column":32}},"type":"binary-expr","locations":[{"start":{"line":439,"column":12},"end":{"line":439,"column":31}},{"start":{"line":440,"column":12},"end":{"line":440,"column":24}},{"start":{"line":441,"column":12},"end":{"line":441,"column":32}}],"line":439},"28":{"loc":{"start":{"line":445,"column":15},"end":{"line":468,"column":9}},"type":"if","locations":[{"start":{"line":445,"column":15},"end":{"line":468,"column":9}},{"start":{"line":452,"column":15},"end":{"line":468,"column":9}}],"line":445},"29":{"loc":{"start":{"line":446,"column":12},"end":{"line":448,"column":32}},"type":"binary-expr","locations":[{"start":{"line":446,"column":12},"end":{"line":446,"column":33}},{"start":{"line":447,"column":12},"end":{"line":447,"column":40}},{"start":{"line":448,"column":12},"end":{"line":448,"column":32}}],"line":446},"30":{"loc":{"start":{"line":452,"column":15},"end":{"line":468,"column":9}},"type":"if","locations":[{"start":{"line":452,"column":15},"end":{"line":468,"column":9}},{"start":{"line":459,"column":15},"end":{"line":468,"column":9}}],"line":452},"31":{"loc":{"start":{"line":453,"column":12},"end":{"line":455,"column":31}},"type":"binary-expr","locations":[{"start":{"line":453,"column":12},"end":{"line":453,"column":33}},{"start":{"line":454,"column":12},"end":{"line":454,"column":24}},{"start":{"line":455,"column":12},"end":{"line":455,"column":31}}],"line":453},"32":{"loc":{"start":{"line":459,"column":15},"end":{"line":468,"column":9}},"type":"if","locations":[{"start":{"line":459,"column":15},"end":{"line":468,"column":9}},{"start":{"line":466,"column":15},"end":{"line":468,"column":9}}],"line":459},"33":{"loc":{"start":{"line":460,"column":12},"end":{"line":462,"column":31}},"type":"binary-expr","locations":[{"start":{"line":460,"column":12},"end":{"line":460,"column":34}},{"start":{"line":461,"column":12},"end":{"line":461,"column":40}},{"start":{"line":462,"column":12},"end":{"line":462,"column":31}}],"line":460}},"s":{"0":35,"1":35,"2":35,"3":35,"4":35,"5":35,"6":35,"7":35,"8":35,"9":35,"10":105,"11":35,"12":35,"13":35,"14":35,"15":35,"16":35,"17":35,"18":35,"19":35,"20":35,"21":35,"22":35,"23":35,"24":35,"25":35,"26":35,"27":35,"28":35,"29":20,"30":8,"31":20,"32":17,"33":22,"34":12,"35":22,"36":16,"37":345,"38":345,"39":345,"40":345,"41":345,"42":345,"43":345,"44":345,"45":345,"46":345,"47":0,"48":0,"49":0,"50":0,"51":0,"52":0,"53":0,"54":0,"55":0,"56":0,"57":0,"58":2,"59":0,"60":2,"61":2,"62":2,"63":0,"64":0,"65":0,"66":0,"67":2,"68":2,"69":10,"70":10,"71":10,"72":10,"73":10,"74":10,"75":10,"76":2,"77":109,"78":109,"79":109,"80":109,"81":109,"82":327,"83":327,"84":109,"85":109,"86":8,"87":8,"88":8,"89":18,"90":18,"91":0,"92":0,"93":0,"94":0,"95":0,"96":0,"97":0,"98":0,"99":0,"100":0,"101":0,"102":0,"103":0,"104":0,"105":0,"106":0,"107":0,"108":16,"109":16,"110":15,"111":15,"112":15,"113":29,"114":16,"115":0,"116":16,"117":16,"118":16,"119":16,"120":16,"121":30,"122":30,"123":60,"124":60,"125":0,"126":0,"127":0,"128":0,"129":4,"130":0,"131":4,"132":4,"133":4,"134":6,"135":6,"136":6,"137":12,"138":12,"139":12,"140":12,"141":6,"142":4,"143":4,"144":0,"145":0,"146":0,"147":0,"148":0,"149":0,"150":0,"151":0,"152":0,"153":0,"154":0,"155":0,"156":0,"157":0,"158":0,"159":0,"160":0,"161":0,"162":0,"163":0,"164":0,"165":0,"166":0,"167":0,"168":0,"169":0,"170":0,"171":0,"172":0,"173":0,"174":0,"175":0,"176":0,"177":0,"178":0,"179":0,"180":0,"181":0,"182":0,"183":0,"184":0,"185":0,"186":0,"187":0,"188":0,"189":0,"190":0,"191":0,"192":0,"193":0,"194":0,"195":0,"196":0,"197":0,"198":0,"199":0,"200":0,"201":0,"202":0,"203":0,"204":0,"205":0,"206":0,"207":0,"208":0,"209":0,"210":0,"211":0,"212":0,"213":0,"214":0,"215":0,"216":0,"217":0},"f":{"0":35,"1":20,"2":22,"3":345,"4":0,"5":0,"6":2,"7":109,"8":8,"9":0,"10":0,"11":0,"12":0,"13":0,"14":0,"15":16,"16":15,"17":16,"18":0,"19":4,"20":0,"21":0,"22":0,"23":0,"24":0,"25":0,"26":0,"27":0},"b":{"0":[35,29],"1":[0,0],"2":[0,0],"3":[0,0],"4":[0,2],"5":[0,2],"6":[0,0],"7":[0,0],"8":[0,0],"9":[0,0],"10":[0,0],"11":[0,16],"12":[0,4],"13":[0],"14":[0,0],"15":[0,0],"16":[0],"17":[0,0],"18":[0,0],"19":[0,0],"20":[0,0],"21":[0,0],"22":[0,0],"23":[0,0],"24":[0,0],"25":[0,0],"26":[0,0],"27":[0,0,0],"28":[0,0],"29":[0,0,0],"30":[0,0],"31":[0,0,0],"32":[0,0],"33":[0,0,0]},"_coverageSchema":"1a1c01bbd47fc00a2c39e90264f33305004495a9","hash":"ad29e7c59ba63c783a47b990946b54d25b2a8961"}
,"C:\\Users\\tzehl\\Documents\\programming\\Gaussian-Elimination-GUI\\src\\js\\logic\\equationParser.js": {"path":"C:\\Users\\tzehl\\Documents\\programming\\Gaussian-Elimination-GUI\\src\\js\\logic\\equationParser.js","statementMap":{"0":{"start":{"line":4,"column":18},"end":{"line":8,"column":1}},"1":{"start":{"line":5,"column":19},"end":{"line":5,"column":27}},"2":{"start":{"line":6,"column":19},"end":{"line":6,"column":27}},"3":{"start":{"line":7,"column":19},"end":{"line":7,"column":27}},"4":{"start":{"line":12,"column":4},"end":{"line":20,"column":5}},"5":{"start":{"line":19,"column":8},"end":{"line":19,"column":42}},"6":{"start":{"line":23,"column":4},"end":{"line":23,"column":55}},"7":{"start":{"line":28,"column":19},"end":{"line":28,"column":79}},"8":{"start":{"line":31,"column":4},"end":{"line":31,"column":57}},"9":{"start":{"line":31,"column":42},"end":{"line":31,"column":55}},"10":{"start":{"line":33,"column":4},"end":{"line":45,"column":5}},"11":{"start":{"line":33,"column":17},"end":{"line":33,"column":18}},"12":{"start":{"line":34,"column":8},"end":{"line":44,"column":9}},"13":{"start":{"line":35,"column":24},"end":{"line":35,"column":54}},"14":{"start":{"line":36,"column":12},"end":{"line":36,"column":50}},"15":{"start":{"line":39,"column":13},"end":{"line":44,"column":9}},"16":{"start":{"line":40,"column":29},"end":{"line":40,"column":51}},"17":{"start":{"line":41,"column":12},"end":{"line":41,"column":74}},"18":{"start":{"line":42,"column":15},"end":{"line":44,"column":9}},"19":{"start":{"line":43,"column":12},"end":{"line":43,"column":63}},"20":{"start":{"line":50,"column":29},"end":{"line":50,"column":54}},"21":{"start":{"line":51,"column":8},"end":{"line":61,"column":9}},"22":{"start":{"line":52,"column":34},"end":{"line":52,"column":71}},"23":{"start":{"line":53,"column":30},"end":{"line":55,"column":13}},"24":{"start":{"line":56,"column":12},"end":{"line":60,"column":14}},"25":{"start":{"line":64,"column":8},"end":{"line":76,"column":9}},"26":{"start":{"line":64,"column":21},"end":{"line":64,"column":22}},"27":{"start":{"line":65,"column":12},"end":{"line":75,"column":13}},"28":{"start":{"line":67,"column":31},"end":{"line":70,"column":17}},"29":{"start":{"line":72,"column":16},"end":{"line":72,"column":52}},"30":{"start":{"line":74,"column":16},"end":{"line":74,"column":23}},"31":{"start":{"line":79,"column":8},"end":{"line":91,"column":9}},"32":{"start":{"line":79,"column":21},"end":{"line":79,"column":22}},"33":{"start":{"line":80,"column":12},"end":{"line":90,"column":13}},"34":{"start":{"line":82,"column":31},"end":{"line":85,"column":17}},"35":{"start":{"line":87,"column":16},"end":{"line":87,"column":52}},"36":{"start":{"line":89,"column":16},"end":{"line":89,"column":23}},"37":{"start":{"line":93,"column":8},"end":{"line":93,"column":27}},"38":{"start":{"line":95,"column":14},"end":{"line":95,"column":32}},"39":{"start":{"line":96,"column":4},"end":{"line":96,"column":15}}},"fnMap":{"0":{"name":"(anonymous_0)","decl":{"start":{"line":5,"column":9},"end":{"line":5,"column":10}},"loc":{"start":{"line":5,"column":19},"end":{"line":5,"column":27}},"line":5},"1":{"name":"(anonymous_1)","decl":{"start":{"line":6,"column":9},"end":{"line":6,"column":10}},"loc":{"start":{"line":6,"column":19},"end":{"line":6,"column":27}},"line":6},"2":{"name":"(anonymous_2)","decl":{"start":{"line":7,"column":9},"end":{"line":7,"column":10}},"loc":{"start":{"line":7,"column":19},"end":{"line":7,"column":27}},"line":7},"3":{"name":"calculate","decl":{"start":{"line":10,"column":16},"end":{"line":10,"column":25}},"loc":{"start":{"line":10,"column":50},"end":{"line":97,"column":1}},"line":10},"4":{"name":"(anonymous_4)","decl":{"start":{"line":31,"column":31},"end":{"line":31,"column":32}},"loc":{"start":{"line":31,"column":42},"end":{"line":31,"column":55}},"line":31},"5":{"name":"evaluate","decl":{"start":{"line":48,"column":13},"end":{"line":48,"column":21}},"loc":{"start":{"line":48,"column":32},"end":{"line":94,"column":5}},"line":48}},"branchMap":{"0":{"loc":{"start":{"line":12,"column":4},"end":{"line":20,"column":5}},"type":"if","locations":[{"start":{"line":12,"column":4},"end":{"line":20,"column":5}},{"start":{},"end":{}}],"line":12},"1":{"loc":{"start":{"line":13,"column":8},"end":{"line":17,"column":44}},"type":"binary-expr","locations":[{"start":{"line":13,"column":8},"end":{"line":13,"column":59}},{"start":{"line":14,"column":8},"end":{"line":14,"column":42}},{"start":{"line":15,"column":8},"end":{"line":15,"column":45}},{"start":{"line":16,"column":8},"end":{"line":16,"column":44}},{"start":{"line":17,"column":8},"end":{"line":17,"column":44}}],"line":13},"2":{"loc":{"start":{"line":34,"column":8},"end":{"line":44,"column":9}},"type":"if","locations":[{"start":{"line":34,"column":8},"end":{"line":44,"column":9}},{"start":{"line":39,"column":13},"end":{"line":44,"column":9}}],"line":34},"3":{"loc":{"start":{"line":34,"column":12},"end":{"line":34,"column":66}},"type":"binary-expr","locations":[{"start":{"line":34,"column":12},"end":{"line":34,"column":35}},{"start":{"line":34,"column":39},"end":{"line":34,"column":66}}],"line":34},"4":{"loc":{"start":{"line":39,"column":13},"end":{"line":44,"column":9}},"type":"if","locations":[{"start":{"line":39,"column":13},"end":{"line":44,"column":9}},{"start":{"line":42,"column":15},"end":{"line":44,"column":9}}],"line":39},"5":{"loc":{"start":{"line":42,"column":15},"end":{"line":44,"column":9}},"type":"if","locations":[{"start":{"line":42,"column":15},"end":{"line":44,"column":9}},{"start":{},"end":{}}],"line":42},"6":{"loc":{"start":{"line":51,"column":8},"end":{"line":61,"column":9}},"type":"if","locations":[{"start":{"line":51,"column":8},"end":{"line":61,"column":9}},{"start":{},"end":{}}],"line":51},"7":{"loc":{"start":{"line":65,"column":12},"end":{"line":75,"column":13}},"type":"if","locations":[{"start":{"line":65,"column":12},"end":{"line":75,"column":13}},{"start":{},"end":{}}],"line":65},"8":{"loc":{"start":{"line":80,"column":12},"end":{"line":90,"column":13}},"type":"if","locations":[{"start":{"line":80,"column":12},"end":{"line":90,"column":13}},{"start":{},"end":{}}],"line":80},"9":{"loc":{"start":{"line":80,"column":16},"end":{"line":80,"column":56}},"type":"binary-expr","locations":[{"start":{"line":80,"column":16},"end":{"line":80,"column":34}},{"start":{"line":80,"column":38},"end":{"line":80,"column":56}}],"line":80}},"s":{"0":1,"1":3,"2":1,"3":2,"4":6,"5":1,"6":5,"7":5,"8":5,"9":31,"10":5,"11":5,"12":19,"13":2,"14":2,"15":17,"16":1,"17":1,"18":16,"19":8,"20":6,"21":6,"22":1,"23":1,"24":1,"25":6,"26":6,"27":6,"28":2,"29":2,"30":2,"31":6,"32":6,"33":4,"34":4,"35":4,"36":4,"37":6,"38":5,"39":5},"f":{"0":3,"1":1,"2":2,"3":6,"4":31,"5":6},"b":{"0":[1,5],"1":[6,6,6,6,5],"2":[2,17],"3":[19,18],"4":[1,16],"5":[8,8],"6":[1,5],"7":[2,4],"8":[4,0],"9":[4,1]},"_coverageSchema":"1a1c01bbd47fc00a2c39e90264f33305004495a9","hash":"1114430159a8f9248031eb1550d8d47aed2f7f85"}
,"C:\\Users\\tzehl\\Documents\\programming\\Gaussian-Elimination-GUI\\src\\js\\logic\\fraction.js": {"path":"C:\\Users\\tzehl\\Documents\\programming\\Gaussian-Elimination-GUI\\src\\js\\logic\\fraction.js","statementMap":{"0":{"start":{"line":19,"column":8},"end":{"line":19,"column":35}},"1":{"start":{"line":20,"column":8},"end":{"line":20,"column":39}},"2":{"start":{"line":32,"column":8},"end":{"line":32,"column":62}},"3":{"start":{"line":41,"column":8},"end":{"line":43,"column":9}},"4":{"start":{"line":42,"column":12},"end":{"line":42,"column":22}},"5":{"start":{"line":45,"column":8},"end":{"line":47,"column":9}},"6":{"start":{"line":46,"column":12},"end":{"line":46,"column":45}},"7":{"start":{"line":48,"column":8},"end":{"line":48,"column":77}},"8":{"start":{"line":58,"column":8},"end":{"line":60,"column":9}},"9":{"start":{"line":59,"column":12},"end":{"line":59,"column":43}},"10":{"start":{"line":61,"column":8},"end":{"line":61,"column":62}},"11":{"start":{"line":73,"column":12},"end":{"line":74,"column":46}},"12":{"start":{"line":75,"column":26},"end":{"line":75,"column":62}},"13":{"start":{"line":76,"column":26},"end":{"line":76,"column":62}},"14":{"start":{"line":77,"column":8},"end":{"line":77,"column":43}},"15":{"start":{"line":78,"column":8},"end":{"line":78,"column":27}},"16":{"start":{"line":88,"column":8},"end":{"line":88,"column":56}},"17":{"start":{"line":92,"column":8},"end":{"line":92,"column":36}},"18":{"start":{"line":102,"column":8},"end":{"line":105,"column":10}},"19":{"start":{"line":116,"column":8},"end":{"line":118,"column":9}},"20":{"start":{"line":117,"column":12},"end":{"line":117,"column":24}},"21":{"start":{"line":119,"column":8},"end":{"line":119,"column":31}},"22":{"start":{"line":120,"column":26},"end":{"line":120,"column":39}},"23":{"start":{"line":121,"column":8},"end":{"line":124,"column":10}},"24":{"start":{"line":132,"column":8},"end":{"line":135,"column":10}},"25":{"start":{"line":149,"column":8},"end":{"line":151,"column":9}},"26":{"start":{"line":150,"column":12},"end":{"line":150,"column":52}},"27":{"start":{"line":153,"column":8},"end":{"line":155,"column":9}},"28":{"start":{"line":154,"column":12},"end":{"line":154,"column":35}},"29":{"start":{"line":156,"column":24},"end":{"line":156,"column":56}},"30":{"start":{"line":157,"column":26},"end":{"line":157,"column":62}},"31":{"start":{"line":159,"column":26},"end":{"line":159,"column":62}},"32":{"start":{"line":160,"column":8},"end":{"line":160,"column":43}},"33":{"start":{"line":161,"column":8},"end":{"line":161,"column":27}},"34":{"start":{"line":171,"column":8},"end":{"line":171,"column":41}},"35":{"start":{"line":180,"column":16},"end":{"line":180,"column":30}},"36":{"start":{"line":181,"column":16},"end":{"line":181,"column":32}},"37":{"start":{"line":182,"column":8},"end":{"line":186,"column":9}},"38":{"start":{"line":183,"column":23},"end":{"line":183,"column":24}},"39":{"start":{"line":184,"column":12},"end":{"line":184,"column":22}},"40":{"start":{"line":185,"column":12},"end":{"line":185,"column":21}},"41":{"start":{"line":187,"column":8},"end":{"line":187,"column":17}},"42":{"start":{"line":198,"column":18},"end":{"line":198,"column":28}},"43":{"start":{"line":199,"column":8},"end":{"line":199,"column":30}},"44":{"start":{"line":200,"column":8},"end":{"line":200,"column":32}},"45":{"start":{"line":203,"column":8},"end":{"line":206,"column":9}},"46":{"start":{"line":204,"column":12},"end":{"line":204,"column":33}},"47":{"start":{"line":205,"column":12},"end":{"line":205,"column":35}},"48":{"start":{"line":208,"column":8},"end":{"line":208,"column":20}},"49":{"start":{"line":217,"column":8},"end":{"line":220,"column":10}},"50":{"start":{"line":229,"column":19},"end":{"line":229,"column":37}},"51":{"start":{"line":236,"column":20},"end":{"line":236,"column":38}},"52":{"start":{"line":243,"column":22},"end":{"line":243,"column":41}},"53":{"start":{"line":264,"column":4},"end":{"line":267,"column":5}},"54":{"start":{"line":266,"column":8},"end":{"line":266,"column":20}},"55":{"start":{"line":269,"column":4},"end":{"line":294,"column":5}},"56":{"start":{"line":271,"column":8},"end":{"line":271,"column":53}},"57":{"start":{"line":272,"column":8},"end":{"line":272,"column":38}},"58":{"start":{"line":273,"column":8},"end":{"line":273,"column":42}},"59":{"start":{"line":275,"column":8},"end":{"line":277,"column":9}},"60":{"start":{"line":276,"column":12},"end":{"line":276,"column":46}},"61":{"start":{"line":278,"column":11},"end":{"line":294,"column":5}},"62":{"start":{"line":280,"column":8},"end":{"line":280,"column":42}},"63":{"start":{"line":282,"column":21},"end":{"line":282,"column":48}},"64":{"start":{"line":284,"column":22},"end":{"line":284,"column":36}},"65":{"start":{"line":285,"column":8},"end":{"line":285,"column":43}},"66":{"start":{"line":286,"column":8},"end":{"line":286,"column":35}},"67":{"start":{"line":288,"column":11},"end":{"line":294,"column":5}},"68":{"start":{"line":290,"column":8},"end":{"line":290,"column":35}},"69":{"start":{"line":291,"column":8},"end":{"line":291,"column":24}},"70":{"start":{"line":293,"column":8},"end":{"line":293,"column":42}},"71":{"start":{"line":296,"column":19},"end":{"line":296,"column":55}},"72":{"start":{"line":297,"column":4},"end":{"line":297,"column":33}},"73":{"start":{"line":298,"column":4},"end":{"line":298,"column":20}}},"fnMap":{"0":{"name":"(anonymous_0)","decl":{"start":{"line":18,"column":4},"end":{"line":18,"column":5}},"loc":{"start":{"line":18,"column":40},"end":{"line":21,"column":5}},"line":18},"1":{"name":"(anonymous_1)","decl":{"start":{"line":31,"column":4},"end":{"line":31,"column":5}},"loc":{"start":{"line":31,"column":12},"end":{"line":33,"column":5}},"line":31},"2":{"name":"(anonymous_2)","decl":{"start":{"line":40,"column":4},"end":{"line":40,"column":5}},"loc":{"start":{"line":40,"column":16},"end":{"line":49,"column":5}},"line":40},"3":{"name":"(anonymous_3)","decl":{"start":{"line":57,"column":4},"end":{"line":57,"column":5}},"loc":{"start":{"line":57,"column":14},"end":{"line":62,"column":5}},"line":57},"4":{"name":"(anonymous_4)","decl":{"start":{"line":71,"column":4},"end":{"line":71,"column":5}},"loc":{"start":{"line":71,"column":15},"end":{"line":79,"column":5}},"line":71},"5":{"name":"(anonymous_5)","decl":{"start":{"line":87,"column":4},"end":{"line":87,"column":5}},"loc":{"start":{"line":87,"column":20},"end":{"line":89,"column":5}},"line":87},"6":{"name":"(anonymous_6)","decl":{"start":{"line":91,"column":4},"end":{"line":91,"column":5}},"loc":{"start":{"line":91,"column":15},"end":{"line":93,"column":5}},"line":91},"7":{"name":"(anonymous_7)","decl":{"start":{"line":101,"column":4},"end":{"line":101,"column":5}},"loc":{"start":{"line":101,"column":19},"end":{"line":106,"column":5}},"line":101},"8":{"name":"(anonymous_8)","decl":{"start":{"line":114,"column":4},"end":{"line":114,"column":5}},"loc":{"start":{"line":114,"column":18},"end":{"line":125,"column":5}},"line":114},"9":{"name":"(anonymous_9)","decl":{"start":{"line":131,"column":4},"end":{"line":131,"column":5}},"loc":{"start":{"line":131,"column":10},"end":{"line":136,"column":5}},"line":131},"10":{"name":"(anonymous_10)","decl":{"start":{"line":147,"column":4},"end":{"line":147,"column":5}},"loc":{"start":{"line":147,"column":15},"end":{"line":162,"column":5}},"line":147},"11":{"name":"(anonymous_11)","decl":{"start":{"line":170,"column":4},"end":{"line":170,"column":5}},"loc":{"start":{"line":170,"column":15},"end":{"line":172,"column":5}},"line":170},"12":{"name":"(anonymous_12)","decl":{"start":{"line":179,"column":4},"end":{"line":179,"column":5}},"loc":{"start":{"line":179,"column":10},"end":{"line":188,"column":5}},"line":179},"13":{"name":"(anonymous_13)","decl":{"start":{"line":197,"column":4},"end":{"line":197,"column":5}},"loc":{"start":{"line":197,"column":13},"end":{"line":209,"column":5}},"line":197},"14":{"name":"(anonymous_14)","decl":{"start":{"line":216,"column":4},"end":{"line":216,"column":5}},"loc":{"start":{"line":216,"column":29},"end":{"line":221,"column":5}},"line":216},"15":{"name":"stringToFraction","decl":{"start":{"line":261,"column":16},"end":{"line":261,"column":32}},"loc":{"start":{"line":261,"column":41},"end":{"line":299,"column":1}},"line":261}},"branchMap":{"0":{"loc":{"start":{"line":41,"column":8},"end":{"line":43,"column":9}},"type":"if","locations":[{"start":{"line":41,"column":8},"end":{"line":43,"column":9}},{"start":{},"end":{}}],"line":41},"1":{"loc":{"start":{"line":45,"column":8},"end":{"line":47,"column":9}},"type":"if","locations":[{"start":{"line":45,"column":8},"end":{"line":47,"column":9}},{"start":{},"end":{}}],"line":45},"2":{"loc":{"start":{"line":58,"column":8},"end":{"line":60,"column":9}},"type":"if","locations":[{"start":{"line":58,"column":8},"end":{"line":60,"column":9}},{"start":{},"end":{}}],"line":58},"3":{"loc":{"start":{"line":116,"column":8},"end":{"line":118,"column":9}},"type":"if","locations":[{"start":{"line":116,"column":8},"end":{"line":118,"column":9}},{"start":{},"end":{}}],"line":116},"4":{"loc":{"start":{"line":116,"column":12},"end":{"line":116,"column":57}},"type":"binary-expr","locations":[{"start":{"line":116,"column":12},"end":{"line":116,"column":32}},{"start":{"line":116,"column":36},"end":{"line":116,"column":57}}],"line":116},"5":{"loc":{"start":{"line":122,"column":12},"end":{"line":123,"column":57}},"type":"binary-expr","locations":[{"start":{"line":122,"column":12},"end":{"line":122,"column":53}},{"start":{"line":123,"column":12},"end":{"line":123,"column":57}}],"line":122},"6":{"loc":{"start":{"line":149,"column":8},"end":{"line":151,"column":9}},"type":"if","locations":[{"start":{"line":149,"column":8},"end":{"line":151,"column":9}},{"start":{},"end":{}}],"line":149},"7":{"loc":{"start":{"line":153,"column":8},"end":{"line":155,"column":9}},"type":"if","locations":[{"start":{"line":153,"column":8},"end":{"line":155,"column":9}},{"start":{},"end":{}}],"line":153},"8":{"loc":{"start":{"line":203,"column":8},"end":{"line":206,"column":9}},"type":"if","locations":[{"start":{"line":203,"column":8},"end":{"line":206,"column":9}},{"start":{},"end":{}}],"line":203},"9":{"loc":{"start":{"line":216,"column":14},"end":{"line":216,"column":27}},"type":"default-arg","locations":[{"start":{"line":216,"column":26},"end":{"line":216,"column":27}}],"line":216},"10":{"loc":{"start":{"line":264,"column":4},"end":{"line":267,"column":5}},"type":"if","locations":[{"start":{"line":264,"column":4},"end":{"line":267,"column":5}},{"start":{},"end":{}}],"line":264},"11":{"loc":{"start":{"line":269,"column":4},"end":{"line":294,"column":5}},"type":"if","locations":[{"start":{"line":269,"column":4},"end":{"line":294,"column":5}},{"start":{"line":278,"column":11},"end":{"line":294,"column":5}}],"line":269},"12":{"loc":{"start":{"line":275,"column":8},"end":{"line":277,"column":9}},"type":"if","locations":[{"start":{"line":275,"column":8},"end":{"line":277,"column":9}},{"start":{},"end":{}}],"line":275},"13":{"loc":{"start":{"line":278,"column":11},"end":{"line":294,"column":5}},"type":"if","locations":[{"start":{"line":278,"column":11},"end":{"line":294,"column":5}},{"start":{"line":288,"column":11},"end":{"line":294,"column":5}}],"line":278},"14":{"loc":{"start":{"line":278,"column":15},"end":{"line":278,"column":59}},"type":"binary-expr","locations":[{"start":{"line":278,"column":15},"end":{"line":278,"column":35}},{"start":{"line":278,"column":39},"end":{"line":278,"column":59}}],"line":278},"15":{"loc":{"start":{"line":288,"column":11},"end":{"line":294,"column":5}},"type":"if","locations":[{"start":{"line":288,"column":11},"end":{"line":294,"column":5}},{"start":{"line":292,"column":11},"end":{"line":294,"column":5}}],"line":288}},"s":{"0":1726,"1":1726,"2":10,"3":63,"4":1,"5":62,"6":1,"7":61,"8":17,"9":1,"10":16,"11":293,"12":293,"13":293,"14":293,"15":293,"16":2,"17":2,"18":15,"19":111,"20":25,"21":86,"22":86,"23":86,"24":30,"25":571,"26":93,"27":478,"28":1,"29":477,"30":477,"31":477,"32":477,"33":477,"34":1,"35":1166,"36":1166,"37":1166,"38":2469,"39":2469,"40":2469,"41":1166,"42":1166,"43":1166,"44":1166,"45":1166,"46":141,"47":141,"48":1166,"49":1,"50":7,"51":7,"52":7,"53":19,"54":1,"55":18,"56":14,"57":14,"58":14,"59":14,"60":1,"61":4,"62":2,"63":2,"64":2,"65":2,"66":2,"67":2,"68":1,"69":1,"70":1,"71":16,"72":16,"73":16},"f":{"0":1726,"1":10,"2":63,"3":17,"4":293,"5":2,"6":2,"7":15,"8":111,"9":30,"10":571,"11":1,"12":1166,"13":1166,"14":1,"15":19},"b":{"0":[1,62],"1":[1,61],"2":[1,16],"3":[25,86],"4":[111,25],"5":[86,79],"6":[93,478],"7":[1,477],"8":[141,1025],"9":[1],"10":[1,18],"11":[14,4],"12":[1,13],"13":[2,2],"14":[4,3],"15":[1,1]},"_coverageSchema":"1a1c01bbd47fc00a2c39e90264f33305004495a9","hash":"18473a74b25cc90ababe21bbedd2aaabea3e83a4"}
,"C:\\Users\\tzehl\\Documents\\programming\\Gaussian-Elimination-GUI\\src\\js\\logic\\gaussalgorithm.js": {"path":"C:\\Users\\tzehl\\Documents\\programming\\Gaussian-Elimination-GUI\\src\\js\\logic\\gaussalgorithm.js","statementMap":{"0":{"start":{"line":11,"column":4},"end":{"line":13,"column":5}},"1":{"start":{"line":12,"column":8},"end":{"line":12,"column":46}},"2":{"start":{"line":15,"column":4},"end":{"line":36,"column":5}},"3":{"start":{"line":15,"column":17},"end":{"line":15,"column":18}},"4":{"start":{"line":16,"column":41},"end":{"line":16,"column":63}},"5":{"start":{"line":19,"column":8},"end":{"line":19,"column":56}},"6":{"start":{"line":20,"column":8},"end":{"line":20,"column":54}},"7":{"start":{"line":23,"column":23},"end":{"line":23,"column":45}},"8":{"start":{"line":24,"column":8},"end":{"line":24,"column":65}},"9":{"start":{"line":25,"column":8},"end":{"line":25,"column":63}},"10":{"start":{"line":28,"column":8},"end":{"line":35,"column":9}},"11":{"start":{"line":28,"column":21},"end":{"line":28,"column":22}},"12":{"start":{"line":29,"column":12},"end":{"line":31,"column":13}},"13":{"start":{"line":30,"column":16},"end":{"line":30,"column":25}},"14":{"start":{"line":32,"column":25},"end":{"line":32,"column":57}},"15":{"start":{"line":33,"column":12},"end":{"line":33,"column":80}},"16":{"start":{"line":34,"column":12},"end":{"line":34,"column":77}},"17":{"start":{"line":38,"column":4},"end":{"line":40,"column":5}},"18":{"start":{"line":39,"column":8},"end":{"line":39,"column":39}},"19":{"start":{"line":41,"column":4},"end":{"line":41,"column":21}}},"fnMap":{"0":{"name":"gaussElimination","decl":{"start":{"line":10,"column":16},"end":{"line":10,"column":32}},"loc":{"start":{"line":10,"column":82},"end":{"line":42,"column":1}},"line":10}},"branchMap":{"0":{"loc":{"start":{"line":10,"column":56},"end":{"line":10,"column":80}},"type":"default-arg","locations":[{"start":{"line":10,"column":75},"end":{"line":10,"column":80}}],"line":10},"1":{"loc":{"start":{"line":11,"column":4},"end":{"line":13,"column":5}},"type":"if","locations":[{"start":{"line":11,"column":4},"end":{"line":13,"column":5}},{"start":{},"end":{}}],"line":11},"2":{"loc":{"start":{"line":29,"column":12},"end":{"line":31,"column":13}},"type":"if","locations":[{"start":{"line":29,"column":12},"end":{"line":31,"column":13}},{"start":{},"end":{}}],"line":29},"3":{"loc":{"start":{"line":38,"column":4},"end":{"line":40,"column":5}},"type":"if","locations":[{"start":{"line":38,"column":4},"end":{"line":40,"column":5}},{"start":{},"end":{}}],"line":38}},"s":{"0":6,"1":1,"2":5,"3":5,"4":15,"5":15,"6":15,"7":15,"8":15,"9":15,"10":15,"11":15,"12":45,"13":15,"14":30,"15":30,"16":30,"17":5,"18":4,"19":1},"f":{"0":6},"b":{"0":[2],"1":[1,5],"2":[15,30],"3":[4,1]},"_coverageSchema":"1a1c01bbd47fc00a2c39e90264f33305004495a9","hash":"bab56e9b2035ef973ed7c952792ae84924eee92d"}
[...]
,"C:\\Users\\tzehl\\Documents\\programming\\Gaussian-Elimination-GUI\\src\\js\\logic\\matrix.js": {"path":"C:\\Users\\tzehl\\Documents\\programming\\Gaussian-Elimination-GUI\\src\\js\\logic\\matrix.js","statementMap":{"0":{"start":{"line":18,"column":8},"end":{"line":18,"column":27}},"1":{"start":{"line":19,"column":8},"end":{"line":19,"column":34}},"2":{"start":{"line":20,"column":8},"end":{"line":20,"column":40}},"3":{"start":{"line":24,"column":8},"end":{"line":24,"column":69}},"4":{"start":{"line":28,"column":8},"end":{"line":28,"column":43}},"5":{"start":{"line":32,"column":8},"end":{"line":37,"column":9}},"6":{"start":{"line":36,"column":12},"end":{"line":36,"column":25}},"7":{"start":{"line":38,"column":8},"end":{"line":44,"column":9}},"8":{"start":{"line":38,"column":21},"end":{"line":38,"column":22}},"9":{"start":{"line":39,"column":12},"end":{"line":43,"column":13}},"10":{"start":{"line":39,"column":25},"end":{"line":39,"column":26}},"11":{"start":{"line":40,"column":16},"end":{"line":42,"column":17}},"12":{"start":{"line":41,"column":20},"end":{"line":41,"column":33}},"13":{"start":{"line":45,"column":8},"end":{"line":45,"column":20}},"14":{"start":{"line":53,"column":23},"end":{"line":53,"column":25}},"15":{"start":{"line":54,"column":8},"end":{"line":59,"column":9}},"16":{"start":{"line":54,"column":21},"end":{"line":54,"column":22}},"17":{"start":{"line":55,"column":12},"end":{"line":55,"column":29}},"18":{"start":{"line":56,"column":12},"end":{"line":58,"column":13}},"19":{"start":{"line":56,"column":25},"end":{"line":56,"column":26}},"20":{"start":{"line":57,"column":16},"end":{"line":57,"column":58}},"21":{"start":{"line":60,"column":8},"end":{"line":60,"column":36}},"22":{"start":{"line":70,"column":8},"end":{"line":70,"column":46}},"23":{"start":{"line":79,"column":8},"end":{"line":84,"column":9}},"24":{"start":{"line":83,"column":12},"end":{"line":83,"column":46}},"25":{"start":{"line":85,"column":23},"end":{"line":85,"column":25}},"26":{"start":{"line":86,"column":8},"end":{"line":91,"column":9}},"27":{"start":{"line":86,"column":21},"end":{"line":86,"column":22}},"28":{"start":{"line":87,"column":12},"end":{"line":87,"column":29}},"29":{"start":{"line":88,"column":12},"end":{"line":90,"column":13}},"30":{"start":{"line":88,"column":25},"end":{"line":88,"column":26}},"31":{"start":{"line":89,"column":16},"end":{"line":89,"column":79}},"32":{"start":{"line":92,"column":8},"end":{"line":92,"column":36}},"33":{"start":{"line":99,"column":8},"end":{"line":99,"column":46}},"34":{"start":{"line":100,"column":8},"end":{"line":100,"column":37}},"35":{"start":{"line":114,"column":8},"end":{"line":122,"column":9}},"36":{"start":{"line":115,"column":12},"end":{"line":115,"column":48}},"37":{"start":{"line":116,"column":15},"end":{"line":122,"column":9}},"38":{"start":{"line":117,"column":12},"end":{"line":117,"column":48}},"39":{"start":{"line":118,"column":15},"end":{"line":122,"column":9}},"40":{"start":{"line":119,"column":12},"end":{"line":119,"column":65}},"41":{"start":{"line":121,"column":12},"end":{"line":121,"column":53}},"42":{"start":{"line":133,"column":20},"end":{"line":133,"column":52}},"43":{"start":{"line":134,"column":25},"end":{"line":134,"column":33}},"44":{"start":{"line":135,"column":8},"end":{"line":141,"column":9}},"45":{"start":{"line":135,"column":21},"end":{"line":135,"column":33}},"46":{"start":{"line":136,"column":26},"end":{"line":136,"column":51}},"47":{"start":{"line":137,"column":12},"end":{"line":140,"column":13}},"48":{"start":{"line":138,"column":16},"end":{"line":138,"column":32}},"49":{"start":{"line":139,"column":16},"end":{"line":139,"column":31}},"50":{"start":{"line":143,"column":8},"end":{"line":143,"column":35}},"51":{"start":{"line":156,"column":8},"end":{"line":159,"column":9}},"52":{"start":{"line":158,"column":12},"end":{"line":158,"column":46}},"53":{"start":{"line":160,"column":23},"end":{"line":160,"column":25}},"54":{"start":{"line":161,"column":8},"end":{"line":170,"column":9}},"55":{"start":{"line":161,"column":21},"end":{"line":161,"column":22}},"56":{"start":{"line":162,"column":12},"end":{"line":162,"column":29}},"57":{"start":{"line":163,"column":12},"end":{"line":169,"column":13}},"58":{"start":{"line":163,"column":25},"end":{"line":163,"column":26}},"59":{"start":{"line":164,"column":24},"end":{"line":164,"column":28}},"60":{"start":{"line":165,"column":16},"end":{"line":167,"column":17}},"61":{"start":{"line":165,"column":29},"end":{"line":165,"column":30}},"62":{"start":{"line":166,"column":20},"end":{"line":166,"column":71}},"63":{"start":{"line":168,"column":16},"end":{"line":168,"column":35}},"64":{"start":{"line":171,"column":8},"end":{"line":171,"column":36}},"65":{"start":{"line":180,"column":23},"end":{"line":180,"column":25}},"66":{"start":{"line":182,"column":8},"end":{"line":187,"column":9}},"67":{"start":{"line":182,"column":21},"end":{"line":182,"column":22}},"68":{"start":{"line":183,"column":12},"end":{"line":183,"column":30}},"69":{"start":{"line":184,"column":12},"end":{"line":186,"column":13}},"70":{"start":{"line":184,"column":25},"end":{"line":184,"column":26}},"71":{"start":{"line":185,"column":16},"end":{"line":185,"column":51}},"72":{"start":{"line":189,"column":8},"end":{"line":189,"column":36}},"73":{"start":{"line":200,"column":19},"end":{"line":200,"column":36}},"74":{"start":{"line":201,"column":8},"end":{"line":201,"column":46}},"75":{"start":{"line":202,"column":8},"end":{"line":202,"column":33}},"76":{"start":{"line":203,"column":8},"end":{"line":203,"column":20}},"77":{"start":{"line":212,"column":23},"end":{"line":212,"column":53}},"78":{"start":{"line":213,"column":8},"end":{"line":213,"column":24}},"79":{"start":{"line":223,"column":21},"end":{"line":223,"column":25}},"80":{"start":{"line":224,"column":8},"end":{"line":226,"column":9}},"81":{"start":{"line":224,"column":21},"end":{"line":224,"column":22}},"82":{"start":{"line":225,"column":12},"end":{"line":225,"column":50}},"83":{"start":{"line":227,"column":8},"end":{"line":227,"column":34}},"84":{"start":{"line":238,"column":8},"end":{"line":242,"column":9}},"85":{"start":{"line":238,"column":21},"end":{"line":238,"column":22}},"86":{"start":{"line":239,"column":12},"end":{"line":241,"column":14}},"87":{"start":{"line":244,"column":8},"end":{"line":244,"column":20}},"88":{"start":{"line":272,"column":8},"end":{"line":274,"column":9}},"89":{"start":{"line":272,"column":21},"end":{"line":272,"column":22}},"90":{"start":{"line":273,"column":12},"end":{"line":273,"column":66}},"91":{"start":{"line":275,"column":8},"end":{"line":275,"column":20}},"92":{"start":{"line":285,"column":23},"end":{"line":285,"column":25}},"93":{"start":{"line":286,"column":8},"end":{"line":291,"column":9}},"94":{"start":{"line":286,"column":21},"end":{"line":286,"column":22}},"95":{"start":{"line":287,"column":12},"end":{"line":287,"column":29}},"96":{"start":{"line":288,"column":12},"end":{"line":290,"column":13}},"97":{"start":{"line":288,"column":25},"end":{"line":288,"column":26}},"98":{"start":{"line":289,"column":16},"end":{"line":289,"column":73}},"99":{"start":{"line":292,"column":8},"end":{"line":292,"column":36}},"100":{"start":{"line":303,"column":8},"end":{"line":305,"column":9}},"101":{"start":{"line":304,"column":12},"end":{"line":304,"column":38}},"102":{"start":{"line":307,"column":26},"end":{"line":307,"column":30}},"103":{"start":{"line":308,"column":16},"end":{"line":308,"column":17}},"104":{"start":{"line":309,"column":8},"end":{"line":317,"column":9}},"105":{"start":{"line":309,"column":21},"end":{"line":309,"column":22}},"106":{"start":{"line":310,"column":23},"end":{"line":310,"column":48}},"107":{"start":{"line":311,"column":28},"end":{"line":311,"column":51}},"108":{"start":{"line":312,"column":33},"end":{"line":312,"column":59}},"109":{"start":{"line":313,"column":30},"end":{"line":313,"column":48}},"110":{"start":{"line":314,"column":12},"end":{"line":316,"column":14}},"111":{"start":{"line":319,"column":8},"end":{"line":319,"column":27}},"112":{"start":{"line":331,"column":23},"end":{"line":331,"column":25}},"113":{"start":{"line":332,"column":8},"end":{"line":343,"column":9}},"114":{"start":{"line":332,"column":21},"end":{"line":332,"column":22}},"115":{"start":{"line":333,"column":12},"end":{"line":335,"column":13}},"116":{"start":{"line":334,"column":16},"end":{"line":334,"column":25}},"117":{"start":{"line":336,"column":12},"end":{"line":336,"column":30}},"118":{"start":{"line":337,"column":12},"end":{"line":342,"column":13}},"119":{"start":{"line":337,"column":25},"end":{"line":337,"column":26}},"120":{"start":{"line":338,"column":16},"end":{"line":340,"column":17}},"121":{"start":{"line":339,"column":20},"end":{"line":339,"column":29}},"122":{"start":{"line":341,"column":16},"end":{"line":341,"column":71}},"123":{"start":{"line":344,"column":8},"end":{"line":344,"column":36}},"124":{"start":{"line":353,"column":8},"end":{"line":355,"column":9}},"125":{"start":{"line":353,"column":21},"end":{"line":353,"column":22}},"126":{"start":{"line":354,"column":12},"end":{"line":354,"column":55}},"127":{"start":{"line":356,"column":8},"end":{"line":356,"column":20}},"128":{"start":{"line":387,"column":17},"end":{"line":387,"column":19}},"129":{"start":{"line":388,"column":4},"end":{"line":397,"column":5}},"130":{"start":{"line":388,"column":17},"end":{"line":388,"column":18}},"131":{"start":{"line":389,"column":8},"end":{"line":389,"column":24}},"132":{"start":{"line":390,"column":8},"end":{"line":396,"column":9}},"133":{"start":{"line":390,"column":21},"end":{"line":390,"column":22}},"134":{"start":{"line":391,"column":12},"end":{"line":395,"column":13}},"135":{"start":{"line":392,"column":16},"end":{"line":392,"column":51}},"136":{"start":{"line":394,"column":16},"end":{"line":394,"column":51}},"137":{"start":{"line":398,"column":4},"end":{"line":398,"column":30}}},"fnMap":{"0":{"name":"(anonymous_0)","decl":{"start":{"line":17,"column":4},"end":{"line":17,"column":5}},"loc":{"start":{"line":17,"column":23},"end":{"line":21,"column":5}},"line":17},"1":{"name":"(anonymous_1)","decl":{"start":{"line":23,"column":4},"end":{"line":23,"column":5}},"loc":{"start":{"line":23,"column":28},"end":{"line":25,"column":5}},"line":23},"2":{"name":"(anonymous_2)","decl":{"start":{"line":27,"column":4},"end":{"line":27,"column":5}},"loc":{"start":{"line":27,"column":15},"end":{"line":29,"column":5}},"line":27},"3":{"name":"(anonymous_3)","decl":{"start":{"line":31,"column":4},"end":{"line":31,"column":5}},"loc":{"start":{"line":31,"column":24},"end":{"line":46,"column":5}},"line":31},"4":{"name":"(anonymous_4)","decl":{"start":{"line":52,"column":4},"end":{"line":52,"column":5}},"loc":{"start":{"line":52,"column":12},"end":{"line":61,"column":5}},"line":52},"5":{"name":"(anonymous_5)","decl":{"start":{"line":69,"column":4},"end":{"line":69,"column":5}},"loc":{"start":{"line":69,"column":32},"end":{"line":71,"column":5}},"line":69},"6":{"name":"(anonymous_6)","decl":{"start":{"line":78,"column":4},"end":{"line":78,"column":5}},"loc":{"start":{"line":78,"column":21},"end":{"line":93,"column":5}},"line":78},"7":{"name":"(anonymous_7)","decl":{"start":{"line":98,"column":4},"end":{"line":98,"column":5}},"loc":{"start":{"line":98,"column":21},"end":{"line":101,"column":5}},"line":98},"8":{"name":"(anonymous_8)","decl":{"start":{"line":112,"column":4},"end":{"line":112,"column":5}},"loc":{"start":{"line":112,"column":15},"end":{"line":123,"column":5}},"line":112},"9":{"name":"(anonymous_9)","decl":{"start":{"line":132,"column":4},"end":{"line":132,"column":5}},"loc":{"start":{"line":132,"column":23},"end":{"line":144,"column":5}},"line":132},"10":{"name":"(anonymous_10)","decl":{"start":{"line":155,"column":4},"end":{"line":155,"column":5}},"loc":{"start":{"line":155,"column":28},"end":{"line":172,"column":5}},"line":155},"11":{"name":"(anonymous_11)","decl":{"start":{"line":179,"column":4},"end":{"line":179,"column":5}},"loc":{"start":{"line":179,"column":16},"end":{"line":190,"column":5}},"line":179},"12":{"name":"(anonymous_12)","decl":{"start":{"line":199,"column":4},"end":{"line":199,"column":5}},"loc":{"start":{"line":199,"column":27},"end":{"line":204,"column":5}},"line":199},"13":{"name":"(anonymous_13)","decl":{"start":{"line":211,"column":4},"end":{"line":211,"column":5}},"loc":{"start":{"line":211,"column":17},"end":{"line":214,"column":5}},"line":211},"14":{"name":"(anonymous_14)","decl":{"start":{"line":222,"column":4},"end":{"line":222,"column":5}},"loc":{"start":{"line":222,"column":23},"end":{"line":228,"column":5}},"line":222},"15":{"name":"(anonymous_15)","decl":{"start":{"line":237,"column":4},"end":{"line":237,"column":5}},"loc":{"start":{"line":237,"column":27},"end":{"line":245,"column":5}},"line":237},"16":{"name":"(anonymous_16)","decl":{"start":{"line":271,"column":4},"end":{"line":271,"column":5}},"loc":{"start":{"line":271,"column":38},"end":{"line":276,"column":5}},"line":271},"17":{"name":"(anonymous_17)","decl":{"start":{"line":284,"column":4},"end":{"line":284,"column":5}},"loc":{"start":{"line":284,"column":29},"end":{"line":293,"column":5}},"line":284},"18":{"name":"(anonymous_18)","decl":{"start":{"line":302,"column":4},"end":{"line":302,"column":5}},"loc":{"start":{"line":302,"column":21},"end":{"line":320,"column":5}},"line":302},"19":{"name":"(anonymous_19)","decl":{"start":{"line":330,"column":4},"end":{"line":330,"column":5}},"loc":{"start":{"line":330,"column":46},"end":{"line":345,"column":5}},"line":330},"20":{"name":"(anonymous_20)","decl":{"start":{"line":352,"column":4},"end":{"line":352,"column":5}},"loc":{"start":{"line":352,"column":25},"end":{"line":357,"column":5}},"line":352},"21":{"name":"getUnitMatrix","decl":{"start":{"line":386,"column":16},"end":{"line":386,"column":29}},"loc":{"start":{"line":386,"column":33},"end":{"line":399,"column":1}},"line":386}},"branchMap":{"0":{"loc":{"start":{"line":24,"column":15},"end":{"line":24,"column":68}},"type":"binary-expr","locations":[{"start":{"line":24,"column":15},"end":{"line":24,"column":30}},{"start":{"line":24,"column":34},"end":{"line":24,"column":68}}],"line":24},"1":{"loc":{"start":{"line":32,"column":8},"end":{"line":37,"column":9}},"type":"if","locations":[{"start":{"line":32,"column":8},"end":{"line":37,"column":9}},{"start":{},"end":{}}],"line":32},"2":{"loc":{"start":{"line":33,"column":12},"end":{"line":34,"column":49}},"type":"binary-expr","locations":[{"start":{"line":33,"column":12},"end":{"line":33,"column":43}},{"start":{"line":34,"column":12},"end":{"line":34,"column":49}}],"line":33},"3":{"loc":{"start":{"line":40,"column":16},"end":{"line":42,"column":17}},"type":"if","locations":[{"start":{"line":40,"column":16},"end":{"line":42,"column":17}},{"start":{},"end":{}}],"line":40},"4":{"loc":{"start":{"line":79,"column":8},"end":{"line":84,"column":9}},"type":"if","locations":[{"start":{"line":79,"column":8},"end":{"line":84,"column":9}},{"start":{},"end":{}}],"line":79},"5":{"loc":{"start":{"line":80,"column":12},"end":{"line":81,"column":49}},"type":"binary-expr","locations":[{"start":{"line":80,"column":12},"end":{"line":80,"column":43}},{"start":{"line":81,"column":12},"end":{"line":81,"column":49}}],"line":80},"6":{"loc":{"start":{"line":114,"column":8},"end":{"line":122,"column":9}},"type":"if","locations":[{"start":{"line":114,"column":8},"end":{"line":122,"column":9}},{"start":{"line":116,"column":15},"end":{"line":122,"column":9}}],"line":114},"7":{"loc":{"start":{"line":116,"column":15},"end":{"line":122,"column":9}},"type":"if","locations":[{"start":{"line":116,"column":15},"end":{"line":122,"column":9}},{"start":{"line":118,"column":15},"end":{"line":122,"column":9}}],"line":116},"8":{"loc":{"start":{"line":118,"column":15},"end":{"line":122,"column":9}},"type":"if","locations":[{"start":{"line":118,"column":15},"end":{"line":122,"column":9}},{"start":{"line":120,"column":15},"end":{"line":122,"column":9}}],"line":118},"9":{"loc":{"start":{"line":137,"column":12},"end":{"line":140,"column":13}},"type":"if","locations":[{"start":{"line":137,"column":12},"end":{"line":140,"column":13}},{"start":{},"end":{}}],"line":137},"10":{"loc":{"start":{"line":156,"column":8},"end":{"line":159,"column":9}},"type":"if","locations":[{"start":{"line":156,"column":8},"end":{"line":159,"column":9}},{"start":{},"end":{}}],"line":156},"11":{"loc":{"start":{"line":303,"column":8},"end":{"line":305,"column":9}},"type":"if","locations":[{"start":{"line":303,"column":8},"end":{"line":305,"column":9}},{"start":{},"end":{}}],"line":303},"12":{"loc":{"start":{"line":303,"column":12},"end":{"line":303,"column":51}},"type":"binary-expr","locations":[{"start":{"line":303,"column":12},"end":{"line":303,"column":28}},{"start":{"line":303,"column":32},"end":{"line":303,"column":51}}],"line":303},"13":{"loc":{"start":{"line":310,"column":23},"end":{"line":310,"column":48}},"type":"cond-expr","locations":[{"start":{"line":310,"column":42},"end":{"line":310,"column":43}},{"start":{"line":310,"column":46},"end":{"line":310,"column":48}}],"line":310},"14":{"loc":{"start":{"line":333,"column":12},"end":{"line":335,"column":13}},"type":"if","locations":[{"start":{"line":333,"column":12},"end":{"line":335,"column":13}},{"start":{},"end":{}}],"line":333},"15":{"loc":{"start":{"line":338,"column":16},"end":{"line":340,"column":17}},"type":"if","locations":[{"start":{"line":338,"column":16},"end":{"line":340,"column":17}},{"start":{},"end":{}}],"line":338},"16":{"loc":{"start":{"line":391,"column":12},"end":{"line":395,"column":13}},"type":"if","locations":[{"start":{"line":391,"column":12},"end":{"line":395,"column":13}},{"start":{"line":393,"column":19},"end":{"line":395,"column":13}}],"line":391}},"s":{"0":298,"1":298,"2":298,"3":7,"4":7,"5":15,"6":1,"7":14,"8":14,"9":37,"10":37,"11":103,"12":1,"13":13,"14":1,"15":1,"16":1,"17":3,"18":3,"19":3,"20":9,"21":1,"22":1039,"23":3,"24":1,"25":2,"26":2,"27":2,"28":6,"29":6,"30":6,"31":18,"32":2,"33":1,"34":1,"35":68,"36":63,"37":5,"38":3,"39":2,"40":1,"41":1,"42":15,"43":15,"44":15,"45":15,"46":15,"47":15,"48":5,"49":5,"50":15,"51":3,"52":1,"53":2,"54":2,"55":2,"56":5,"57":5,"58":5,"59":13,"60":13,"61":13,"62":35,"63":13,"64":2,"65":1,"66":1,"67":1,"68":3,"69":3,"70":3,"71":9,"72":1,"73":30,"74":30,"75":30,"76":30,"77":61,"78":61,"79":1,"80":1,"81":1,"82":3,"83":1,"84":61,"85":61,"86":171,"87":61,"88":30,"89":30,"90":84,"91":30,"92":64,"93":64,"94":64,"95":70,"96":70,"97":70,"98":197,"99":64,"100":70,"101":42,"102":28,"103":28,"104":28,"105":28,"106":63,"107":63,"108":63,"109":63,"110":63,"111":28,"112":63,"113":63,"114":63,"115":147,"116":63,"117":84,"118":84,"119":84,"120":210,"121":84,"122":126,"123":63,"124":1,"125":1,"126":3,"127":1,"128":9,"129":9,"130":9,"131":27,"132":27,"133":27,"134":81,"135":27,"136":54,"137":9},"f":{"0":298,"1":7,"2":7,"3":15,"4":1,"5":1039,"6":3,"7":1,"8":68,"9":15,"10":3,"11":1,"12":30,"13":61,"14":1,"15":61,"16":30,"17":64,"18":70,"19":63,"20":1,"21":9},"b":{"0":[7,7],"1":[1,14],"2":[15,14],"3":[1,102],"4":[1,2],"5":[3,2],"6":[63,5],"7":[3,2],"8":[1,1],"9":[5,10],"10":[1,2],"11":[42,28],"12":[70,42],"13":[35,28],"14":[63,84],"15":[84,126],"16":[27,54]},"_coverageSchema":"1a1c01bbd47fc00a2c39e90264f33305004495a9","hash":"3a0bcdc4a38a2ed58fa217fc42e5553ae315e93a"}
}
