{"C:\\Users\\tzehl\\Documents\\python_shit\\Gaussian-Elimination-GUI\\src\\js\\config.js": {"path":"C:\\Users\\tzehl\\Documents\\python_shit\\Gaussian-Elimination-GUI\\src\\js\\config.js","statementMap":{"0":{"start":{"line":1,"column":28},"end":{"line":9,"column":1}}},"fnMap":{},"branchMap":{},"s":{"0":1},"f":{},"b":{},"_coverageSchema":"1a1c01bbd47fc00a2c39e90264f33305004495a9","hash":"83c091c92826425cd13cd7c36bd7fe523961b371"}
,"C:\\Users\\tzehl\\Documents\\python_shit\\Gaussian-Elimination-GUI\\src\\js\\exceptions.js": {"path":"C:\\Users\\tzehl\\Documents\\python_shit\\Gaussian-Elimination-GUI\\src\\js\\exceptions.js","statementMap":{"0":{"start":{"line":3,"column":8},"end":{"line":3,"column":32}},"1":{"start":{"line":9,"column":8},"end":{"line":9,"column":38}},"2":{"start":{"line":15,"column":8},"end":{"line":15,"column":44}},"3":{"start":{"line":21,"column":8},"end":{"line":21,"column":31}},"4":{"start":{"line":27,"column":8},"end":{"line":27,"column":39}}},"fnMap":{"0":{"name":"(anonymous_0)","decl":{"start":{"line":2,"column":4},"end":{"line":2,"column":5}},"loc":{"start":{"line":2,"column":18},"end":{"line":4,"column":5}},"line":2},"1":{"name":"(anonymous_1)","decl":{"start":{"line":8,"column":4},"end":{"line":8,"column":5}},"loc":{"start":{"line":8,"column":18},"end":{"line":10,"column":5}},"line":8},"2":{"name":"(anonymous_2)","decl":{"start":{"line":14,"column":4},"end":{"line":14,"column":5}},"loc":{"start":{"line":14,"column":18},"end":{"line":16,"column":5}},"line":14},"3":{"name":"(anonymous_3)","decl":{"start":{"line":20,"column":4},"end":{"line":20,"column":5}},"loc":{"start":{"line":20,"column":18},"end":{"line":22,"column":5}},"line":20},"4":{"name":"(anonymous_4)","decl":{"start":{"line":26,"column":4},"end":{"line":26,"column":5}},"loc":{"start":{"line":26,"column":18},"end":{"line":28,"column":5}},"line":26}},"branchMap":{},"s":{"0":1,"1":1,"2":0,"3":0,"4":0},"f":{"0":1,"1":1,"2":0,"3":0,"4":0},"b":{},"_coverageSchema":"1a1c01bbd47fc00a2c39e90264f33305004495a9","hash":"dbdf11b6f19b9e7e1daa86d92a991263f8864dc8"}
,"C:\\Users\\tzehl\\Documents\\python_shit\\Gaussian-Elimination-GUI\\src\\js\\intermediate\\table.js": {"path":"C:\\Users\\tzehl\\Documents\\python_shit\\Gaussian-Elimination-GUI\\src\\js\\intermediate\\table.js","statementMap":{"0":{"start":{"line":14,"column":8},"end":{"line":14,"column":21}},"1":{"start":{"line":15,"column":8},"end":{"line":15,"column":28}},"2":{"start":{"line":16,"column":8},"end":{"line":16,"column":34}},"3":{"start":{"line":17,"column":8},"end":{"line":17,"column":60}},"4":{"start":{"line":18,"column":8},"end":{"line":18,"column":34}},"5":{"start":{"line":20,"column":8},"end":{"line":20,"column":62}},"6":{"start":{"line":21,"column":8},"end":{"line":21,"column":44}},"7":{"start":{"line":22,"column":8},"end":{"line":22,"column":23}},"8":{"start":{"line":23,"column":8},"end":{"line":25,"column":9}},"9":{"start":{"line":23,"column":21},"end":{"line":23,"column":22}},"10":{"start":{"line":24,"column":12},"end":{"line":24,"column":26}},"11":{"start":{"line":27,"column":8},"end":{"line":27,"column":60}},"12":{"start":{"line":28,"column":8},"end":{"line":28,"column":59}},"13":{"start":{"line":38,"column":8},"end":{"line":40,"column":9}},"14":{"start":{"line":39,"column":12},"end":{"line":39,"column":26}},"15":{"start":{"line":41,"column":8},"end":{"line":43,"column":9}},"16":{"start":{"line":42,"column":12},"end":{"line":42,"column":29}},"17":{"start":{"line":53,"column":8},"end":{"line":55,"column":9}},"18":{"start":{"line":54,"column":12},"end":{"line":54,"column":29}},"19":{"start":{"line":56,"column":8},"end":{"line":58,"column":9}},"20":{"start":{"line":57,"column":12},"end":{"line":57,"column":32}},"21":{"start":{"line":69,"column":21},"end":{"line":69,"column":49}},"22":{"start":{"line":70,"column":22},"end":{"line":70,"column":53}},"23":{"start":{"line":71,"column":8},"end":{"line":71,"column":25}},"24":{"start":{"line":72,"column":8},"end":{"line":72,"column":49}},"25":{"start":{"line":73,"column":8},"end":{"line":73,"column":50}},"26":{"start":{"line":74,"column":8},"end":{"line":74,"column":53}},"27":{"start":{"line":76,"column":8},"end":{"line":76,"column":41}},"28":{"start":{"line":77,"column":8},"end":{"line":77,"column":39}},"29":{"start":{"line":78,"column":8},"end":{"line":78,"column":32}},"30":{"start":{"line":79,"column":8},"end":{"line":79,"column":20}},"31":{"start":{"line":83,"column":33},"end":{"line":83,"column":50}},"32":{"start":{"line":85,"column":8},"end":{"line":87,"column":9}},"33":{"start":{"line":86,"column":12},"end":{"line":86,"column":50}},"34":{"start":{"line":89,"column":29},"end":{"line":89,"column":57}},"35":{"start":{"line":90,"column":8},"end":{"line":90,"column":45}},"36":{"start":{"line":92,"column":8},"end":{"line":104,"column":9}},"37":{"start":{"line":92,"column":21},"end":{"line":92,"column":22}},"38":{"start":{"line":93,"column":33},"end":{"line":93,"column":61}},"39":{"start":{"line":94,"column":12},"end":{"line":94,"column":52}},"40":{"start":{"line":95,"column":25},"end":{"line":95,"column":54}},"41":{"start":{"line":96,"column":12},"end":{"line":96,"column":37}},"42":{"start":{"line":97,"column":12},"end":{"line":97,"column":47}},"43":{"start":{"line":103,"column":12},"end":{"line":103,"column":55}},"44":{"start":{"line":106,"column":8},"end":{"line":109,"column":10}},"45":{"start":{"line":119,"column":22},"end":{"line":119,"column":38}},"46":{"start":{"line":120,"column":20},"end":{"line":120,"column":48}},"47":{"start":{"line":121,"column":8},"end":{"line":121,"column":23}},"48":{"start":{"line":123,"column":8},"end":{"line":126,"column":9}},"49":{"start":{"line":123,"column":21},"end":{"line":123,"column":22}},"50":{"start":{"line":124,"column":25},"end":{"line":124,"column":47}},"51":{"start":{"line":125,"column":12},"end":{"line":125,"column":34}},"52":{"start":{"line":128,"column":8},"end":{"line":128,"column":28}},"53":{"start":{"line":129,"column":8},"end":{"line":129,"column":43}},"54":{"start":{"line":139,"column":8},"end":{"line":139,"column":27}},"55":{"start":{"line":140,"column":8},"end":{"line":143,"column":9}},"56":{"start":{"line":140,"column":21},"end":{"line":140,"column":22}},"57":{"start":{"line":141,"column":25},"end":{"line":141,"column":59}},"58":{"start":{"line":142,"column":12},"end":{"line":142,"column":43}},"59":{"start":{"line":147,"column":24},"end":{"line":184,"column":9}},"60":{"start":{"line":152,"column":20},"end":{"line":154,"column":21}},"61":{"start":{"line":153,"column":24},"end":{"line":153,"column":38}},"62":{"start":{"line":161,"column":20},"end":{"line":163,"column":21}},"63":{"start":{"line":162,"column":24},"end":{"line":162,"column":46}},"64":{"start":{"line":170,"column":20},"end":{"line":172,"column":21}},"65":{"start":{"line":171,"column":24},"end":{"line":171,"column":41}},"66":{"start":{"line":179,"column":20},"end":{"line":181,"column":21}},"67":{"start":{"line":180,"column":24},"end":{"line":180,"column":49}},"68":{"start":{"line":186,"column":8},"end":{"line":193,"column":11}},"69":{"start":{"line":187,"column":34},"end":{"line":187,"column":66}},"70":{"start":{"line":188,"column":12},"end":{"line":188,"column":56}},"71":{"start":{"line":189,"column":12},"end":{"line":189,"column":52}},"72":{"start":{"line":191,"column":12},"end":{"line":191,"column":80}},"73":{"start":{"line":192,"column":12},"end":{"line":192,"column":59}},"74":{"start":{"line":202,"column":8},"end":{"line":202,"column":24}},"75":{"start":{"line":203,"column":8},"end":{"line":203,"column":67}},"76":{"start":{"line":212,"column":8},"end":{"line":212,"column":27}},"77":{"start":{"line":213,"column":8},"end":{"line":215,"column":9}},"78":{"start":{"line":213,"column":21},"end":{"line":213,"column":22}},"79":{"start":{"line":214,"column":12},"end":{"line":214,"column":61}},"80":{"start":{"line":225,"column":8},"end":{"line":227,"column":9}},"81":{"start":{"line":226,"column":12},"end":{"line":226,"column":44}},"82":{"start":{"line":230,"column":8},"end":{"line":230,"column":42}},"83":{"start":{"line":231,"column":8},"end":{"line":231,"column":48}},"84":{"start":{"line":233,"column":19},"end":{"line":233,"column":31}},"85":{"start":{"line":234,"column":8},"end":{"line":239,"column":9}},"86":{"start":{"line":234,"column":21},"end":{"line":234,"column":22}},"87":{"start":{"line":235,"column":12},"end":{"line":238,"column":13}},"88":{"start":{"line":235,"column":25},"end":{"line":235,"column":26}},"89":{"start":{"line":236,"column":28},"end":{"line":236,"column":68}},"90":{"start":{"line":237,"column":16},"end":{"line":237,"column":53}},"91":{"start":{"line":248,"column":8},"end":{"line":251,"column":9}},"92":{"start":{"line":248,"column":21},"end":{"line":248,"column":22}},"93":{"start":{"line":249,"column":24},"end":{"line":249,"column":67}},"94":{"start":{"line":250,"column":12},"end":{"line":250,"column":60}},"95":{"start":{"line":260,"column":8},"end":{"line":262,"column":9}},"96":{"start":{"line":261,"column":12},"end":{"line":261,"column":38}},"97":{"start":{"line":263,"column":19},"end":{"line":263,"column":21}},"98":{"start":{"line":264,"column":8},"end":{"line":273,"column":9}},"99":{"start":{"line":264,"column":21},"end":{"line":264,"column":22}},"100":{"start":{"line":265,"column":22},"end":{"line":265,"column":24}},"101":{"start":{"line":266,"column":12},"end":{"line":271,"column":13}},"102":{"start":{"line":266,"column":25},"end":{"line":266,"column":26}},"103":{"start":{"line":267,"column":28},"end":{"line":267,"column":68}},"104":{"start":{"line":268,"column":26},"end":{"line":268,"column":37}},"105":{"start":{"line":269,"column":16},"end":{"line":269,"column":44}},"106":{"start":{"line":270,"column":16},"end":{"line":270,"column":30}},"107":{"start":{"line":272,"column":12},"end":{"line":272,"column":27}},"108":{"start":{"line":274,"column":8},"end":{"line":274,"column":32}},"109":{"start":{"line":275,"column":8},"end":{"line":275,"column":20}},"110":{"start":{"line":282,"column":8},"end":{"line":282,"column":29}},"111":{"start":{"line":283,"column":8},"end":{"line":288,"column":9}},"112":{"start":{"line":283,"column":21},"end":{"line":283,"column":22}},"113":{"start":{"line":284,"column":12},"end":{"line":287,"column":13}},"114":{"start":{"line":284,"column":25},"end":{"line":284,"column":26}},"115":{"start":{"line":285,"column":28},"end":{"line":285,"column":68}},"116":{"start":{"line":286,"column":16},"end":{"line":286,"column":38}},"117":{"start":{"line":295,"column":8},"end":{"line":295,"column":28}},"118":{"start":{"line":296,"column":8},"end":{"line":301,"column":9}},"119":{"start":{"line":296,"column":21},"end":{"line":296,"column":22}},"120":{"start":{"line":297,"column":12},"end":{"line":300,"column":13}},"121":{"start":{"line":297,"column":25},"end":{"line":297,"column":26}},"122":{"start":{"line":298,"column":28},"end":{"line":298,"column":68}},"123":{"start":{"line":299,"column":16},"end":{"line":299,"column":39}},"124":{"start":{"line":306,"column":8},"end":{"line":310,"column":9}},"125":{"start":{"line":307,"column":12},"end":{"line":307,"column":29}},"126":{"start":{"line":309,"column":12},"end":{"line":309,"column":30}},"127":{"start":{"line":317,"column":8},"end":{"line":317,"column":44}},"128":{"start":{"line":318,"column":8},"end":{"line":325,"column":9}},"129":{"start":{"line":318,"column":21},"end":{"line":318,"column":22}},"130":{"start":{"line":319,"column":12},"end":{"line":324,"column":13}},"131":{"start":{"line":319,"column":25},"end":{"line":319,"column":26}},"132":{"start":{"line":320,"column":28},"end":{"line":320,"column":68}},"133":{"start":{"line":321,"column":26},"end":{"line":321,"column":37}},"134":{"start":{"line":322,"column":16},"end":{"line":322,"column":44}},"135":{"start":{"line":323,"column":16},"end":{"line":323,"column":46}},"136":{"start":{"line":332,"column":8},"end":{"line":335,"column":9}},"137":{"start":{"line":333,"column":12},"end":{"line":333,"column":45}},"138":{"start":{"line":334,"column":12},"end":{"line":334,"column":19}},"139":{"start":{"line":336,"column":8},"end":{"line":343,"column":9}},"140":{"start":{"line":336,"column":21},"end":{"line":336,"column":22}},"141":{"start":{"line":337,"column":12},"end":{"line":342,"column":13}},"142":{"start":{"line":337,"column":25},"end":{"line":337,"column":26}},"143":{"start":{"line":338,"column":28},"end":{"line":338,"column":68}},"144":{"start":{"line":339,"column":26},"end":{"line":339,"column":37}},"145":{"start":{"line":340,"column":16},"end":{"line":340,"column":44}},"146":{"start":{"line":341,"column":16},"end":{"line":341,"column":46}},"147":{"start":{"line":353,"column":19},"end":{"line":353,"column":56}},"148":{"start":{"line":353,"column":39},"end":{"line":353,"column":55}},"149":{"start":{"line":355,"column":4},"end":{"line":414,"column":7}},"150":{"start":{"line":356,"column":27},"end":{"line":356,"column":52}},"151":{"start":{"line":357,"column":18},"end":{"line":357,"column":19}},"152":{"start":{"line":358,"column":21},"end":{"line":358,"column":22}},"153":{"start":{"line":359,"column":22},"end":{"line":359,"column":23}},"154":{"start":{"line":360,"column":23},"end":{"line":360,"column":24}},"155":{"start":{"line":362,"column":8},"end":{"line":367,"column":9}},"156":{"start":{"line":363,"column":12},"end":{"line":363,"column":49}},"157":{"start":{"line":364,"column":12},"end":{"line":364,"column":49}},"158":{"start":{"line":365,"column":12},"end":{"line":365,"column":53}},"159":{"start":{"line":366,"column":12},"end":{"line":366,"column":56}},"160":{"start":{"line":369,"column":8},"end":{"line":410,"column":9}},"161":{"start":{"line":370,"column":12},"end":{"line":370,"column":21}},"162":{"start":{"line":371,"column":15},"end":{"line":410,"column":9}},"163":{"start":{"line":372,"column":12},"end":{"line":372,"column":21}},"164":{"start":{"line":373,"column":15},"end":{"line":410,"column":9}},"165":{"start":{"line":374,"column":12},"end":{"line":374,"column":24}},"166":{"start":{"line":375,"column":15},"end":{"line":410,"column":9}},"167":{"start":{"line":379,"column":12},"end":{"line":379,"column":24}},"168":{"start":{"line":380,"column":15},"end":{"line":410,"column":9}},"169":{"start":{"line":385,"column":12},"end":{"line":385,"column":26}},"170":{"start":{"line":386,"column":12},"end":{"line":386,"column":45}},"171":{"start":{"line":387,"column":15},"end":{"line":410,"column":9}},"172":{"start":{"line":392,"column":12},"end":{"line":392,"column":26}},"173":{"start":{"line":393,"column":12},"end":{"line":393,"column":20}},"174":{"start":{"line":394,"column":15},"end":{"line":410,"column":9}},"175":{"start":{"line":399,"column":12},"end":{"line":399,"column":26}},"176":{"start":{"line":400,"column":12},"end":{"line":400,"column":51}},"177":{"start":{"line":401,"column":15},"end":{"line":410,"column":9}},"178":{"start":{"line":406,"column":12},"end":{"line":406,"column":26}},"179":{"start":{"line":407,"column":12},"end":{"line":407,"column":23}},"180":{"start":{"line":409,"column":12},"end":{"line":409,"column":19}},"181":{"start":{"line":411,"column":8},"end":{"line":411,"column":37}},"182":{"start":{"line":412,"column":19},"end":{"line":412,"column":73}},"183":{"start":{"line":413,"column":8},"end":{"line":413,"column":22}}},"fnMap":{"0":{"name":"(anonymous_0)","decl":{"start":{"line":13,"column":4},"end":{"line":13,"column":5}},"loc":{"start":{"line":13,"column":30},"end":{"line":29,"column":5}},"line":13},"1":{"name":"(anonymous_1)","decl":{"start":{"line":37,"column":4},"end":{"line":37,"column":5}},"loc":{"start":{"line":37,"column":20},"end":{"line":44,"column":5}},"line":37},"2":{"name":"(anonymous_2)","decl":{"start":{"line":52,"column":4},"end":{"line":52,"column":5}},"loc":{"start":{"line":52,"column":26},"end":{"line":59,"column":5}},"line":52},"3":{"name":"(anonymous_3)","decl":{"start":{"line":68,"column":4},"end":{"line":68,"column":5}},"loc":{"start":{"line":68,"column":29},"end":{"line":80,"column":5}},"line":68},"4":{"name":"(anonymous_4)","decl":{"start":{"line":82,"column":4},"end":{"line":82,"column":5}},"loc":{"start":{"line":82,"column":33},"end":{"line":110,"column":5}},"line":82},"5":{"name":"(anonymous_5)","decl":{"start":{"line":118,"column":4},"end":{"line":118,"column":5}},"loc":{"start":{"line":118,"column":13},"end":{"line":130,"column":5}},"line":118},"6":{"name":"(anonymous_6)","decl":{"start":{"line":138,"column":4},"end":{"line":138,"column":5}},"loc":{"start":{"line":138,"column":16},"end":{"line":144,"column":5}},"line":138},"7":{"name":"(anonymous_7)","decl":{"start":{"line":146,"column":4},"end":{"line":146,"column":5}},"loc":{"start":{"line":146,"column":17},"end":{"line":194,"column":5}},"line":146},"8":{"name":"(anonymous_8)","decl":{"start":{"line":151,"column":26},"end":{"line":151,"column":27}},"loc":{"start":{"line":151,"column":31},"end":{"line":155,"column":17}},"line":151},"9":{"name":"(anonymous_9)","decl":{"start":{"line":160,"column":26},"end":{"line":160,"column":27}},"loc":{"start":{"line":160,"column":31},"end":{"line":164,"column":17}},"line":160},"10":{"name":"(anonymous_10)","decl":{"start":{"line":169,"column":26},"end":{"line":169,"column":27}},"loc":{"start":{"line":169,"column":31},"end":{"line":173,"column":17}},"line":169},"11":{"name":"(anonymous_11)","decl":{"start":{"line":178,"column":26},"end":{"line":178,"column":27}},"loc":{"start":{"line":178,"column":31},"end":{"line":182,"column":17}},"line":178},"12":{"name":"(anonymous_12)","decl":{"start":{"line":186,"column":24},"end":{"line":186,"column":25}},"loc":{"start":{"line":186,"column":34},"end":{"line":193,"column":9}},"line":186},"13":{"name":"(anonymous_13)","decl":{"start":{"line":201,"column":4},"end":{"line":201,"column":5}},"loc":{"start":{"line":201,"column":16},"end":{"line":204,"column":5}},"line":201},"14":{"name":"(anonymous_14)","decl":{"start":{"line":211,"column":4},"end":{"line":211,"column":5}},"loc":{"start":{"line":211,"column":19},"end":{"line":216,"column":5}},"line":211},"15":{"name":"(anonymous_15)","decl":{"start":{"line":223,"column":4},"end":{"line":223,"column":5}},"loc":{"start":{"line":223,"column":20},"end":{"line":240,"column":5}},"line":223},"16":{"name":"(anonymous_16)","decl":{"start":{"line":247,"column":4},"end":{"line":247,"column":5}},"loc":{"start":{"line":247,"column":25},"end":{"line":252,"column":5}},"line":247},"17":{"name":"(anonymous_17)","decl":{"start":{"line":259,"column":4},"end":{"line":259,"column":5}},"loc":{"start":{"line":259,"column":14},"end":{"line":276,"column":5}},"line":259},"18":{"name":"(anonymous_18)","decl":{"start":{"line":281,"column":4},"end":{"line":281,"column":5}},"loc":{"start":{"line":281,"column":19},"end":{"line":289,"column":5}},"line":281},"19":{"name":"(anonymous_19)","decl":{"start":{"line":294,"column":4},"end":{"line":294,"column":5}},"loc":{"start":{"line":294,"column":18},"end":{"line":302,"column":5}},"line":294},"20":{"name":"(anonymous_20)","decl":{"start":{"line":305,"column":4},"end":{"line":305,"column":5}},"loc":{"start":{"line":305,"column":43},"end":{"line":311,"column":5}},"line":305},"21":{"name":"(anonymous_21)","decl":{"start":{"line":316,"column":4},"end":{"line":316,"column":5}},"loc":{"start":{"line":316,"column":16},"end":{"line":326,"column":5}},"line":316},"22":{"name":"(anonymous_22)","decl":{"start":{"line":331,"column":4},"end":{"line":331,"column":5}},"loc":{"start":{"line":331,"column":17},"end":{"line":344,"column":5}},"line":331},"23":{"name":"addKeyDownListener","decl":{"start":{"line":352,"column":16},"end":{"line":352,"column":34}},"loc":{"start":{"line":352,"column":72},"end":{"line":415,"column":1}},"line":352},"24":{"name":"(anonymous_24)","decl":{"start":{"line":353,"column":30},"end":{"line":353,"column":31}},"loc":{"start":{"line":353,"column":39},"end":{"line":353,"column":55}},"line":353},"25":{"name":"(anonymous_25)","decl":{"start":{"line":355,"column":41},"end":{"line":355,"column":42}},"loc":{"start":{"line":355,"column":54},"end":{"line":414,"column":5}},"line":355}},"branchMap":{"0":{"loc":{"start":{"line":20,"column":24},"end":{"line":20,"column":61}},"type":"binary-expr","locations":[{"start":{"line":20,"column":24},"end":{"line":20,"column":32}},{"start":{"line":20,"column":36},"end":{"line":20,"column":61}}],"line":20},"1":{"loc":{"start":{"line":85,"column":8},"end":{"line":87,"column":9}},"type":"if","locations":[{"start":{"line":85,"column":8},"end":{"line":87,"column":9}},{"start":{},"end":{}}],"line":85},"2":{"loc":{"start":{"line":152,"column":20},"end":{"line":154,"column":21}},"type":"if","locations":[{"start":{"line":152,"column":20},"end":{"line":154,"column":21}},{"start":{},"end":{}}],"line":152},"3":{"loc":{"start":{"line":161,"column":20},"end":{"line":163,"column":21}},"type":"if","locations":[{"start":{"line":161,"column":20},"end":{"line":163,"column":21}},{"start":{},"end":{}}],"line":161},"4":{"loc":{"start":{"line":170,"column":20},"end":{"line":172,"column":21}},"type":"if","locations":[{"start":{"line":170,"column":20},"end":{"line":172,"column":21}},{"start":{},"end":{}}],"line":170},"5":{"loc":{"start":{"line":179,"column":20},"end":{"line":181,"column":21}},"type":"if","locations":[{"start":{"line":179,"column":20},"end":{"line":181,"column":21}},{"start":{},"end":{}}],"line":179},"6":{"loc":{"start":{"line":225,"column":8},"end":{"line":227,"column":9}},"type":"if","locations":[{"start":{"line":225,"column":8},"end":{"line":227,"column":9}},{"start":{},"end":{}}],"line":225},"7":{"loc":{"start":{"line":260,"column":8},"end":{"line":262,"column":9}},"type":"if","locations":[{"start":{"line":260,"column":8},"end":{"line":262,"column":9}},{"start":{},"end":{}}],"line":260},"8":{"loc":{"start":{"line":305,"column":26},"end":{"line":305,"column":41}},"type":"default-arg","locations":[{"start":{"line":305,"column":36},"end":{"line":305,"column":41}}],"line":305},"9":{"loc":{"start":{"line":306,"column":8},"end":{"line":310,"column":9}},"type":"if","locations":[{"start":{"line":306,"column":8},"end":{"line":310,"column":9}},{"start":{"line":308,"column":15},"end":{"line":310,"column":9}}],"line":306},"10":{"loc":{"start":{"line":332,"column":8},"end":{"line":335,"column":9}},"type":"if","locations":[{"start":{"line":332,"column":8},"end":{"line":335,"column":9}},{"start":{},"end":{}}],"line":332},"11":{"loc":{"start":{"line":352,"column":43},"end":{"line":352,"column":70}},"type":"default-arg","locations":[{"start":{"line":352,"column":65},"end":{"line":352,"column":70}}],"line":352},"12":{"loc":{"start":{"line":362,"column":8},"end":{"line":367,"column":9}},"type":"if","locations":[{"start":{"line":362,"column":8},"end":{"line":367,"column":9}},{"start":{},"end":{}}],"line":362},"13":{"loc":{"start":{"line":369,"column":8},"end":{"line":410,"column":9}},"type":"if","locations":[{"start":{"line":369,"column":8},"end":{"line":410,"column":9}},{"start":{"line":371,"column":15},"end":{"line":410,"column":9}}],"line":369},"14":{"loc":{"start":{"line":369,"column":12},"end":{"line":369,"column":42}},"type":"binary-expr","locations":[{"start":{"line":369,"column":12},"end":{"line":369,"column":31}},{"start":{"line":369,"column":35},"end":{"line":369,"column":42}}],"line":369},"15":{"loc":{"start":{"line":371,"column":15},"end":{"line":410,"column":9}},"type":"if","locations":[{"start":{"line":371,"column":15},"end":{"line":410,"column":9}},{"start":{"line":373,"column":15},"end":{"line":410,"column":9}}],"line":371},"16":{"loc":{"start":{"line":371,"column":19},"end":{"line":371,"column":76}},"type":"binary-expr","locations":[{"start":{"line":371,"column":19},"end":{"line":371,"column":40}},{"start":{"line":371,"column":44},"end":{"line":371,"column":76}}],"line":371},"17":{"loc":{"start":{"line":373,"column":15},"end":{"line":410,"column":9}},"type":"if","locations":[{"start":{"line":373,"column":15},"end":{"line":410,"column":9}},{"start":{"line":375,"column":15},"end":{"line":410,"column":9}}],"line":373},"18":{"loc":{"start":{"line":373,"column":19},"end":{"line":373,"column":54}},"type":"binary-expr","locations":[{"start":{"line":373,"column":19},"end":{"line":373,"column":40}},{"start":{"line":373,"column":44},"end":{"line":373,"column":54}}],"line":373},"19":{"loc":{"start":{"line":375,"column":15},"end":{"line":410,"column":9}},"type":"if","locations":[{"start":{"line":375,"column":15},"end":{"line":410,"column":9}},{"start":{"line":380,"column":15},"end":{"line":410,"column":9}}],"line":375},"20":{"loc":{"start":{"line":376,"column":12},"end":{"line":377,"column":50}},"type":"binary-expr","locations":[{"start":{"line":376,"column":12},"end":{"line":376,"column":34}},{"start":{"line":377,"column":12},"end":{"line":377,"column":50}}],"line":376},"21":{"loc":{"start":{"line":380,"column":15},"end":{"line":410,"column":9}},"type":"if","locations":[{"start":{"line":380,"column":15},"end":{"line":410,"column":9}},{"start":{"line":387,"column":15},"end":{"line":410,"column":9}}],"line":380},"22":{"loc":{"start":{"line":381,"column":12},"end":{"line":383,"column":32}},"type":"binary-expr","locations":[{"start":{"line":381,"column":12},"end":{"line":381,"column":31}},{"start":{"line":382,"column":12},"end":{"line":382,"column":24}},{"start":{"line":383,"column":12},"end":{"line":383,"column":32}}],"line":381},"23":{"loc":{"start":{"line":387,"column":15},"end":{"line":410,"column":9}},"type":"if","locations":[{"start":{"line":387,"column":15},"end":{"line":410,"column":9}},{"start":{"line":394,"column":15},"end":{"line":410,"column":9}}],"line":387},"24":{"loc":{"start":{"line":388,"column":12},"end":{"line":390,"column":32}},"type":"binary-expr","locations":[{"start":{"line":388,"column":12},"end":{"line":388,"column":33}},{"start":{"line":389,"column":12},"end":{"line":389,"column":40}},{"start":{"line":390,"column":12},"end":{"line":390,"column":32}}],"line":388},"25":{"loc":{"start":{"line":394,"column":15},"end":{"line":410,"column":9}},"type":"if","locations":[{"start":{"line":394,"column":15},"end":{"line":410,"column":9}},{"start":{"line":401,"column":15},"end":{"line":410,"column":9}}],"line":394},"26":{"loc":{"start":{"line":395,"column":12},"end":{"line":397,"column":31}},"type":"binary-expr","locations":[{"start":{"line":395,"column":12},"end":{"line":395,"column":33}},{"start":{"line":396,"column":12},"end":{"line":396,"column":24}},{"start":{"line":397,"column":12},"end":{"line":397,"column":31}}],"line":395},"27":{"loc":{"start":{"line":401,"column":15},"end":{"line":410,"column":9}},"type":"if","locations":[{"start":{"line":401,"column":15},"end":{"line":410,"column":9}},{"start":{"line":408,"column":15},"end":{"line":410,"column":9}}],"line":401},"28":{"loc":{"start":{"line":402,"column":12},"end":{"line":404,"column":31}},"type":"binary-expr","locations":[{"start":{"line":402,"column":12},"end":{"line":402,"column":34}},{"start":{"line":403,"column":12},"end":{"line":403,"column":40}},{"start":{"line":404,"column":12},"end":{"line":404,"column":31}}],"line":402}},"s":{"0":12,"1":12,"2":12,"3":12,"4":12,"5":12,"6":12,"7":12,"8":12,"9":12,"10":36,"11":12,"12":12,"13":8,"14":4,"15":8,"16":4,"17":7,"18":4,"19":7,"20":3,"21":135,"22":135,"23":135,"24":135,"25":135,"26":135,"27":135,"28":135,"29":135,"30":135,"31":0,"32":0,"33":0,"34":0,"35":0,"36":0,"37":0,"38":0,"39":0,"40":0,"41":0,"42":0,"43":0,"44":0,"45":40,"46":40,"47":40,"48":40,"49":40,"50":120,"51":120,"52":40,"53":40,"54":5,"55":5,"56":5,"57":15,"58":15,"59":0,"60":0,"61":0,"62":0,"63":0,"64":0,"65":0,"66":0,"67":0,"68":0,"69":0,"70":0,"71":0,"72":0,"73":0,"74":4,"75":4,"76":4,"77":4,"78":4,"79":7,"80":5,"81":1,"82":5,"83":5,"84":5,"85":5,"86":5,"87":13,"88":13,"89":37,"90":37,"91":1,"92":1,"93":3,"94":3,"95":6,"96":0,"97":6,"98":6,"99":6,"100":15,"101":15,"102":15,"103":41,"104":41,"105":41,"106":41,"107":15,"108":6,"109":6,"110":1,"111":1,"112":1,"113":3,"114":3,"115":9,"116":9,"117":0,"118":0,"119":0,"120":0,"121":0,"122":0,"123":0,"124":0,"125":0,"126":0,"127":2,"128":2,"129":2,"130":6,"131":6,"132":18,"133":18,"134":18,"135":18,"136":1,"137":1,"138":1,"139":0,"140":0,"141":0,"142":0,"143":0,"144":0,"145":0,"146":0,"147":0,"148":0,"149":0,"150":0,"151":0,"152":0,"153":0,"154":0,"155":0,"156":0,"157":0,"158":0,"159":0,"160":0,"161":0,"162":0,"163":0,"164":0,"165":0,"166":0,"167":0,"168":0,"169":0,"170":0,"171":0,"172":0,"173":0,"174":0,"175":0,"176":0,"177":0,"178":0,"179":0,"180":0,"181":0,"182":0,"183":0},"f":{"0":12,"1":8,"2":7,"3":135,"4":0,"5":40,"6":5,"7":0,"8":0,"9":0,"10":0,"11":0,"12":0,"13":4,"14":4,"15":5,"16":1,"17":6,"18":1,"19":0,"20":0,"21":2,"22":1,"23":0,"24":0,"25":0},"b":{"0":[12,12],"1":[0,0],"2":[0,0],"3":[0,0],"4":[0,0],"5":[0,0],"6":[1,4],"7":[0,6],"8":[0],"9":[0,0],"10":[1,0],"11":[0],"12":[0,0],"13":[0,0],"14":[0,0],"15":[0,0],"16":[0,0],"17":[0,0],"18":[0,0],"19":[0,0],"20":[0,0],"21":[0,0],"22":[0,0,0],"23":[0,0],"24":[0,0,0],"25":[0,0],"26":[0,0,0],"27":[0,0],"28":[0,0,0]},"_coverageSchema":"1a1c01bbd47fc00a2c39e90264f33305004495a9","hash":"dc37d59526a9c712c92a0052da7c908f1f41e137"}
,"C:\\Users\\tzehl\\Documents\\python_shit\\Gaussian-Elimination-GUI\\src\\js\\logic\\fraction.js": {"path":"C:\\Users\\tzehl\\Documents\\python_shit\\Gaussian-Elimination-GUI\\src\\js\\logic\\fraction.js","statementMap":{"0":{"start":{"line":19,"column":8},"end":{"line":19,"column":35}},"1":{"start":{"line":20,"column":8},"end":{"line":20,"column":39}},"2":{"start":{"line":32,"column":8},"end":{"line":32,"column":62}},"3":{"start":{"line":41,"column":8},"end":{"line":43,"column":9}},"4":{"start":{"line":42,"column":12},"end":{"line":42,"column":22}},"5":{"start":{"line":45,"column":8},"end":{"line":47,"column":9}},"6":{"start":{"line":46,"column":12},"end":{"line":46,"column":45}},"7":{"start":{"line":48,"column":8},"end":{"line":48,"column":77}},"8":{"start":{"line":58,"column":8},"end":{"line":60,"column":9}},"9":{"start":{"line":59,"column":12},"end":{"line":59,"column":43}},"10":{"start":{"line":61,"column":8},"end":{"line":61,"column":62}},"11":{"start":{"line":73,"column":12},"end":{"line":74,"column":46}},"12":{"start":{"line":75,"column":26},"end":{"line":75,"column":62}},"13":{"start":{"line":76,"column":26},"end":{"line":76,"column":62}},"14":{"start":{"line":77,"column":8},"end":{"line":77,"column":43}},"15":{"start":{"line":78,"column":8},"end":{"line":78,"column":27}},"16":{"start":{"line":88,"column":8},"end":{"line":88,"column":56}},"17":{"start":{"line":92,"column":8},"end":{"line":92,"column":36}},"18":{"start":{"line":102,"column":8},"end":{"line":105,"column":10}},"19":{"start":{"line":116,"column":8},"end":{"line":118,"column":9}},"20":{"start":{"line":117,"column":12},"end":{"line":117,"column":24}},"21":{"start":{"line":119,"column":8},"end":{"line":119,"column":31}},"22":{"start":{"line":120,"column":26},"end":{"line":120,"column":39}},"23":{"start":{"line":121,"column":8},"end":{"line":124,"column":10}},"24":{"start":{"line":132,"column":8},"end":{"line":135,"column":10}},"25":{"start":{"line":149,"column":8},"end":{"line":151,"column":9}},"26":{"start":{"line":150,"column":12},"end":{"line":150,"column":52}},"27":{"start":{"line":153,"column":8},"end":{"line":155,"column":9}},"28":{"start":{"line":154,"column":12},"end":{"line":154,"column":35}},"29":{"start":{"line":156,"column":24},"end":{"line":156,"column":56}},"30":{"start":{"line":157,"column":26},"end":{"line":157,"column":62}},"31":{"start":{"line":159,"column":26},"end":{"line":159,"column":62}},"32":{"start":{"line":160,"column":8},"end":{"line":160,"column":43}},"33":{"start":{"line":161,"column":8},"end":{"line":161,"column":27}},"34":{"start":{"line":171,"column":8},"end":{"line":171,"column":41}},"35":{"start":{"line":180,"column":16},"end":{"line":180,"column":30}},"36":{"start":{"line":181,"column":16},"end":{"line":181,"column":32}},"37":{"start":{"line":182,"column":8},"end":{"line":186,"column":9}},"38":{"start":{"line":183,"column":23},"end":{"line":183,"column":24}},"39":{"start":{"line":184,"column":12},"end":{"line":184,"column":22}},"40":{"start":{"line":185,"column":12},"end":{"line":185,"column":21}},"41":{"start":{"line":187,"column":8},"end":{"line":187,"column":17}},"42":{"start":{"line":198,"column":18},"end":{"line":198,"column":28}},"43":{"start":{"line":199,"column":8},"end":{"line":199,"column":30}},"44":{"start":{"line":200,"column":8},"end":{"line":200,"column":32}},"45":{"start":{"line":203,"column":8},"end":{"line":206,"column":9}},"46":{"start":{"line":204,"column":12},"end":{"line":204,"column":33}},"47":{"start":{"line":205,"column":12},"end":{"line":205,"column":35}},"48":{"start":{"line":208,"column":8},"end":{"line":208,"column":20}},"49":{"start":{"line":217,"column":8},"end":{"line":220,"column":10}},"50":{"start":{"line":229,"column":19},"end":{"line":229,"column":37}},"51":{"start":{"line":236,"column":20},"end":{"line":236,"column":38}},"52":{"start":{"line":243,"column":22},"end":{"line":243,"column":41}},"53":{"start":{"line":264,"column":4},"end":{"line":267,"column":5}},"54":{"start":{"line":266,"column":8},"end":{"line":266,"column":20}},"55":{"start":{"line":269,"column":4},"end":{"line":293,"column":5}},"56":{"start":{"line":271,"column":8},"end":{"line":271,"column":53}},"57":{"start":{"line":272,"column":8},"end":{"line":272,"column":38}},"58":{"start":{"line":273,"column":8},"end":{"line":273,"column":42}},"59":{"start":{"line":275,"column":8},"end":{"line":277,"column":9}},"60":{"start":{"line":276,"column":12},"end":{"line":276,"column":46}},"61":{"start":{"line":278,"column":11},"end":{"line":293,"column":5}},"62":{"start":{"line":280,"column":8},"end":{"line":280,"column":42}},"63":{"start":{"line":282,"column":21},"end":{"line":282,"column":48}},"64":{"start":{"line":284,"column":22},"end":{"line":284,"column":36}},"65":{"start":{"line":285,"column":8},"end":{"line":285,"column":35}},"66":{"start":{"line":286,"column":8},"end":{"line":286,"column":42}},"67":{"start":{"line":287,"column":11},"end":{"line":293,"column":5}},"68":{"start":{"line":289,"column":8},"end":{"line":289,"column":35}},"69":{"start":{"line":290,"column":8},"end":{"line":290,"column":24}},"70":{"start":{"line":292,"column":8},"end":{"line":292,"column":42}},"71":{"start":{"line":295,"column":19},"end":{"line":295,"column":55}},"72":{"start":{"line":296,"column":4},"end":{"line":296,"column":33}},"73":{"start":{"line":297,"column":4},"end":{"line":297,"column":20}}},"fnMap":{"0":{"name":"(anonymous_0)","decl":{"start":{"line":18,"column":4},"end":{"line":18,"column":5}},"loc":{"start":{"line":18,"column":40},"end":{"line":21,"column":5}},"line":18},"1":{"name":"(anonymous_1)","decl":{"start":{"line":31,"column":4},"end":{"line":31,"column":5}},"loc":{"start":{"line":31,"column":12},"end":{"line":33,"column":5}},"line":31},"2":{"name":"(anonymous_2)","decl":{"start":{"line":40,"column":4},"end":{"line":40,"column":5}},"loc":{"start":{"line":40,"column":16},"end":{"line":49,"column":5}},"line":40},"3":{"name":"(anonymous_3)","decl":{"start":{"line":57,"column":4},"end":{"line":57,"column":5}},"loc":{"start":{"line":57,"column":14},"end":{"line":62,"column":5}},"line":57},"4":{"name":"(anonymous_4)","decl":{"start":{"line":71,"column":4},"end":{"line":71,"column":5}},"loc":{"start":{"line":71,"column":15},"end":{"line":79,"column":5}},"line":71},"5":{"name":"(anonymous_5)","decl":{"start":{"line":87,"column":4},"end":{"line":87,"column":5}},"loc":{"start":{"line":87,"column":20},"end":{"line":89,"column":5}},"line":87},"6":{"name":"(anonymous_6)","decl":{"start":{"line":91,"column":4},"end":{"line":91,"column":5}},"loc":{"start":{"line":91,"column":15},"end":{"line":93,"column":5}},"line":91},"7":{"name":"(anonymous_7)","decl":{"start":{"line":101,"column":4},"end":{"line":101,"column":5}},"loc":{"start":{"line":101,"column":19},"end":{"line":106,"column":5}},"line":101},"8":{"name":"(anonymous_8)","decl":{"start":{"line":114,"column":4},"end":{"line":114,"column":5}},"loc":{"start":{"line":114,"column":18},"end":{"line":125,"column":5}},"line":114},"9":{"name":"(anonymous_9)","decl":{"start":{"line":131,"column":4},"end":{"line":131,"column":5}},"loc":{"start":{"line":131,"column":10},"end":{"line":136,"column":5}},"line":131},"10":{"name":"(anonymous_10)","decl":{"start":{"line":147,"column":4},"end":{"line":147,"column":5}},"loc":{"start":{"line":147,"column":15},"end":{"line":162,"column":5}},"line":147},"11":{"name":"(anonymous_11)","decl":{"start":{"line":170,"column":4},"end":{"line":170,"column":5}},"loc":{"start":{"line":170,"column":15},"end":{"line":172,"column":5}},"line":170},"12":{"name":"(anonymous_12)","decl":{"start":{"line":179,"column":4},"end":{"line":179,"column":5}},"loc":{"start":{"line":179,"column":10},"end":{"line":188,"column":5}},"line":179},"13":{"name":"(anonymous_13)","decl":{"start":{"line":197,"column":4},"end":{"line":197,"column":5}},"loc":{"start":{"line":197,"column":13},"end":{"line":209,"column":5}},"line":197},"14":{"name":"(anonymous_14)","decl":{"start":{"line":216,"column":4},"end":{"line":216,"column":5}},"loc":{"start":{"line":216,"column":29},"end":{"line":221,"column":5}},"line":216},"15":{"name":"stringToFraction","decl":{"start":{"line":261,"column":16},"end":{"line":261,"column":32}},"loc":{"start":{"line":261,"column":41},"end":{"line":298,"column":1}},"line":261}},"branchMap":{"0":{"loc":{"start":{"line":41,"column":8},"end":{"line":43,"column":9}},"type":"if","locations":[{"start":{"line":41,"column":8},"end":{"line":43,"column":9}},{"start":{},"end":{}}],"line":41},"1":{"loc":{"start":{"line":45,"column":8},"end":{"line":47,"column":9}},"type":"if","locations":[{"start":{"line":45,"column":8},"end":{"line":47,"column":9}},{"start":{},"end":{}}],"line":45},"2":{"loc":{"start":{"line":58,"column":8},"end":{"line":60,"column":9}},"type":"if","locations":[{"start":{"line":58,"column":8},"end":{"line":60,"column":9}},{"start":{},"end":{}}],"line":58},"3":{"loc":{"start":{"line":116,"column":8},"end":{"line":118,"column":9}},"type":"if","locations":[{"start":{"line":116,"column":8},"end":{"line":118,"column":9}},{"start":{},"end":{}}],"line":116},"4":{"loc":{"start":{"line":116,"column":12},"end":{"line":116,"column":57}},"type":"binary-expr","locations":[{"start":{"line":116,"column":12},"end":{"line":116,"column":32}},{"start":{"line":116,"column":36},"end":{"line":116,"column":57}}],"line":116},"5":{"loc":{"start":{"line":122,"column":12},"end":{"line":123,"column":57}},"type":"binary-expr","locations":[{"start":{"line":122,"column":12},"end":{"line":122,"column":53}},{"start":{"line":123,"column":12},"end":{"line":123,"column":57}}],"line":122},"6":{"loc":{"start":{"line":149,"column":8},"end":{"line":151,"column":9}},"type":"if","locations":[{"start":{"line":149,"column":8},"end":{"line":151,"column":9}},{"start":{},"end":{}}],"line":149},"7":{"loc":{"start":{"line":153,"column":8},"end":{"line":155,"column":9}},"type":"if","locations":[{"start":{"line":153,"column":8},"end":{"line":155,"column":9}},{"start":{},"end":{}}],"line":153},"8":{"loc":{"start":{"line":203,"column":8},"end":{"line":206,"column":9}},"type":"if","locations":[{"start":{"line":203,"column":8},"end":{"line":206,"column":9}},{"start":{},"end":{}}],"line":203},"9":{"loc":{"start":{"line":216,"column":14},"end":{"line":216,"column":27}},"type":"default-arg","locations":[{"start":{"line":216,"column":26},"end":{"line":216,"column":27}}],"line":216},"10":{"loc":{"start":{"line":264,"column":4},"end":{"line":267,"column":5}},"type":"if","locations":[{"start":{"line":264,"column":4},"end":{"line":267,"column":5}},{"start":{},"end":{}}],"line":264},"11":{"loc":{"start":{"line":269,"column":4},"end":{"line":293,"column":5}},"type":"if","locations":[{"start":{"line":269,"column":4},"end":{"line":293,"column":5}},{"start":{"line":278,"column":11},"end":{"line":293,"column":5}}],"line":269},"12":{"loc":{"start":{"line":275,"column":8},"end":{"line":277,"column":9}},"type":"if","locations":[{"start":{"line":275,"column":8},"end":{"line":277,"column":9}},{"start":{},"end":{}}],"line":275},"13":{"loc":{"start":{"line":278,"column":11},"end":{"line":293,"column":5}},"type":"if","locations":[{"start":{"line":278,"column":11},"end":{"line":293,"column":5}},{"start":{"line":287,"column":11},"end":{"line":293,"column":5}}],"line":278},"14":{"loc":{"start":{"line":278,"column":15},"end":{"line":278,"column":59}},"type":"binary-expr","locations":[{"start":{"line":278,"column":15},"end":{"line":278,"column":35}},{"start":{"line":278,"column":39},"end":{"line":278,"column":59}}],"line":278},"15":{"loc":{"start":{"line":287,"column":11},"end":{"line":293,"column":5}},"type":"if","locations":[{"start":{"line":287,"column":11},"end":{"line":293,"column":5}},{"start":{"line":291,"column":11},"end":{"line":293,"column":5}}],"line":287}},"s":{"0":1347,"1":1347,"2":10,"3":43,"4":1,"5":42,"6":2,"7":40,"8":17,"9":1,"10":16,"11":272,"12":272,"13":272,"14":272,"15":272,"16":1,"17":1,"18":15,"19":97,"20":16,"21":81,"22":81,"23":81,"24":30,"25":552,"26":93,"27":459,"28":1,"29":458,"30":458,"31":458,"32":458,"33":458,"34":1,"35":1147,"36":1147,"37":1147,"38":2542,"39":2542,"40":2542,"41":1147,"42":1147,"43":1147,"44":1147,"45":1147,"46":118,"47":118,"48":1147,"49":19,"50":5,"51":5,"52":5,"53":66,"54":7,"55":59,"56":54,"57":54,"58":54,"59":54,"60":1,"61":5,"62":2,"63":2,"64":2,"65":2,"66":2,"67":3,"68":2,"69":2,"70":1,"71":57,"72":57,"73":57},"f":{"0":1347,"1":10,"2":43,"3":17,"4":272,"5":1,"6":1,"7":15,"8":97,"9":30,"10":552,"11":1,"12":1147,"13":1147,"14":19,"15":66},"b":{"0":[1,42],"1":[2,40],"2":[1,16],"3":[16,81],"4":[97,16],"5":[81,74],"6":[93,459],"7":[1,458],"8":[118,1029],"9":[19],"10":[7,59],"11":[54,5],"12":[1,53],"13":[2,3],"14":[5,4],"15":[2,1]},"_coverageSchema":"1a1c01bbd47fc00a2c39e90264f33305004495a9","hash":"1019a3050cb4534828dbaa8622697c6bb04b73fe"}
,"C:\\Users\\tzehl\\Documents\\python_shit\\Gaussian-Elimination-GUI\\src\\js\\logic\\gaussalgorithm.js": {"path":"C:\\Users\\tzehl\\Documents\\python_shit\\Gaussian-Elimination-GUI\\src\\js\\logic\\gaussalgorithm.js","statementMap":{"0":{"start":{"line":11,"column":4},"end":{"line":13,"column":5}},"1":{"start":{"line":12,"column":8},"end":{"line":12,"column":46}},"2":{"start":{"line":15,"column":4},"end":{"line":36,"column":5}},"3":{"start":{"line":15,"column":17},"end":{"line":15,"column":18}},"4":{"start":{"line":16,"column":41},"end":{"line":16,"column":63}},"5":{"start":{"line":19,"column":8},"end":{"line":19,"column":56}},"6":{"start":{"line":20,"column":8},"end":{"line":20,"column":54}},"7":{"start":{"line":23,"column":23},"end":{"line":23,"column":45}},"8":{"start":{"line":24,"column":8},"end":{"line":24,"column":65}},"9":{"start":{"line":25,"column":8},"end":{"line":25,"column":63}},"10":{"start":{"line":28,"column":8},"end":{"line":35,"column":9}},"11":{"start":{"line":28,"column":21},"end":{"line":28,"column":22}},"12":{"start":{"line":29,"column":12},"end":{"line":31,"column":13}},"13":{"start":{"line":30,"column":16},"end":{"line":30,"column":25}},"14":{"start":{"line":32,"column":25},"end":{"line":32,"column":57}},"15":{"start":{"line":33,"column":12},"end":{"line":33,"column":80}},"16":{"start":{"line":34,"column":12},"end":{"line":34,"column":77}},"17":{"start":{"line":38,"column":4},"end":{"line":40,"column":5}},"18":{"start":{"line":39,"column":8},"end":{"line":39,"column":39}},"19":{"start":{"line":41,"column":4},"end":{"line":41,"column":21}}},"fnMap":{"0":{"name":"gaussElimination","decl":{"start":{"line":10,"column":16},"end":{"line":10,"column":32}},"loc":{"start":{"line":10,"column":82},"end":{"line":42,"column":1}},"line":10}},"branchMap":{"0":{"loc":{"start":{"line":10,"column":56},"end":{"line":10,"column":80}},"type":"default-arg","locations":[{"start":{"line":10,"column":75},"end":{"line":10,"column":80}}],"line":10},"1":{"loc":{"start":{"line":11,"column":4},"end":{"line":13,"column":5}},"type":"if","locations":[{"start":{"line":11,"column":4},"end":{"line":13,"column":5}},{"start":{},"end":{}}],"line":11},"2":{"loc":{"start":{"line":29,"column":12},"end":{"line":31,"column":13}},"type":"if","locations":[{"start":{"line":29,"column":12},"end":{"line":31,"column":13}},{"start":{},"end":{}}],"line":29},"3":{"loc":{"start":{"line":38,"column":4},"end":{"line":40,"column":5}},"type":"if","locations":[{"start":{"line":38,"column":4},"end":{"line":40,"column":5}},{"start":{},"end":{}}],"line":38}},"s":{"0":6,"1":1,"2":5,"3":5,"4":15,"5":15,"6":15,"7":15,"8":15,"9":15,"10":15,"11":15,"12":45,"13":15,"14":30,"15":30,"16":30,"17":5,"18":4,"19":1},"f":{"0":6},"b":{"0":[2],"1":[1,5],"2":[15,30],"3":[4,1]},"_coverageSchema":"1a1c01bbd47fc00a2c39e90264f33305004495a9","hash":"b831e613d328cf1b40655015be48f52eea3c3bd7"}
,"C:\\Users\\tzehl\\Documents\\python_shit\\Gaussian-Elimination-GUI\\src\\js\\logic\\generateExercise.js": {"path":"C:\\Users\\tzehl\\Documents\\python_shit\\Gaussian-Elimination-GUI\\src\\js\\logic\\generateExercise.js","statementMap":{"0":{"start":{"line":7,"column":26},"end":{"line":7,"column":30}},"1":{"start":{"line":8,"column":4},"end":{"line":11,"column":5}},"2":{"start":{"line":9,"column":8},"end":{"line":9,"column":45}},"3":{"start":{"line":10,"column":8},"end":{"line":10,"column":57}},"4":{"start":{"line":12,"column":4},"end":{"line":12,"column":18}},"5":{"start":{"line":16,"column":17},"end":{"line":16,"column":19}},"6":{"start":{"line":17,"column":4},"end":{"line":24,"column":5}},"7":{"start":{"line":17,"column":17},"end":{"line":17,"column":18}},"8":{"start":{"line":18,"column":8},"end":{"line":18,"column":24}},"9":{"start":{"line":19,"column":8},"end":{"line":23,"column":9}},"10":{"start":{"line":19,"column":21},"end":{"line":19,"column":22}},"11":{"start":{"line":20,"column":12},"end":{"line":22,"column":14}},"12":{"start":{"line":25,"column":4},"end":{"line":25,"column":30}}},"fnMap":{"0":{"name":"generateMatrix","decl":{"start":{"line":6,"column":16},"end":{"line":6,"column":30}},"loc":{"start":{"line":6,"column":43},"end":{"line":13,"column":1}},"line":6},"1":{"name":"getRandomMatrix","decl":{"start":{"line":15,"column":9},"end":{"line":15,"column":24}},"loc":{"start":{"line":15,"column":37},"end":{"line":26,"column":1}},"line":15}},"branchMap":{},"s":{"0":1,"1":1,"2":1,"3":1,"4":1,"5":1,"6":1,"7":1,"8":3,"9":3,"10":3,"11":9,"12":1},"f":{"0":1,"1":1},"b":{},"_coverageSchema":"1a1c01bbd47fc00a2c39e90264f33305004495a9","hash":"b3e16fbef17975ae5e620f4e65f4f29c5e5190e6"}
,"C:\\Users\\tzehl\\Documents\\python_shit\\Gaussian-Elimination-GUI\\src\\js\\logic\\matrix.js": {"path":"C:\\Users\\tzehl\\Documents\\python_shit\\Gaussian-Elimination-GUI\\src\\js\\logic\\matrix.js","statementMap":{"0":{"start":{"line":18,"column":8},"end":{"line":18,"column":27}},"1":{"start":{"line":19,"column":8},"end":{"line":19,"column":34}},"2":{"start":{"line":20,"column":8},"end":{"line":20,"column":40}},"3":{"start":{"line":24,"column":8},"end":{"line":24,"column":69}},"4":{"start":{"line":28,"column":8},"end":{"line":28,"column":43}},"5":{"start":{"line":32,"column":8},"end":{"line":37,"column":9}},"6":{"start":{"line":36,"column":12},"end":{"line":36,"column":25}},"7":{"start":{"line":38,"column":8},"end":{"line":44,"column":9}},"8":{"start":{"line":38,"column":21},"end":{"line":38,"column":22}},"9":{"start":{"line":39,"column":12},"end":{"line":43,"column":13}},"10":{"start":{"line":39,"column":25},"end":{"line":39,"column":26}},"11":{"start":{"line":40,"column":16},"end":{"line":42,"column":17}},"12":{"start":{"line":41,"column":20},"end":{"line":41,"column":33}},"13":{"start":{"line":45,"column":8},"end":{"line":45,"column":20}},"14":{"start":{"line":53,"column":23},"end":{"line":53,"column":25}},"15":{"start":{"line":54,"column":8},"end":{"line":59,"column":9}},"16":{"start":{"line":54,"column":21},"end":{"line":54,"column":22}},"17":{"start":{"line":55,"column":12},"end":{"line":55,"column":29}},"18":{"start":{"line":56,"column":12},"end":{"line":58,"column":13}},"19":{"start":{"line":56,"column":25},"end":{"line":56,"column":26}},"20":{"start":{"line":57,"column":16},"end":{"line":57,"column":58}},"21":{"start":{"line":60,"column":8},"end":{"line":60,"column":36}},"22":{"start":{"line":70,"column":8},"end":{"line":70,"column":46}},"23":{"start":{"line":79,"column":8},"end":{"line":84,"column":9}},"24":{"start":{"line":83,"column":12},"end":{"line":83,"column":46}},"25":{"start":{"line":85,"column":23},"end":{"line":85,"column":25}},"26":{"start":{"line":86,"column":8},"end":{"line":91,"column":9}},"27":{"start":{"line":86,"column":21},"end":{"line":86,"column":22}},"28":{"start":{"line":87,"column":12},"end":{"line":87,"column":29}},"29":{"start":{"line":88,"column":12},"end":{"line":90,"column":13}},"30":{"start":{"line":88,"column":25},"end":{"line":88,"column":26}},"31":{"start":{"line":89,"column":16},"end":{"line":89,"column":79}},"32":{"start":{"line":92,"column":8},"end":{"line":92,"column":36}},"33":{"start":{"line":114,"column":8},"end":{"line":122,"column":9}},"34":{"start":{"line":115,"column":12},"end":{"line":115,"column":48}},"35":{"start":{"line":116,"column":15},"end":{"line":122,"column":9}},"36":{"start":{"line":117,"column":12},"end":{"line":117,"column":48}},"37":{"start":{"line":118,"column":15},"end":{"line":122,"column":9}},"38":{"start":{"line":119,"column":12},"end":{"line":119,"column":65}},"39":{"start":{"line":121,"column":12},"end":{"line":121,"column":53}},"40":{"start":{"line":133,"column":20},"end":{"line":133,"column":52}},"41":{"start":{"line":134,"column":25},"end":{"line":134,"column":33}},"42":{"start":{"line":135,"column":8},"end":{"line":141,"column":9}},"43":{"start":{"line":135,"column":21},"end":{"line":135,"column":33}},"44":{"start":{"line":136,"column":26},"end":{"line":136,"column":51}},"45":{"start":{"line":137,"column":12},"end":{"line":140,"column":13}},"46":{"start":{"line":138,"column":16},"end":{"line":138,"column":32}},"47":{"start":{"line":139,"column":16},"end":{"line":139,"column":31}},"48":{"start":{"line":143,"column":8},"end":{"line":143,"column":35}},"49":{"start":{"line":156,"column":8},"end":{"line":159,"column":9}},"50":{"start":{"line":158,"column":12},"end":{"line":158,"column":62}},"51":{"start":{"line":160,"column":23},"end":{"line":160,"column":25}},"52":{"start":{"line":161,"column":8},"end":{"line":170,"column":9}},"53":{"start":{"line":161,"column":21},"end":{"line":161,"column":22}},"54":{"start":{"line":162,"column":12},"end":{"line":162,"column":29}},"55":{"start":{"line":163,"column":12},"end":{"line":169,"column":13}},"56":{"start":{"line":163,"column":25},"end":{"line":163,"column":26}},"57":{"start":{"line":164,"column":24},"end":{"line":164,"column":28}},"58":{"start":{"line":165,"column":16},"end":{"line":167,"column":17}},"59":{"start":{"line":165,"column":29},"end":{"line":165,"column":30}},"60":{"start":{"line":166,"column":20},"end":{"line":166,"column":71}},"61":{"start":{"line":168,"column":16},"end":{"line":168,"column":35}},"62":{"start":{"line":171,"column":8},"end":{"line":171,"column":36}},"63":{"start":{"line":180,"column":23},"end":{"line":180,"column":25}},"64":{"start":{"line":182,"column":8},"end":{"line":187,"column":9}},"65":{"start":{"line":182,"column":21},"end":{"line":182,"column":22}},"66":{"start":{"line":183,"column":12},"end":{"line":183,"column":30}},"67":{"start":{"line":184,"column":12},"end":{"line":186,"column":13}},"68":{"start":{"line":184,"column":25},"end":{"line":184,"column":26}},"69":{"start":{"line":185,"column":16},"end":{"line":185,"column":51}},"70":{"start":{"line":189,"column":8},"end":{"line":189,"column":36}},"71":{"start":{"line":200,"column":19},"end":{"line":200,"column":36}},"72":{"start":{"line":201,"column":8},"end":{"line":201,"column":46}},"73":{"start":{"line":202,"column":8},"end":{"line":202,"column":33}},"74":{"start":{"line":203,"column":8},"end":{"line":203,"column":20}},"75":{"start":{"line":212,"column":23},"end":{"line":212,"column":53}},"76":{"start":{"line":213,"column":8},"end":{"line":213,"column":24}},"77":{"start":{"line":223,"column":21},"end":{"line":223,"column":25}},"78":{"start":{"line":224,"column":8},"end":{"line":226,"column":9}},"79":{"start":{"line":224,"column":21},"end":{"line":224,"column":22}},"80":{"start":{"line":225,"column":12},"end":{"line":225,"column":50}},"81":{"start":{"line":227,"column":8},"end":{"line":227,"column":34}},"82":{"start":{"line":238,"column":8},"end":{"line":242,"column":9}},"83":{"start":{"line":238,"column":21},"end":{"line":238,"column":22}},"84":{"start":{"line":239,"column":12},"end":{"line":241,"column":14}},"85":{"start":{"line":244,"column":8},"end":{"line":244,"column":20}},"86":{"start":{"line":272,"column":8},"end":{"line":274,"column":9}},"87":{"start":{"line":272,"column":21},"end":{"line":272,"column":22}},"88":{"start":{"line":273,"column":12},"end":{"line":273,"column":66}},"89":{"start":{"line":275,"column":8},"end":{"line":275,"column":20}},"90":{"start":{"line":285,"column":23},"end":{"line":285,"column":25}},"91":{"start":{"line":286,"column":8},"end":{"line":291,"column":9}},"92":{"start":{"line":286,"column":21},"end":{"line":286,"column":22}},"93":{"start":{"line":287,"column":12},"end":{"line":287,"column":29}},"94":{"start":{"line":288,"column":12},"end":{"line":290,"column":13}},"95":{"start":{"line":288,"column":25},"end":{"line":288,"column":26}},"96":{"start":{"line":289,"column":16},"end":{"line":289,"column":73}},"97":{"start":{"line":292,"column":8},"end":{"line":292,"column":36}},"98":{"start":{"line":303,"column":8},"end":{"line":305,"column":9}},"99":{"start":{"line":304,"column":12},"end":{"line":304,"column":38}},"100":{"start":{"line":307,"column":26},"end":{"line":307,"column":30}},"101":{"start":{"line":308,"column":16},"end":{"line":308,"column":17}},"102":{"start":{"line":309,"column":8},"end":{"line":317,"column":9}},"103":{"start":{"line":309,"column":21},"end":{"line":309,"column":22}},"104":{"start":{"line":310,"column":23},"end":{"line":310,"column":48}},"105":{"start":{"line":311,"column":28},"end":{"line":311,"column":51}},"106":{"start":{"line":312,"column":33},"end":{"line":312,"column":59}},"107":{"start":{"line":313,"column":30},"end":{"line":313,"column":48}},"108":{"start":{"line":314,"column":12},"end":{"line":316,"column":14}},"109":{"start":{"line":319,"column":8},"end":{"line":319,"column":27}},"110":{"start":{"line":331,"column":23},"end":{"line":331,"column":25}},"111":{"start":{"line":332,"column":8},"end":{"line":343,"column":9}},"112":{"start":{"line":332,"column":21},"end":{"line":332,"column":22}},"113":{"start":{"line":333,"column":12},"end":{"line":335,"column":13}},"114":{"start":{"line":334,"column":16},"end":{"line":334,"column":25}},"115":{"start":{"line":336,"column":12},"end":{"line":336,"column":30}},"116":{"start":{"line":337,"column":12},"end":{"line":342,"column":13}},"117":{"start":{"line":337,"column":25},"end":{"line":337,"column":26}},"118":{"start":{"line":338,"column":16},"end":{"line":340,"column":17}},"119":{"start":{"line":339,"column":20},"end":{"line":339,"column":29}},"120":{"start":{"line":341,"column":16},"end":{"line":341,"column":71}},"121":{"start":{"line":344,"column":8},"end":{"line":344,"column":36}},"122":{"start":{"line":348,"column":8},"end":{"line":350,"column":9}},"123":{"start":{"line":348,"column":21},"end":{"line":348,"column":22}},"124":{"start":{"line":349,"column":12},"end":{"line":349,"column":55}},"125":{"start":{"line":351,"column":8},"end":{"line":351,"column":20}},"126":{"start":{"line":383,"column":17},"end":{"line":383,"column":19}},"127":{"start":{"line":384,"column":4},"end":{"line":393,"column":5}},"128":{"start":{"line":384,"column":17},"end":{"line":384,"column":18}},"129":{"start":{"line":385,"column":8},"end":{"line":385,"column":24}},"130":{"start":{"line":386,"column":8},"end":{"line":392,"column":9}},"131":{"start":{"line":386,"column":21},"end":{"line":386,"column":22}},"132":{"start":{"line":387,"column":12},"end":{"line":391,"column":13}},"133":{"start":{"line":388,"column":16},"end":{"line":388,"column":51}},"134":{"start":{"line":390,"column":16},"end":{"line":390,"column":51}},"135":{"start":{"line":394,"column":4},"end":{"line":394,"column":30}}},"fnMap":{"0":{"name":"(anonymous_0)","decl":{"start":{"line":17,"column":4},"end":{"line":17,"column":5}},"loc":{"start":{"line":17,"column":23},"end":{"line":21,"column":5}},"line":17},"1":{"name":"(anonymous_1)","decl":{"start":{"line":23,"column":4},"end":{"line":23,"column":5}},"loc":{"start":{"line":23,"column":28},"end":{"line":25,"column":5}},"line":23},"2":{"name":"(anonymous_2)","decl":{"start":{"line":27,"column":4},"end":{"line":27,"column":5}},"loc":{"start":{"line":27,"column":15},"end":{"line":29,"column":5}},"line":27},"3":{"name":"(anonymous_3)","decl":{"start":{"line":31,"column":4},"end":{"line":31,"column":5}},"loc":{"start":{"line":31,"column":24},"end":{"line":46,"column":5}},"line":31},"4":{"name":"(anonymous_4)","decl":{"start":{"line":52,"column":4},"end":{"line":52,"column":5}},"loc":{"start":{"line":52,"column":12},"end":{"line":61,"column":5}},"line":52},"5":{"name":"(anonymous_5)","decl":{"start":{"line":69,"column":4},"end":{"line":69,"column":5}},"loc":{"start":{"line":69,"column":32},"end":{"line":71,"column":5}},"line":69},"6":{"name":"(anonymous_6)","decl":{"start":{"line":78,"column":4},"end":{"line":78,"column":5}},"loc":{"start":{"line":78,"column":21},"end":{"line":93,"column":5}},"line":78},"7":{"name":"(anonymous_7)","decl":{"start":{"line":112,"column":4},"end":{"line":112,"column":5}},"loc":{"start":{"line":112,"column":15},"end":{"line":123,"column":5}},"line":112},"8":{"name":"(anonymous_8)","decl":{"start":{"line":132,"column":4},"end":{"line":132,"column":5}},"loc":{"start":{"line":132,"column":23},"end":{"line":144,"column":5}},"line":132},"9":{"name":"(anonymous_9)","decl":{"start":{"line":155,"column":4},"end":{"line":155,"column":5}},"loc":{"start":{"line":155,"column":28},"end":{"line":172,"column":5}},"line":155},"10":{"name":"(anonymous_10)","decl":{"start":{"line":179,"column":4},"end":{"line":179,"column":5}},"loc":{"start":{"line":179,"column":16},"end":{"line":190,"column":5}},"line":179},"11":{"name":"(anonymous_11)","decl":{"start":{"line":199,"column":4},"end":{"line":199,"column":5}},"loc":{"start":{"line":199,"column":27},"end":{"line":204,"column":5}},"line":199},"12":{"name":"(anonymous_12)","decl":{"start":{"line":211,"column":4},"end":{"line":211,"column":5}},"loc":{"start":{"line":211,"column":17},"end":{"line":214,"column":5}},"line":211},"13":{"name":"(anonymous_13)","decl":{"start":{"line":222,"column":4},"end":{"line":222,"column":5}},"loc":{"start":{"line":222,"column":23},"end":{"line":228,"column":5}},"line":222},"14":{"name":"(anonymous_14)","decl":{"start":{"line":237,"column":4},"end":{"line":237,"column":5}},"loc":{"start":{"line":237,"column":27},"end":{"line":245,"column":5}},"line":237},"15":{"name":"(anonymous_15)","decl":{"start":{"line":271,"column":4},"end":{"line":271,"column":5}},"loc":{"start":{"line":271,"column":38},"end":{"line":276,"column":5}},"line":271},"16":{"name":"(anonymous_16)","decl":{"start":{"line":284,"column":4},"end":{"line":284,"column":5}},"loc":{"start":{"line":284,"column":29},"end":{"line":293,"column":5}},"line":284},"17":{"name":"(anonymous_17)","decl":{"start":{"line":302,"column":4},"end":{"line":302,"column":5}},"loc":{"start":{"line":302,"column":21},"end":{"line":320,"column":5}},"line":302},"18":{"name":"(anonymous_18)","decl":{"start":{"line":330,"column":4},"end":{"line":330,"column":5}},"loc":{"start":{"line":330,"column":46},"end":{"line":345,"column":5}},"line":330},"19":{"name":"(anonymous_19)","decl":{"start":{"line":347,"column":4},"end":{"line":347,"column":5}},"loc":{"start":{"line":347,"column":25},"end":{"line":352,"column":5}},"line":347},"20":{"name":"getUnitMatrix","decl":{"start":{"line":382,"column":16},"end":{"line":382,"column":29}},"loc":{"start":{"line":382,"column":33},"end":{"line":395,"column":1}},"line":382}},"branchMap":{"0":{"loc":{"start":{"line":24,"column":15},"end":{"line":24,"column":68}},"type":"binary-expr","locations":[{"start":{"line":24,"column":15},"end":{"line":24,"column":30}},{"start":{"line":24,"column":34},"end":{"line":24,"column":68}}],"line":24},"1":{"loc":{"start":{"line":32,"column":8},"end":{"line":37,"column":9}},"type":"if","locations":[{"start":{"line":32,"column":8},"end":{"line":37,"column":9}},{"start":{},"end":{}}],"line":32},"2":{"loc":{"start":{"line":33,"column":12},"end":{"line":34,"column":49}},"type":"binary-expr","locations":[{"start":{"line":33,"column":12},"end":{"line":33,"column":43}},{"start":{"line":34,"column":12},"end":{"line":34,"column":49}}],"line":33},"3":{"loc":{"start":{"line":40,"column":16},"end":{"line":42,"column":17}},"type":"if","locations":[{"start":{"line":40,"column":16},"end":{"line":42,"column":17}},{"start":{},"end":{}}],"line":40},"4":{"loc":{"start":{"line":79,"column":8},"end":{"line":84,"column":9}},"type":"if","locations":[{"start":{"line":79,"column":8},"end":{"line":84,"column":9}},{"start":{},"end":{}}],"line":79},"5":{"loc":{"start":{"line":80,"column":12},"end":{"line":81,"column":49}},"type":"binary-expr","locations":[{"start":{"line":80,"column":12},"end":{"line":80,"column":43}},{"start":{"line":81,"column":12},"end":{"line":81,"column":49}}],"line":80},"6":{"loc":{"start":{"line":114,"column":8},"end":{"line":122,"column":9}},"type":"if","locations":[{"start":{"line":114,"column":8},"end":{"line":122,"column":9}},{"start":{"line":116,"column":15},"end":{"line":122,"column":9}}],"line":114},"7":{"loc":{"start":{"line":116,"column":15},"end":{"line":122,"column":9}},"type":"if","locations":[{"start":{"line":116,"column":15},"end":{"line":122,"column":9}},{"start":{"line":118,"column":15},"end":{"line":122,"column":9}}],"line":116},"8":{"loc":{"start":{"line":118,"column":15},"end":{"line":122,"column":9}},"type":"if","locations":[{"start":{"line":118,"column":15},"end":{"line":122,"column":9}},{"start":{"line":120,"column":15},"end":{"line":122,"column":9}}],"line":118},"9":{"loc":{"start":{"line":137,"column":12},"end":{"line":140,"column":13}},"type":"if","locations":[{"start":{"line":137,"column":12},"end":{"line":140,"column":13}},{"start":{},"end":{}}],"line":137},"10":{"loc":{"start":{"line":156,"column":8},"end":{"line":159,"column":9}},"type":"if","locations":[{"start":{"line":156,"column":8},"end":{"line":159,"column":9}},{"start":{},"end":{}}],"line":156},"11":{"loc":{"start":{"line":303,"column":8},"end":{"line":305,"column":9}},"type":"if","locations":[{"start":{"line":303,"column":8},"end":{"line":305,"column":9}},{"start":{},"end":{}}],"line":303},"12":{"loc":{"start":{"line":303,"column":12},"end":{"line":303,"column":51}},"type":"binary-expr","locations":[{"start":{"line":303,"column":12},"end":{"line":303,"column":28}},{"start":{"line":303,"column":32},"end":{"line":303,"column":51}}],"line":303},"13":{"loc":{"start":{"line":310,"column":23},"end":{"line":310,"column":48}},"type":"cond-expr","locations":[{"start":{"line":310,"column":42},"end":{"line":310,"column":43}},{"start":{"line":310,"column":46},"end":{"line":310,"column":48}}],"line":310},"14":{"loc":{"start":{"line":333,"column":12},"end":{"line":335,"column":13}},"type":"if","locations":[{"start":{"line":333,"column":12},"end":{"line":335,"column":13}},{"start":{},"end":{}}],"line":333},"15":{"loc":{"start":{"line":338,"column":16},"end":{"line":340,"column":17}},"type":"if","locations":[{"start":{"line":338,"column":16},"end":{"line":340,"column":17}},{"start":{},"end":{}}],"line":338},"16":{"loc":{"start":{"line":387,"column":12},"end":{"line":391,"column":13}},"type":"if","locations":[{"start":{"line":387,"column":12},"end":{"line":391,"column":13}},{"start":{"line":389,"column":19},"end":{"line":391,"column":13}}],"line":387}},"s":{"0":248,"1":248,"2":248,"3":7,"4":7,"5":15,"6":1,"7":14,"8":14,"9":33,"10":33,"11":89,"12":1,"13":13,"14":1,"15":1,"16":1,"17":3,"18":3,"19":3,"20":9,"21":1,"22":999,"23":1,"24":0,"25":1,"26":1,"27":1,"28":3,"29":3,"30":3,"31":9,"32":1,"33":66,"34":62,"35":4,"36":2,"37":2,"38":1,"39":1,"40":15,"41":15,"42":15,"43":15,"44":15,"45":15,"46":6,"47":6,"48":15,"49":2,"50":1,"51":1,"52":1,"53":1,"54":3,"55":3,"56":3,"57":9,"58":9,"59":9,"60":27,"61":9,"62":1,"63":1,"64":1,"65":1,"66":3,"67":3,"68":3,"69":9,"70":1,"71":30,"72":30,"73":30,"74":30,"75":62,"76":62,"77":1,"78":1,"79":1,"80":3,"81":1,"82":61,"83":61,"84":171,"85":61,"86":30,"87":30,"88":84,"89":30,"90":63,"91":63,"92":63,"93":67,"94":67,"95":67,"96":188,"97":63,"98":70,"99":42,"100":28,"101":28,"102":28,"103":28,"104":63,"105":63,"106":63,"107":63,"108":63,"109":28,"110":63,"111":63,"112":63,"113":147,"114":63,"115":84,"116":84,"117":84,"118":210,"119":84,"120":126,"121":63,"122":0,"123":0,"124":0,"125":0,"126":6,"127":6,"128":6,"129":18,"130":18,"131":18,"132":54,"133":18,"134":36,"135":6},"f":{"0":248,"1":7,"2":7,"3":15,"4":1,"5":999,"6":1,"7":66,"8":15,"9":2,"10":1,"11":30,"12":62,"13":1,"14":61,"15":30,"16":63,"17":70,"18":63,"19":0,"20":6},"b":{"0":[7,7],"1":[1,14],"2":[15,14],"3":[1,88],"4":[0,1],"5":[1,1],"6":[62,4],"7":[2,2],"8":[1,1],"9":[6,9],"10":[1,1],"11":[42,28],"12":[70,42],"13":[35,28],"14":[63,84],"15":[84,126],"16":[18,36]},"_coverageSchema":"1a1c01bbd47fc00a2c39e90264f33305004495a9","hash":"6ace357fd72bbf3759be558bf110d0d201afa71a"}
}
