TN:
SF:src\js\config.js
FNF:0
FNH:0
DA:1,1
LF:1
LH:1
BRF:0
BRH:0
end_of_record
TN:
SF:src\js\exceptions.js
FN:2,(anonymous_0)
FN:8,(anonymous_1)
FN:14,(anonymous_2)
FN:20,(anonymous_3)
FN:26,(anonymous_4)
FNF:5
FNH:2
FNDA:1,(anonymous_0)
FNDA:1,(anonymous_1)
FNDA:0,(anonymous_2)
FNDA:0,(anonymous_3)
FNDA:0,(anonymous_4)
DA:3,1
DA:9,1
DA:15,0
DA:21,0
DA:27,0
LF:5
LH:2
BRF:0
BRH:0
end_of_record
TN:
SF:src\js\fraction.js
FN:18,(anonymous_0)
FN:31,(anonymous_1)
FN:40,(anonymous_2)
FN:57,(anonymous_3)
FN:71,(anonymous_4)
FN:87,(anonymous_5)
FN:91,(anonymous_6)
FN:101,(anonymous_7)
FN:114,(anonymous_8)
FN:131,(anonymous_9)
FN:147,(anonymous_10)
FN:170,(anonymous_11)
FN:179,(anonymous_12)
FN:197,(anonymous_13)
FN:216,(anonymous_14)
FN:261,stringToFraction
FNF:16
FNH:16
FNDA:1347,(anonymous_0)
FNDA:10,(anonymous_1)
FNDA:43,(anonymous_2)
FNDA:17,(anonymous_3)
FNDA:272,(anonymous_4)
FNDA:1,(anonymous_5)
FNDA:1,(anonymous_6)
FNDA:15,(anonymous_7)
FNDA:97,(anonymous_8)
FNDA:30,(anonymous_9)
FNDA:552,(anonymous_10)
FNDA:1,(anonymous_11)
FNDA:1147,(anonymous_12)
FNDA:1147,(anonymous_13)
FNDA:19,(anonymous_14)
FNDA:66,stringToFraction
DA:19,1347
DA:20,1347
DA:32,10
DA:41,43
DA:42,1
DA:45,42
DA:46,2
DA:48,40
DA:58,17
DA:59,1
DA:61,16
DA:73,272
DA:75,272
DA:76,272
DA:77,272
DA:78,272
DA:88,1
DA:92,1
DA:102,15
DA:116,97
DA:117,16
DA:119,81
DA:120,81
DA:121,81
DA:132,30
DA:149,552
DA:150,93
DA:153,459
DA:154,1
DA:156,458
DA:157,458
DA:159,458
DA:160,458
DA:161,458
DA:171,1
DA:180,1147
DA:181,1147
DA:182,1147
DA:183,2277
DA:184,2277
DA:185,2277
DA:187,1147
DA:198,1147
DA:199,1147
DA:200,1147
DA:203,1147
DA:204,101
DA:205,101
DA:208,1147
DA:217,19
DA:229,5
DA:236,5
DA:243,5
DA:264,66
DA:266,7
DA:269,59
DA:271,54
DA:272,54
DA:273,54
DA:275,54
DA:276,1
DA:278,5
DA:280,2
DA:282,2
DA:284,2
DA:285,2
DA:286,2
DA:287,3
DA:289,2
DA:290,2
DA:292,1
DA:295,57
DA:296,57
DA:297,57
LF:74
LH:74
BRDA:41,0,0,1
BRDA:41,0,1,42
BRDA:45,1,0,2
BRDA:45,1,1,40
BRDA:58,2,0,1
BRDA:58,2,1,16
BRDA:116,3,0,16
BRDA:116,3,1,81
BRDA:116,4,0,97
BRDA:116,4,1,16
BRDA:122,5,0,81
BRDA:122,5,1,74
BRDA:149,6,0,93
BRDA:149,6,1,459
BRDA:153,7,0,1
BRDA:153,7,1,458
BRDA:203,8,0,101
BRDA:203,8,1,1046
BRDA:216,9,0,19
BRDA:264,10,0,7
BRDA:264,10,1,59
BRDA:269,11,0,54
BRDA:269,11,1,5
BRDA:275,12,0,1
BRDA:275,12,1,53
BRDA:278,13,0,2
BRDA:278,13,1,3
BRDA:278,14,0,5
BRDA:278,14,1,4
BRDA:287,15,0,2
BRDA:287,15,1,1
BRF:31
BRH:31
end_of_record
TN:
SF:src\js\gaussalgorithm.js
FN:10,gaussElimination
FNF:1
FNH:1
FNDA:6,gaussElimination
DA:11,6
DA:12,1
DA:15,5
DA:16,15
DA:19,15
DA:20,15
DA:23,15
DA:24,15
DA:25,15
DA:28,15
DA:29,45
DA:30,15
DA:32,30
DA:33,30
DA:34,30
DA:38,5
DA:39,4
DA:41,1
LF:18
LH:18
BRDA:10,0,0,2
BRDA:11,1,0,1
BRDA:11,1,1,5
BRDA:29,2,0,15
BRDA:29,2,1,30
BRDA:38,3,0,4
BRDA:38,3,1,1
BRF:7
BRH:7
end_of_record
TN:
SF:src\js\generateExercise.js
FN:6,generateMatrix
FN:15,getRandomMatrix
FNF:2
FNH:2
FNDA:1,generateMatrix
FNDA:1,getRandomMatrix
DA:7,1
DA:8,1
DA:9,1
DA:10,1
DA:12,1
DA:16,1
DA:17,1
DA:18,3
DA:19,3
DA:20,9
DA:25,1
LF:11
LH:11
BRF:0
BRH:0
end_of_record
TN:
SF:src\js\matrix.js
FN:16,(anonymous_0)
FN:22,(anonymous_1)
FN:26,(anonymous_2)
FN:30,(anonymous_3)
FN:48,(anonymous_4)
FN:65,(anonymous_5)
FN:74,(anonymous_6)
FN:102,(anonymous_7)
FN:122,(anonymous_8)
FN:145,(anonymous_9)
FN:168,(anonymous_10)
FN:188,(anonymous_11)
FN:200,(anonymous_12)
FN:211,(anonymous_13)
FN:226,(anonymous_14)
FN:260,(anonymous_15)
FN:273,(anonymous_16)
FN:291,(anonymous_17)
FN:319,(anonymous_18)
FN:364,getUnitMatrix
FNF:20
FNH:20
FNDA:248,(anonymous_0)
FNDA:7,(anonymous_1)
FNDA:7,(anonymous_2)
FNDA:15,(anonymous_3)
FNDA:1,(anonymous_4)
FNDA:999,(anonymous_5)
FNDA:1,(anonymous_6)
FNDA:66,(anonymous_7)
FNDA:15,(anonymous_8)
FNDA:2,(anonymous_9)
FNDA:1,(anonymous_10)
FNDA:30,(anonymous_11)
FNDA:62,(anonymous_12)
FNDA:1,(anonymous_13)
FNDA:61,(anonymous_14)
FNDA:30,(anonymous_15)
FNDA:63,(anonymous_16)
FNDA:70,(anonymous_17)
FNDA:63,(anonymous_18)
FNDA:6,getUnitMatrix
DA:17,248
DA:18,248
DA:19,248
DA:23,7
DA:27,7
DA:31,15
DA:32,1
DA:34,14
DA:35,33
DA:36,89
DA:37,1
DA:41,13
DA:49,1
DA:50,1
DA:51,3
DA:52,3
DA:53,9
DA:56,1
DA:66,999
DA:75,1
DA:76,1
DA:77,3
DA:78,3
DA:79,9
DA:82,1
DA:104,66
DA:105,62
DA:106,4
DA:107,2
DA:108,2
DA:109,1
DA:111,1
DA:123,15
DA:124,15
DA:125,15
DA:126,15
DA:127,15
DA:128,7
DA:129,7
DA:133,15
DA:146,2
DA:147,1
DA:149,1
DA:150,1
DA:151,3
DA:152,3
DA:153,9
DA:154,9
DA:155,27
DA:157,9
DA:160,1
DA:169,1
DA:171,1
DA:172,3
DA:173,3
DA:174,9
DA:178,1
DA:189,30
DA:190,30
DA:191,30
DA:192,30
DA:201,62
DA:202,62
DA:212,1
DA:213,1
DA:214,3
DA:216,1
DA:227,61
DA:228,171
DA:233,61
DA:261,30
DA:262,84
DA:264,30
DA:274,63
DA:275,63
DA:276,67
DA:277,67
DA:278,188
DA:281,63
DA:292,70
DA:293,42
DA:296,28
DA:297,28
DA:298,28
DA:299,63
DA:300,63
DA:301,63
DA:302,63
DA:303,63
DA:308,28
DA:320,63
DA:321,63
DA:322,147
DA:323,63
DA:325,84
DA:326,84
DA:327,210
DA:328,84
DA:330,126
DA:333,63
DA:365,6
DA:366,6
DA:367,18
DA:368,18
DA:369,54
DA:370,18
DA:372,36
DA:376,6
LF:108
LH:108
BRDA:23,0,0,7
BRDA:23,0,1,7
BRDA:31,1,0,1
BRDA:31,1,1,14
BRDA:31,2,0,15
BRDA:31,2,1,14
BRDA:36,3,0,1
BRDA:36,3,1,88
BRDA:104,4,0,62
BRDA:104,4,1,4
BRDA:106,5,0,2
BRDA:106,5,1,2
BRDA:108,6,0,1
BRDA:108,6,1,1
BRDA:127,7,0,7
BRDA:127,7,1,8
BRDA:146,8,0,1
BRDA:146,8,1,1
BRDA:146,9,0,2
BRDA:146,9,1,1
BRDA:292,10,0,42
BRDA:292,10,1,28
BRDA:292,11,0,70
BRDA:292,11,1,42
BRDA:299,12,0,35
BRDA:299,12,1,28
BRDA:322,13,0,63
BRDA:322,13,1,84
BRDA:327,14,0,84
BRDA:327,14,1,126
BRDA:369,15,0,18
BRDA:369,15,1,36
BRF:32
BRH:32
end_of_record
TN:
SF:src\js\table.js
FN:13,(anonymous_0)
FN:33,(anonymous_1)
FN:34,(anonymous_2)
FN:35,(anonymous_3)
FN:36,(anonymous_4)
FN:39,(anonymous_5)
FN:60,(anonymous_6)
FN:79,(anonymous_7)
FN:98,(anonymous_8)
FN:118,(anonymous_9)
FN:141,(anonymous_10)
FN:158,(anonymous_11)
FN:172,(anonymous_12)
FN:188,(anonymous_13)
FN:212,(anonymous_14)
FN:224,(anonymous_15)
FN:247,(anonymous_16)
FN:261,(anonymous_17)
FN:274,(anonymous_18)
FN:289,(anonymous_19)
FN:312,addKeyDownListener
FN:313,(anonymous_21)
FN:315,(anonymous_22)
FNF:23
FNH:15
FNDA:18,(anonymous_0)
FNDA:0,(anonymous_1)
FNDA:0,(anonymous_2)
FNDA:0,(anonymous_3)
FNDA:0,(anonymous_4)
FNDA:72,(anonymous_5)
FNDA:11,(anonymous_6)
FNDA:10,(anonymous_7)
FNDA:225,(anonymous_8)
FNDA:65,(anonymous_9)
FNDA:12,(anonymous_10)
FNDA:6,(anonymous_11)
FNDA:6,(anonymous_12)
FNDA:5,(anonymous_13)
FNDA:1,(anonymous_14)
FNDA:6,(anonymous_15)
FNDA:1,(anonymous_16)
FNDA:0,(anonymous_17)
FNDA:2,(anonymous_18)
FNDA:1,(anonymous_19)
FNDA:0,addKeyDownListener
FNDA:0,(anonymous_21)
FNDA:0,(anonymous_22)
DA:14,18
DA:15,18
DA:16,18
DA:17,18
DA:18,18
DA:20,18
DA:21,18
DA:22,18
DA:23,18
DA:24,54
DA:27,18
DA:28,18
DA:32,18
DA:33,0
DA:34,0
DA:35,0
DA:36,0
DA:39,18
DA:40,72
DA:42,72
DA:43,72
DA:44,72
DA:45,72
DA:46,72
DA:47,4
DA:49,72
DA:61,11
DA:62,1
DA:64,10
DA:65,10
DA:67,10
DA:68,5
DA:80,10
DA:81,1
DA:83,9
DA:84,10
DA:86,9
DA:87,4
DA:99,225
DA:100,225
DA:101,225
DA:102,225
DA:103,225
DA:104,225
DA:106,225
DA:107,225
DA:108,225
DA:109,225
DA:119,65
DA:120,1
DA:122,64
DA:123,64
DA:124,64
DA:126,64
DA:127,192
DA:128,192
DA:131,64
DA:132,64
DA:142,12
DA:143,1
DA:145,11
DA:146,11
DA:147,33
DA:148,33
DA:159,6
DA:160,1
DA:162,5
DA:163,5
DA:173,6
DA:174,1
DA:176,5
DA:177,5
DA:178,10
DA:190,5
DA:191,1
DA:195,5
DA:196,5
DA:198,5
DA:199,5
DA:200,13
DA:201,37
DA:202,37
DA:213,1
DA:214,3
DA:215,3
DA:225,6
DA:226,0
DA:228,6
DA:229,6
DA:230,15
DA:231,15
DA:232,41
DA:233,41
DA:234,41
DA:235,41
DA:237,15
DA:239,6
DA:240,6
DA:248,1
DA:249,1
DA:250,3
DA:251,9
DA:252,9
DA:262,0
DA:263,0
DA:264,0
DA:265,0
DA:266,0
DA:275,2
DA:276,2
DA:277,6
DA:278,18
DA:279,18
DA:280,18
DA:281,18
DA:290,1
DA:291,1
DA:292,1
DA:294,0
DA:295,0
DA:296,0
DA:297,0
DA:298,0
DA:299,0
DA:313,0
DA:315,0
DA:316,0
DA:317,0
DA:318,0
DA:319,0
DA:320,0
DA:322,0
DA:323,0
DA:324,0
DA:325,0
DA:326,0
DA:329,0
DA:330,0
DA:331,0
DA:332,0
DA:333,0
DA:334,0
DA:335,0
DA:336,0
DA:337,0
DA:342,0
DA:343,0
DA:344,0
DA:349,0
DA:350,0
DA:351,0
DA:356,0
DA:357,0
DA:358,0
DA:363,0
DA:364,0
DA:366,0
DA:368,0
DA:369,0
DA:370,0
LF:160
LH:108
BRDA:13,0,0,17
BRDA:20,1,0,18
BRDA:20,1,1,18
BRDA:46,2,0,4
BRDA:46,2,1,68
BRDA:60,3,0,6
BRDA:61,4,0,1
BRDA:61,4,1,10
BRDA:61,5,0,11
BRDA:61,5,1,9
BRDA:61,5,2,2
BRDA:79,6,0,5
BRDA:80,7,0,1
BRDA:80,7,1,9
BRDA:80,8,0,10
BRDA:80,8,1,8
BRDA:80,8,2,2
BRDA:118,9,0,55
BRDA:119,10,0,1
BRDA:119,10,1,64
BRDA:119,11,0,65
BRDA:119,11,1,1
BRDA:141,12,0,2
BRDA:142,13,0,1
BRDA:142,13,1,11
BRDA:142,14,0,12
BRDA:142,14,1,1
BRDA:158,15,0,1
BRDA:159,16,0,1
BRDA:159,16,1,5
BRDA:159,17,0,6
BRDA:159,17,1,2
BRDA:172,18,0,2
BRDA:173,19,0,1
BRDA:173,19,1,5
BRDA:173,20,0,6
BRDA:173,20,1,2
BRDA:190,21,0,1
BRDA:190,21,1,4
BRDA:225,22,0,0
BRDA:225,22,1,6
BRDA:290,23,0,1
BRDA:290,23,1,0
BRDA:312,24,0,0
BRDA:322,25,0,0
BRDA:322,25,1,0
BRDA:329,26,0,0
BRDA:329,26,1,0
BRDA:329,27,0,0
BRDA:329,27,1,0
BRDA:331,28,0,0
BRDA:331,28,1,0
BRDA:331,29,0,0
BRDA:331,29,1,0
BRDA:333,30,0,0
BRDA:333,30,1,0
BRDA:333,31,0,0
BRDA:333,31,1,0
BRDA:335,32,0,0
BRDA:335,32,1,0
BRDA:335,33,0,0
BRDA:335,33,1,0
BRDA:337,34,0,0
BRDA:337,34,1,0
BRDA:338,35,0,0
BRDA:338,35,1,0
BRDA:338,35,2,0
BRDA:344,36,0,0
BRDA:344,36,1,0
BRDA:345,37,0,0
BRDA:345,37,1,0
BRDA:345,37,2,0
BRDA:351,38,0,0
BRDA:351,38,1,0
BRDA:352,39,0,0
BRDA:352,39,1,0
BRDA:352,39,2,0
BRDA:358,40,0,0
BRDA:358,40,1,0
BRDA:359,41,0,0
BRDA:359,41,1,0
BRDA:359,41,2,0
BRF:82
BRH:41
end_of_record
