TN:
SF:src\js\exceptions.js
FN:2,(anonymous_0)
FN:8,(anonymous_1)
FN:14,(anonymous_2)
FN:20,(anonymous_3)
FN:26,(anonymous_4)
FNF:5
FNH:2
FNDA:2,(anonymous_0)
FNDA:0,(anonymous_1)
FNDA:0,(anonymous_2)
FNDA:4,(anonymous_3)
FNDA:0,(anonymous_4)
DA:3,2
DA:9,0
DA:15,0
DA:21,4
DA:27,0
LF:5
LH:2
BRF:0
BRH:0
end_of_record
TN:
SF:src\js\intermediate\getElement.js
FN:7,getById
FNF:1
FNH:1
FNDA:2,getById
DA:8,2
DA:9,2
DA:10,1
DA:12,1
LF:4
LH:4
BRDA:9,0,0,1
BRDA:9,0,1,1
BRF:2
BRH:2
end_of_record
TN:
SF:src\js\logic\fraction.js
FN:18,(anonymous_0)
FN:31,(anonymous_1)
FN:40,(anonymous_2)
FN:57,(anonymous_3)
FN:71,(anonymous_4)
FN:87,(anonymous_5)
FN:91,(anonymous_6)
FN:101,(anonymous_7)
FN:114,(anonymous_8)
FN:131,(anonymous_9)
FN:147,(anonymous_10)
FN:170,(anonymous_11)
FN:179,(anonymous_12)
FN:197,(anonymous_13)
FN:216,(anonymous_14)
FN:261,stringToFraction
FNF:16
FNH:16
FNDA:1875,(anonymous_0)
FNDA:37,(anonymous_1)
FNDA:3,(anonymous_2)
FNDA:22,(anonymous_3)
FNDA:270,(anonymous_4)
FNDA:1,(anonymous_5)
FNDA:1,(anonymous_6)
FNDA:36,(anonymous_7)
FNDA:181,(anonymous_8)
FNDA:60,(anonymous_9)
FNDA:496,(anonymous_10)
FNDA:1,(anonymous_11)
FNDA:1244,(anonymous_12)
FNDA:1244,(anonymous_13)
FNDA:1,(anonymous_14)
FNDA:7,stringToFraction
DA:19,1875
DA:20,1875
DA:32,37
DA:41,3
DA:42,1
DA:45,2
DA:46,1
DA:48,1
DA:58,22
DA:59,2
DA:61,20
DA:73,270
DA:75,270
DA:76,270
DA:77,270
DA:78,270
DA:88,1
DA:92,1
DA:102,36
DA:116,181
DA:117,35
DA:119,146
DA:120,146
DA:121,146
DA:132,60
DA:149,496
DA:150,56
DA:153,440
DA:154,1
DA:156,439
DA:157,439
DA:159,439
DA:160,439
DA:161,439
DA:171,1
DA:180,1244
DA:181,1244
DA:182,1244
DA:183,2288
DA:184,2288
DA:185,2288
DA:187,1244
DA:198,1244
DA:199,1244
DA:200,1244
DA:203,1244
DA:204,166
DA:205,166
DA:208,1244
DA:217,1
DA:229,4
DA:236,4
DA:243,4
DA:264,7
DA:266,1
DA:269,6
DA:271,2
DA:272,2
DA:273,2
DA:275,2
DA:276,1
DA:278,4
DA:280,2
DA:282,2
DA:284,2
DA:285,2
DA:286,2
DA:288,2
DA:290,1
DA:291,1
DA:293,1
DA:296,4
DA:297,4
DA:298,4
LF:74
LH:74
BRDA:41,0,0,1
BRDA:41,0,1,2
BRDA:45,1,0,1
BRDA:45,1,1,1
BRDA:58,2,0,2
BRDA:58,2,1,20
BRDA:116,3,0,35
BRDA:116,3,1,146
BRDA:116,4,0,181
BRDA:116,4,1,35
BRDA:122,5,0,146
BRDA:122,5,1,91
BRDA:149,6,0,56
BRDA:149,6,1,440
BRDA:153,7,0,1
BRDA:153,7,1,439
BRDA:203,8,0,166
BRDA:203,8,1,1078
BRDA:216,9,0,1
BRDA:264,10,0,1
BRDA:264,10,1,6
BRDA:269,11,0,2
BRDA:269,11,1,4
BRDA:275,12,0,1
BRDA:275,12,1,1
BRDA:278,13,0,2
BRDA:278,13,1,2
BRDA:278,14,0,4
BRDA:278,14,1,3
BRDA:288,15,0,1
BRDA:288,15,1,1
BRF:31
BRH:31
end_of_record
TN:
SF:src\js\logic\gaussalgorithm.js
FN:10,gaussElimination
FNF:1
FNH:1
FNDA:7,gaussElimination
DA:15,7
DA:16,20
DA:19,20
DA:20,20
DA:23,20
DA:24,19
DA:25,19
DA:28,19
DA:29,55
DA:30,19
DA:32,36
DA:33,36
DA:34,36
DA:38,6
DA:39,4
DA:41,2
LF:16
LH:16
BRDA:13,0,0,3
BRDA:29,1,0,19
BRDA:29,1,1,36
BRDA:38,2,0,4
BRDA:38,2,1,2
BRF:5
BRH:5
end_of_record
TN:
SF:src\js\logic\generateExercise.js
FN:6,generateMatrix
FN:15,getRandomMatrix
FNF:2
FNH:2
FNDA:1,generateMatrix
FNDA:1,getRandomMatrix
DA:7,1
DA:8,1
DA:9,1
DA:10,1
DA:12,1
DA:16,1
DA:17,1
DA:18,3
DA:19,3
DA:20,9
DA:25,1
LF:11
LH:11
BRF:0
BRH:0
end_of_record
TN:
SF:src\js\logic\matrix.js
FN:18,(anonymous_0)
FN:24,(anonymous_1)
FN:33,(anonymous_2)
FN:43,(anonymous_3)
FN:58,(anonymous_4)
FN:70,(anonymous_5)
FN:74,(anonymous_6)
FN:95,(anonymous_7)
FN:112,(anonymous_8)
FN:121,(anonymous_9)
FN:142,(anonymous_10)
FN:157,(anonymous_11)
FN:172,(anonymous_12)
FN:186,(anonymous_13)
FN:206,(anonymous_14)
FN:229,(anonymous_15)
FN:253,(anonymous_16)
FN:273,(anonymous_17)
FN:285,(anonymous_18)
FN:296,(anonymous_19)
FN:311,(anonymous_20)
FN:345,(anonymous_21)
FN:358,(anonymous_22)
FN:376,(anonymous_23)
FN:396,(anonymous_24)
FN:413,(anonymous_25)
FN:435,(anonymous_26)
FN:469,getUnitMatrix
FNF:28
FNH:28
FNDA:298,(anonymous_0)
FNDA:3,(anonymous_1)
FNDA:3,(anonymous_2)
FNDA:7,(anonymous_3)
FNDA:3,(anonymous_4)
FNDA:3,(anonymous_5)
FNDA:15,(anonymous_6)
FNDA:4,(anonymous_7)
FNDA:1076,(anonymous_8)
FNDA:3,(anonymous_9)
FNDA:1,(anonymous_10)
FNDA:2,(anonymous_11)
FNDA:1,(anonymous_12)
FNDA:79,(anonymous_13)
FNDA:29,(anonymous_14)
FNDA:2,(anonymous_15)
FNDA:1,(anonymous_16)
FNDA:40,(anonymous_17)
FNDA:73,(anonymous_18)
FNDA:1,(anonymous_19)
FNDA:73,(anonymous_20)
FNDA:38,(anonymous_21)
FNDA:76,(anonymous_22)
FNDA:23,(anonymous_23)
FNDA:1,(anonymous_24)
FNDA:21,(anonymous_25)
FNDA:1,(anonymous_26)
FNDA:10,getUnitMatrix
DA:19,298
DA:20,298
DA:21,298
DA:25,3
DA:34,3
DA:35,0
DA:36,3
DA:37,1
DA:39,2
DA:44,7
DA:45,18
DA:46,18
DA:47,54
DA:48,43
DA:51,18
DA:52,3
DA:55,4
DA:59,3
DA:60,3
DA:61,3
DA:62,9
DA:63,9
DA:64,0
DA:67,3
DA:71,3
DA:75,15
DA:79,1
DA:81,14
DA:82,37
DA:83,103
DA:84,1
DA:88,13
DA:96,4
DA:97,4
DA:98,12
DA:99,12
DA:100,36
DA:103,4
DA:113,1076
DA:122,3
DA:126,1
DA:128,2
DA:129,2
DA:130,6
DA:131,6
DA:132,18
DA:135,2
DA:143,1
DA:144,1
DA:145,2
DA:146,2
DA:147,4
DA:150,1
DA:158,2
DA:159,2
DA:160,4
DA:161,8
DA:162,3
DA:166,2
DA:173,1
DA:174,1
DA:188,79
DA:189,75
DA:190,4
DA:191,2
DA:192,2
DA:193,1
DA:195,1
DA:207,29
DA:208,29
DA:209,29
DA:210,28
DA:211,28
DA:212,12
DA:213,12
DA:217,29
DA:230,2
DA:232,1
DA:234,1
DA:235,1
DA:236,3
DA:237,3
DA:238,9
DA:239,9
DA:240,27
DA:242,9
DA:245,1
DA:254,1
DA:256,1
DA:257,3
DA:258,3
DA:259,9
DA:263,1
DA:274,40
DA:275,40
DA:276,40
DA:277,40
DA:286,73
DA:287,73
DA:297,1
DA:298,1
DA:299,3
DA:301,1
DA:312,73
DA:313,203
DA:318,73
DA:346,38
DA:347,104
DA:349,38
DA:359,76
DA:360,76
DA:361,82
DA:362,82
DA:363,229
DA:366,76
DA:377,23
DA:378,14
DA:381,9
DA:382,9
DA:383,9
DA:384,20
DA:385,20
DA:386,20
DA:387,20
DA:388,20
DA:393,9
DA:397,1
DA:401,1
DA:402,1
DA:414,21
DA:415,21
DA:416,49
DA:417,21
DA:419,28
DA:420,28
DA:421,70
DA:422,28
DA:424,42
DA:427,21
DA:436,1
DA:437,3
DA:439,1
DA:470,10
DA:471,10
DA:472,29
DA:473,29
DA:474,85
DA:475,29
DA:477,56
DA:481,10
LF:150
LH:148
BRDA:26,0,0,3
BRDA:26,0,1,3
BRDA:26,0,2,2
BRDA:26,0,3,0
BRDA:34,1,0,0
BRDA:34,1,1,3
BRDA:36,2,0,1
BRDA:36,2,1,2
BRDA:36,3,0,3
BRDA:36,3,1,3
BRDA:47,4,0,43
BRDA:47,4,1,11
BRDA:51,5,0,3
BRDA:51,5,1,15
BRDA:63,6,0,0
BRDA:63,6,1,9
BRDA:75,7,0,1
BRDA:75,7,1,14
BRDA:76,8,0,15
BRDA:76,8,1,14
BRDA:83,9,0,1
BRDA:83,9,1,102
BRDA:122,10,0,1
BRDA:122,10,1,2
BRDA:123,11,0,3
BRDA:123,11,1,2
BRDA:161,12,0,3
BRDA:161,12,1,5
BRDA:188,13,0,75
BRDA:188,13,1,4
BRDA:190,14,0,2
BRDA:190,14,1,2
BRDA:192,15,0,1
BRDA:192,15,1,1
BRDA:211,16,0,12
BRDA:211,16,1,16
BRDA:230,17,0,1
BRDA:230,17,1,1
BRDA:377,18,0,14
BRDA:377,18,1,9
BRDA:377,19,0,23
BRDA:377,19,1,14
BRDA:384,20,0,11
BRDA:384,20,1,9
BRDA:416,21,0,21
BRDA:416,21,1,28
BRDA:421,22,0,28
BRDA:421,22,1,42
BRDA:474,23,0,29
BRDA:474,23,1,56
BRF:50
BRH:47
end_of_record
